[1.741s] Invoking command in '/home/jaime/Desktop/f1tenth/sim_ws/build/reactive_follower_pkg': CMAKE_PREFIX_PATH=${CMAKE_PREFIX_PATH}:/home/jaime/Desktop/f1tenth/sim_ws/install/f1tenth_gym_ros:/opt/ros/foxy /usr/bin/cmake --build /home/jaime/Desktop/f1tenth/sim_ws/build/reactive_follower_pkg -- -j2 -l2
[1.901s] [35m[1mScanning dependencies of target reactive_follower_node[0m
[2.256s] [ 33%] [32mBuilding CXX object CMakeFiles/reactive_follower_node.dir/src/reactive_follower_node.cpp.o[0m
[7.287s] [01m[K/home/jaime/Desktop/f1tenth/sim_ws/src/reactive_follower_pkg/src/reactive_follower_node.cpp:[m[K In member function ‘[01m[Ksize_t ReactiveFollowerNode::find_best_point(const std::vector<float>&, size_t, size_t)[m[K’:
[7.287s] [01m[K/home/jaime/Desktop/f1tenth/sim_ws/src/reactive_follower_pkg/src/reactive_follower_node.cpp:125:72:[m[K [01;35m[Kwarning: [m[Kunused parameter ‘[01m[Kranges[m[K’ [[01;35m[K-Wunused-parameter[m[K]
[7.287s]   125 | size_t ReactiveFollowerNode::find_best_point([01;35m[Kconst std::vector<float> &ranges[m[K, size_t gap_start, size_t gap_end) {
[7.287s]       |                                              [01;35m[K~~~~~~~~~~~~~~~~~~~~~~~~~~^~~~~~[m[K
[14.150s] [ 66%] [32m[1mLinking CXX executable reactive_follower_node[0m
[14.919s] [100%] Built target reactive_follower_node
[15.074s] Invoked command in '/home/jaime/Desktop/f1tenth/sim_ws/build/reactive_follower_pkg' returned '0': CMAKE_PREFIX_PATH=${CMAKE_PREFIX_PATH}:/home/jaime/Desktop/f1tenth/sim_ws/install/f1tenth_gym_ros:/opt/ros/foxy /usr/bin/cmake --build /home/jaime/Desktop/f1tenth/sim_ws/build/reactive_follower_pkg -- -j2 -l2
[15.166s] Invoking command in '/home/jaime/Desktop/f1tenth/sim_ws/build/reactive_follower_pkg': CMAKE_PREFIX_PATH=${CMAKE_PREFIX_PATH}:/home/jaime/Desktop/f1tenth/sim_ws/install/f1tenth_gym_ros:/opt/ros/foxy /usr/bin/cmake --install /home/jaime/Desktop/f1tenth/sim_ws/build/reactive_follower_pkg
[15.216s] -- Install configuration: ""
[15.226s] -- Installing: /home/jaime/Desktop/f1tenth/sim_ws/install/reactive_follower_pkg/lib/reactive_follower_pkg/reactive_follower_node
[15.232s] -- Set runtime path of "/home/jaime/Desktop/f1tenth/sim_ws/install/reactive_follower_pkg/lib/reactive_follower_pkg/reactive_follower_node" to ""
[15.233s] -- Up-to-date: /home/jaime/Desktop/f1tenth/sim_ws/install/reactive_follower_pkg/include/reactive_follower_pkg
[15.233s] -- Up-to-date: /home/jaime/Desktop/f1tenth/sim_ws/install/reactive_follower_pkg/include/reactive_follower_pkg/reactive_follower_pkg
[15.233s] -- Up-to-date: /home/jaime/Desktop/f1tenth/sim_ws/install/reactive_follower_pkg/include/reactive_follower_pkg/reactive_follower_pkg/reactive_follower_node.hpp
[15.234s] -- Up-to-date: /home/jaime/Desktop/f1tenth/sim_ws/install/reactive_follower_pkg/share/reactive_follower_pkg/
[15.234s] -- Up-to-date: /home/jaime/Desktop/f1tenth/sim_ws/install/reactive_follower_pkg/share/reactive_follower_pkg//reactive_follower.launch.py
[15.234s] -- Up-to-date: /home/jaime/Desktop/f1tenth/sim_ws/install/reactive_follower_pkg/share/reactive_follower_pkg/
[15.235s] -- Up-to-date: /home/jaime/Desktop/f1tenth/sim_ws/install/reactive_follower_pkg/share/reactive_follower_pkg//reactive_follower.yaml
[15.235s] -- Up-to-date: /home/jaime/Desktop/f1tenth/sim_ws/install/reactive_follower_pkg/share/ament_index/resource_index/package_run_dependencies/reactive_follower_pkg
[15.235s] -- Up-to-date: /home/jaime/Desktop/f1tenth/sim_ws/install/reactive_follower_pkg/share/ament_index/resource_index/parent_prefix_path/reactive_follower_pkg
[15.236s] -- Up-to-date: /home/jaime/Desktop/f1tenth/sim_ws/install/reactive_follower_pkg/share/reactive_follower_pkg/environment/ament_prefix_path.sh
[15.236s] -- Up-to-date: /home/jaime/Desktop/f1tenth/sim_ws/install/reactive_follower_pkg/share/reactive_follower_pkg/environment/ament_prefix_path.dsv
[15.236s] -- Up-to-date: /home/jaime/Desktop/f1tenth/sim_ws/install/reactive_follower_pkg/share/reactive_follower_pkg/environment/path.sh
[15.237s] -- Up-to-date: /home/jaime/Desktop/f1tenth/sim_ws/install/reactive_follower_pkg/share/reactive_follower_pkg/environment/path.dsv
[15.237s] -- Up-to-date: /home/jaime/Desktop/f1tenth/sim_ws/install/reactive_follower_pkg/share/reactive_follower_pkg/local_setup.bash
[15.238s] -- Up-to-date: /home/jaime/Desktop/f1tenth/sim_ws/install/reactive_follower_pkg/share/reactive_follower_pkg/local_setup.sh
[15.238s] -- Up-to-date: /home/jaime/Desktop/f1tenth/sim_ws/install/reactive_follower_pkg/share/reactive_follower_pkg/local_setup.zsh
[15.238s] -- Up-to-date: /home/jaime/Desktop/f1tenth/sim_ws/install/reactive_follower_pkg/share/reactive_follower_pkg/local_setup.dsv
[15.239s] -- Installing: /home/jaime/Desktop/f1tenth/sim_ws/install/reactive_follower_pkg/share/reactive_follower_pkg/package.dsv
[15.239s] -- Up-to-date: /home/jaime/Desktop/f1tenth/sim_ws/install/reactive_follower_pkg/share/ament_index/resource_index/packages/reactive_follower_pkg
[15.240s] -- Up-to-date: /home/jaime/Desktop/f1tenth/sim_ws/install/reactive_follower_pkg/share/reactive_follower_pkg/cmake/reactive_follower_pkgConfig.cmake
[15.240s] -- Up-to-date: /home/jaime/Desktop/f1tenth/sim_ws/install/reactive_follower_pkg/share/reactive_follower_pkg/cmake/reactive_follower_pkgConfig-version.cmake
[15.240s] -- Up-to-date: /home/jaime/Desktop/f1tenth/sim_ws/install/reactive_follower_pkg/share/reactive_follower_pkg/package.xml
[15.256s] Invoked command in '/home/jaime/Desktop/f1tenth/sim_ws/build/reactive_follower_pkg' returned '0': CMAKE_PREFIX_PATH=${CMAKE_PREFIX_PATH}:/home/jaime/Desktop/f1tenth/sim_ws/install/f1tenth_gym_ros:/opt/ros/foxy /usr/bin/cmake --install /home/jaime/Desktop/f1tenth/sim_ws/build/reactive_follower_pkg
