[0.426s] DEBUG:colcon:Command line arguments: ['/usr/bin/colcon', 'build']
[0.426s] DEBUG:colcon:Parsed command line arguments: Namespace(allow_overriding=[], ament_cmake_args=None, base_paths=['.'], build_base='build', catkin_cmake_args=None, catkin_skip_building_tests=False, cmake_args=None, cmake_clean_cache=False, cmake_clean_first=False, cmake_force_configure=False, cmake_target=None, cmake_target_skip_unavailable=False, continue_on_error=False, event_handlers=None, executor='parallel', ignore_user_meta=False, install_base='install', log_base=None, log_level=None, main=<bound method BuildVerb.main of <colcon_core.verb.build.BuildVerb object at 0x7fe46365bdc0>>, merge_install=False, metas=['./colcon.meta'], mixin=None, mixin_files=None, mixin_verb=('build',), packages_above=None, packages_above_and_dependencies=None, packages_above_depth=None, packages_end=None, packages_ignore=None, packages_ignore_regex=None, packages_select=None, packages_select_build_failed=False, packages_select_by_dep=None, packages_select_regex=None, packages_select_test_failures=False, packages_skip=None, packages_skip_build_finished=False, packages_skip_by_dep=None, packages_skip_regex=None, packages_skip_test_passed=False, packages_skip_up_to=None, packages_start=None, packages_up_to=None, packages_up_to_regex=None, parallel_workers=2, paths=None, symlink_install=False, test_result_base=None, verb_extension=<colcon_core.verb.build.BuildVerb object at 0x7fe46365bdc0>, verb_name='build', verb_parser=<colcon_mixin.mixin.mixin_argument.MixinArgumentDecorator object at 0x7fe46366c3d0>)
[0.834s] Level 1:colcon.colcon_core.package_discovery:discover_packages(colcon_meta) check parameters
[0.835s] Level 1:colcon.colcon_core.package_discovery:discover_packages(recursive) check parameters
[0.840s] Level 1:colcon.colcon_core.package_discovery:discover_packages(ignore) check parameters
[0.840s] Level 1:colcon.colcon_core.package_discovery:discover_packages(path) check parameters
[0.840s] Level 1:colcon.colcon_core.package_discovery:discover_packages(colcon_meta) discover
[0.840s] Level 1:colcon.colcon_core.package_discovery:discover_packages(recursive) discover
[0.840s] INFO:colcon.colcon_core.package_discovery:Crawling recursively for packages in '/home/jaime/Desktop/f1tenth/sim_ws'
[0.841s] Level 1:colcon.colcon_core.package_identification:_identify(.) by extensions ['ignore', 'ignore_ament_install']
[0.841s] Level 1:colcon.colcon_core.package_identification:_identify(.) by extension 'ignore'
[0.841s] Level 1:colcon.colcon_core.package_identification:_identify(.) by extension 'ignore_ament_install'
[0.841s] Level 1:colcon.colcon_core.package_identification:_identify(.) by extensions ['colcon_pkg']
[0.845s] Level 1:colcon.colcon_core.package_identification:_identify(.) by extension 'colcon_pkg'
[0.846s] Level 1:colcon.colcon_core.package_identification:_identify(.) by extensions ['colcon_meta']
[0.846s] Level 1:colcon.colcon_core.package_identification:_identify(.) by extension 'colcon_meta'
[0.846s] Level 1:colcon.colcon_core.package_identification:_identify(.) by extensions ['ros']
[0.846s] Level 1:colcon.colcon_core.package_identification:_identify(.) by extension 'ros'
[0.912s] Level 1:colcon.colcon_core.package_identification:_identify(.) by extensions ['cmake', 'python']
[0.914s] Level 1:colcon.colcon_core.package_identification:_identify(.) by extension 'cmake'
[0.914s] Level 1:colcon.colcon_core.package_identification:_identify(.) by extension 'python'
[0.915s] Level 1:colcon.colcon_core.package_identification:_identify(.) by extensions ['python_setup_py']
[0.915s] Level 1:colcon.colcon_core.package_identification:_identify(.) by extension 'python_setup_py'
[0.916s] Level 1:colcon.colcon_core.package_identification:_identify(build) by extensions ['ignore', 'ignore_ament_install']
[0.916s] Level 1:colcon.colcon_core.package_identification:_identify(build) by extension 'ignore'
[0.916s] Level 1:colcon.colcon_core.package_identification:_identify(build) ignored
[0.917s] Level 1:colcon.colcon_core.package_identification:_identify(install) by extensions ['ignore', 'ignore_ament_install']
[0.917s] Level 1:colcon.colcon_core.package_identification:_identify(install) by extension 'ignore'
[0.917s] Level 1:colcon.colcon_core.package_identification:_identify(install) ignored
[0.917s] Level 1:colcon.colcon_core.package_identification:_identify(log) by extensions ['ignore', 'ignore_ament_install']
[0.917s] Level 1:colcon.colcon_core.package_identification:_identify(log) by extension 'ignore'
[0.917s] Level 1:colcon.colcon_core.package_identification:_identify(log) ignored
[0.918s] Level 1:colcon.colcon_core.package_identification:_identify(src) by extensions ['ignore', 'ignore_ament_install']
[0.918s] Level 1:colcon.colcon_core.package_identification:_identify(src) by extension 'ignore'
[0.918s] Level 1:colcon.colcon_core.package_identification:_identify(src) by extension 'ignore_ament_install'
[0.918s] Level 1:colcon.colcon_core.package_identification:_identify(src) by extensions ['colcon_pkg']
[0.918s] Level 1:colcon.colcon_core.package_identification:_identify(src) by extension 'colcon_pkg'
[0.919s] Level 1:colcon.colcon_core.package_identification:_identify(src) by extensions ['colcon_meta']
[0.919s] Level 1:colcon.colcon_core.package_identification:_identify(src) by extension 'colcon_meta'
[0.919s] Level 1:colcon.colcon_core.package_identification:_identify(src) by extensions ['ros']
[0.919s] Level 1:colcon.colcon_core.package_identification:_identify(src) by extension 'ros'
[0.919s] Level 1:colcon.colcon_core.package_identification:_identify(src) by extensions ['cmake', 'python']
[0.919s] Level 1:colcon.colcon_core.package_identification:_identify(src) by extension 'cmake'
[0.919s] Level 1:colcon.colcon_core.package_identification:_identify(src) by extension 'python'
[0.920s] Level 1:colcon.colcon_core.package_identification:_identify(src) by extensions ['python_setup_py']
[0.920s] Level 1:colcon.colcon_core.package_identification:_identify(src) by extension 'python_setup_py'
[0.920s] Level 1:colcon.colcon_core.package_identification:_identify(src/f1tenth_gym_ros) by extensions ['ignore', 'ignore_ament_install']
[0.920s] Level 1:colcon.colcon_core.package_identification:_identify(src/f1tenth_gym_ros) by extension 'ignore'
[0.920s] Level 1:colcon.colcon_core.package_identification:_identify(src/f1tenth_gym_ros) by extension 'ignore_ament_install'
[0.920s] Level 1:colcon.colcon_core.package_identification:_identify(src/f1tenth_gym_ros) by extensions ['colcon_pkg']
[0.920s] Level 1:colcon.colcon_core.package_identification:_identify(src/f1tenth_gym_ros) by extension 'colcon_pkg'
[0.921s] Level 1:colcon.colcon_core.package_identification:_identify(src/f1tenth_gym_ros) by extensions ['colcon_meta']
[0.921s] Level 1:colcon.colcon_core.package_identification:_identify(src/f1tenth_gym_ros) by extension 'colcon_meta'
[0.921s] Level 1:colcon.colcon_core.package_identification:_identify(src/f1tenth_gym_ros) by extensions ['ros']
[0.922s] Level 1:colcon.colcon_core.package_identification:_identify(src/f1tenth_gym_ros) by extension 'ros'
[0.944s] DEBUG:colcon.colcon_core.package_identification:Package 'src/f1tenth_gym_ros' with type 'ros.ament_python' and name 'f1tenth_gym_ros'
[0.944s] Level 1:colcon.colcon_core.package_identification:_identify(src/reactive_follower_pkg) by extensions ['ignore', 'ignore_ament_install']
[0.945s] Level 1:colcon.colcon_core.package_identification:_identify(src/reactive_follower_pkg) by extension 'ignore'
[0.946s] Level 1:colcon.colcon_core.package_identification:_identify(src/reactive_follower_pkg) by extension 'ignore_ament_install'
[0.946s] Level 1:colcon.colcon_core.package_identification:_identify(src/reactive_follower_pkg) by extensions ['colcon_pkg']
[0.946s] Level 1:colcon.colcon_core.package_identification:_identify(src/reactive_follower_pkg) by extension 'colcon_pkg'
[0.946s] Level 1:colcon.colcon_core.package_identification:_identify(src/reactive_follower_pkg) by extensions ['colcon_meta']
[0.946s] Level 1:colcon.colcon_core.package_identification:_identify(src/reactive_follower_pkg) by extension 'colcon_meta'
[0.946s] Level 1:colcon.colcon_core.package_identification:_identify(src/reactive_follower_pkg) by extensions ['ros']
[0.946s] Level 1:colcon.colcon_core.package_identification:_identify(src/reactive_follower_pkg) by extension 'ros'
[0.947s] DEBUG:colcon.colcon_core.package_identification:Package 'src/reactive_follower_pkg' with type 'ros.ament_cmake' and name 'reactive_follower_pkg'
[0.948s] Level 1:colcon.colcon_core.package_discovery:discover_packages(recursive) using defaults
[0.948s] Level 1:colcon.colcon_core.package_discovery:discover_packages(ignore) discover
[0.948s] Level 1:colcon.colcon_core.package_discovery:discover_packages(ignore) using defaults
[0.948s] Level 1:colcon.colcon_core.package_discovery:discover_packages(path) discover
[0.948s] Level 1:colcon.colcon_core.package_discovery:discover_packages(path) using defaults
[0.971s] Level 1:colcon.colcon_core.package_discovery:discover_packages(prefix_path) check parameters
[0.972s] Level 1:colcon.colcon_core.package_discovery:discover_packages(prefix_path) discover
[0.981s] DEBUG:colcon.colcon_installed_package_information.package_discovery:Found 2 installed packages in /home/jaime/Desktop/f1tenth/sim_ws/install
[0.984s] DEBUG:colcon.colcon_installed_package_information.package_discovery:Found 289 installed packages in /opt/ros/foxy
[1.050s] Level 1:colcon.colcon_core.package_discovery:discover_packages(prefix_path) using defaults
[1.526s] Level 5:colcon.colcon_core.verb:set package 'f1tenth_gym_ros' build argument 'cmake_args' from command line to 'None'
[1.527s] Level 5:colcon.colcon_core.verb:set package 'f1tenth_gym_ros' build argument 'cmake_target' from command line to 'None'
[1.527s] Level 5:colcon.colcon_core.verb:set package 'f1tenth_gym_ros' build argument 'cmake_target_skip_unavailable' from command line to 'False'
[1.527s] Level 5:colcon.colcon_core.verb:set package 'f1tenth_gym_ros' build argument 'cmake_clean_cache' from command line to 'False'
[1.527s] Level 5:colcon.colcon_core.verb:set package 'f1tenth_gym_ros' build argument 'cmake_clean_first' from command line to 'False'
[1.527s] Level 5:colcon.colcon_core.verb:set package 'f1tenth_gym_ros' build argument 'cmake_force_configure' from command line to 'False'
[1.527s] Level 5:colcon.colcon_core.verb:set package 'f1tenth_gym_ros' build argument 'ament_cmake_args' from command line to 'None'
[1.527s] Level 5:colcon.colcon_core.verb:set package 'f1tenth_gym_ros' build argument 'catkin_cmake_args' from command line to 'None'
[1.527s] Level 5:colcon.colcon_core.verb:set package 'f1tenth_gym_ros' build argument 'catkin_skip_building_tests' from command line to 'False'
[1.527s] DEBUG:colcon.colcon_core.verb:Building package 'f1tenth_gym_ros' with the following arguments: {'ament_cmake_args': None, 'build_base': '/home/jaime/Desktop/f1tenth/sim_ws/build/f1tenth_gym_ros', 'catkin_cmake_args': None, 'catkin_skip_building_tests': False, 'cmake_args': None, 'cmake_clean_cache': False, 'cmake_clean_first': False, 'cmake_force_configure': False, 'cmake_target': None, 'cmake_target_skip_unavailable': False, 'install_base': '/home/jaime/Desktop/f1tenth/sim_ws/install/f1tenth_gym_ros', 'merge_install': False, 'path': '/home/jaime/Desktop/f1tenth/sim_ws/src/f1tenth_gym_ros', 'symlink_install': False, 'test_result_base': None}
[1.528s] Level 5:colcon.colcon_core.verb:set package 'reactive_follower_pkg' build argument 'cmake_args' from command line to 'None'
[1.529s] Level 5:colcon.colcon_core.verb:set package 'reactive_follower_pkg' build argument 'cmake_target' from command line to 'None'
[1.529s] Level 5:colcon.colcon_core.verb:set package 'reactive_follower_pkg' build argument 'cmake_target_skip_unavailable' from command line to 'False'
[1.529s] Level 5:colcon.colcon_core.verb:set package 'reactive_follower_pkg' build argument 'cmake_clean_cache' from command line to 'False'
[1.529s] Level 5:colcon.colcon_core.verb:set package 'reactive_follower_pkg' build argument 'cmake_clean_first' from command line to 'False'
[1.529s] Level 5:colcon.colcon_core.verb:set package 'reactive_follower_pkg' build argument 'cmake_force_configure' from command line to 'False'
[1.529s] Level 5:colcon.colcon_core.verb:set package 'reactive_follower_pkg' build argument 'ament_cmake_args' from command line to 'None'
[1.529s] Level 5:colcon.colcon_core.verb:set package 'reactive_follower_pkg' build argument 'catkin_cmake_args' from command line to 'None'
[1.529s] Level 5:colcon.colcon_core.verb:set package 'reactive_follower_pkg' build argument 'catkin_skip_building_tests' from command line to 'False'
[1.529s] DEBUG:colcon.colcon_core.verb:Building package 'reactive_follower_pkg' with the following arguments: {'ament_cmake_args': None, 'build_base': '/home/jaime/Desktop/f1tenth/sim_ws/build/reactive_follower_pkg', 'catkin_cmake_args': None, 'catkin_skip_building_tests': False, 'cmake_args': None, 'cmake_clean_cache': False, 'cmake_clean_first': False, 'cmake_force_configure': False, 'cmake_target': None, 'cmake_target_skip_unavailable': False, 'install_base': '/home/jaime/Desktop/f1tenth/sim_ws/install/reactive_follower_pkg', 'merge_install': False, 'path': '/home/jaime/Desktop/f1tenth/sim_ws/src/reactive_follower_pkg', 'symlink_install': False, 'test_result_base': None}
[1.530s] INFO:colcon.colcon_core.executor:Executing jobs using 'parallel' executor
[1.551s] DEBUG:colcon.colcon_parallel_executor.executor.parallel:run_until_complete
[1.551s] INFO:colcon.colcon_ros.task.ament_python.build:Building ROS package in '/home/jaime/Desktop/f1tenth/sim_ws/src/f1tenth_gym_ros' with build type 'ament_python'
[1.552s] Level 1:colcon.colcon_core.shell:create_environment_hook('f1tenth_gym_ros', 'ament_prefix_path')
[1.558s] INFO:colcon.colcon_core.plugin_system:Skipping extension 'colcon_core.shell.bat': Not used on non-Windows systems
[1.559s] INFO:colcon.colcon_core.shell:Creating environment hook '/home/jaime/Desktop/f1tenth/sim_ws/install/f1tenth_gym_ros/share/f1tenth_gym_ros/hook/ament_prefix_path.ps1'
[1.579s] INFO:colcon.colcon_core.shell:Creating environment descriptor '/home/jaime/Desktop/f1tenth/sim_ws/install/f1tenth_gym_ros/share/f1tenth_gym_ros/hook/ament_prefix_path.dsv'
[1.580s] INFO:colcon.colcon_core.shell:Creating environment hook '/home/jaime/Desktop/f1tenth/sim_ws/install/f1tenth_gym_ros/share/f1tenth_gym_ros/hook/ament_prefix_path.sh'
[1.631s] INFO:colcon.colcon_core.shell:Skip shell extension 'powershell' for command environment: Not usable outside of PowerShell
[1.632s] DEBUG:colcon.colcon_core.shell:Skip shell extension 'dsv' for command environment
[1.683s] INFO:colcon.colcon_ros.task.ament_cmake.build:Building ROS package in '/home/jaime/Desktop/f1tenth/sim_ws/src/reactive_follower_pkg' with build type 'ament_cmake'
[1.684s] INFO:colcon.colcon_cmake.task.cmake.build:Building CMake package in '/home/jaime/Desktop/f1tenth/sim_ws/src/reactive_follower_pkg'
[1.685s] INFO:colcon.colcon_core.shell:Skip shell extension 'powershell' for command environment: Not usable outside of PowerShell
[1.687s] DEBUG:colcon.colcon_core.shell:Skip shell extension 'dsv' for command environment
[2.333s] INFO:colcon.colcon_core.task.python.build:Building Python package in '/home/jaime/Desktop/f1tenth/sim_ws/src/f1tenth_gym_ros'
[2.334s] INFO:colcon.colcon_core.shell:Skip shell extension 'powershell' for command environment: Not usable outside of PowerShell
[2.334s] DEBUG:colcon.colcon_core.shell:Skip shell extension 'dsv' for command environment
[2.423s] DEBUG:colcon.colcon_core.event_handler.log_command:Invoking command in '/home/jaime/Desktop/f1tenth/sim_ws/build/reactive_follower_pkg': CMAKE_PREFIX_PATH=${CMAKE_PREFIX_PATH}:/home/jaime/Desktop/f1tenth/sim_ws/install/f1tenth_gym_ros:/opt/ros/foxy /usr/bin/cmake --build /home/jaime/Desktop/f1tenth/sim_ws/build/reactive_follower_pkg -- -j2 -l2
[4.063s] DEBUG:colcon.colcon_core.event_handler.log_command:Invoking command in '/home/jaime/Desktop/f1tenth/sim_ws/src/f1tenth_gym_ros': PYTHONPATH=/home/jaime/Desktop/f1tenth/sim_ws/build/f1tenth_gym_ros/prefix_override:/usr/lib/python3/dist-packages/colcon_core/task/python/colcon_distutils_commands:/home/jaime/Desktop/f1tenth/sim_ws/install/f1tenth_gym_ros/lib/python3.8/site-packages:${PYTHONPATH} /usr/bin/python3 -W ignore:setup.py install is deprecated -W ignore:easy_install command is deprecated setup.py egg_info --egg-base ../../build/f1tenth_gym_ros build --build-base /home/jaime/Desktop/f1tenth/sim_ws/build/f1tenth_gym_ros/build install --record /home/jaime/Desktop/f1tenth/sim_ws/build/f1tenth_gym_ros/install.log --single-version-externally-managed install_data
[4.905s] Level 1:colcon.colcon_core.environment:checking '/home/jaime/Desktop/f1tenth/sim_ws/install/f1tenth_gym_ros' for CMake module files
[4.905s] DEBUG:colcon.colcon_core.event_handler.log_command:Invoked command in '/home/jaime/Desktop/f1tenth/sim_ws/src/f1tenth_gym_ros' returned '0': PYTHONPATH=/home/jaime/Desktop/f1tenth/sim_ws/build/f1tenth_gym_ros/prefix_override:/usr/lib/python3/dist-packages/colcon_core/task/python/colcon_distutils_commands:/home/jaime/Desktop/f1tenth/sim_ws/install/f1tenth_gym_ros/lib/python3.8/site-packages:${PYTHONPATH} /usr/bin/python3 -W ignore:setup.py install is deprecated -W ignore:easy_install command is deprecated setup.py egg_info --egg-base ../../build/f1tenth_gym_ros build --build-base /home/jaime/Desktop/f1tenth/sim_ws/build/f1tenth_gym_ros/build install --record /home/jaime/Desktop/f1tenth/sim_ws/build/f1tenth_gym_ros/install.log --single-version-externally-managed install_data
[4.906s] Level 1:colcon.colcon_core.environment:checking '/home/jaime/Desktop/f1tenth/sim_ws/install/f1tenth_gym_ros' for CMake config files
[4.911s] Level 1:colcon.colcon_core.environment:checking '/home/jaime/Desktop/f1tenth/sim_ws/install/f1tenth_gym_ros/lib'
[4.913s] Level 1:colcon.colcon_core.environment:checking '/home/jaime/Desktop/f1tenth/sim_ws/install/f1tenth_gym_ros/bin'
[4.915s] Level 1:colcon.colcon_core.environment:checking '/home/jaime/Desktop/f1tenth/sim_ws/install/f1tenth_gym_ros/lib/pkgconfig/f1tenth_gym_ros.pc'
[4.916s] Level 1:colcon.colcon_core.environment:checking '/home/jaime/Desktop/f1tenth/sim_ws/install/f1tenth_gym_ros/lib/python3.8/site-packages'
[4.916s] Level 1:colcon.colcon_core.shell:create_environment_hook('f1tenth_gym_ros', 'pythonpath')
[4.916s] INFO:colcon.colcon_core.shell:Creating environment hook '/home/jaime/Desktop/f1tenth/sim_ws/install/f1tenth_gym_ros/share/f1tenth_gym_ros/hook/pythonpath.ps1'
[4.926s] INFO:colcon.colcon_core.shell:Creating environment descriptor '/home/jaime/Desktop/f1tenth/sim_ws/install/f1tenth_gym_ros/share/f1tenth_gym_ros/hook/pythonpath.dsv'
[4.928s] INFO:colcon.colcon_core.shell:Creating environment hook '/home/jaime/Desktop/f1tenth/sim_ws/install/f1tenth_gym_ros/share/f1tenth_gym_ros/hook/pythonpath.sh'
[4.930s] Level 1:colcon.colcon_core.environment:checking '/home/jaime/Desktop/f1tenth/sim_ws/install/f1tenth_gym_ros/bin'
[4.931s] Level 1:colcon.colcon_core.environment:create_environment_scripts_only(f1tenth_gym_ros)
[4.936s] INFO:colcon.colcon_core.shell:Creating package script '/home/jaime/Desktop/f1tenth/sim_ws/install/f1tenth_gym_ros/share/f1tenth_gym_ros/package.ps1'
[4.939s] INFO:colcon.colcon_core.shell:Creating package descriptor '/home/jaime/Desktop/f1tenth/sim_ws/install/f1tenth_gym_ros/share/f1tenth_gym_ros/package.dsv'
[4.945s] INFO:colcon.colcon_core.shell:Creating package script '/home/jaime/Desktop/f1tenth/sim_ws/install/f1tenth_gym_ros/share/f1tenth_gym_ros/package.sh'
[4.954s] INFO:colcon.colcon_core.shell:Creating package script '/home/jaime/Desktop/f1tenth/sim_ws/install/f1tenth_gym_ros/share/f1tenth_gym_ros/package.bash'
[4.975s] INFO:colcon.colcon_core.shell:Creating package script '/home/jaime/Desktop/f1tenth/sim_ws/install/f1tenth_gym_ros/share/f1tenth_gym_ros/package.zsh'
[4.982s] Level 1:colcon.colcon_core.environment:create_file_with_runtime_dependencies(/home/jaime/Desktop/f1tenth/sim_ws/install/f1tenth_gym_ros/share/colcon-core/packages/f1tenth_gym_ros)
[16.216s] DEBUG:colcon.colcon_core.event_handler.log_command:Invoked command in '/home/jaime/Desktop/f1tenth/sim_ws/build/reactive_follower_pkg' returned '0': CMAKE_PREFIX_PATH=${CMAKE_PREFIX_PATH}:/home/jaime/Desktop/f1tenth/sim_ws/install/f1tenth_gym_ros:/opt/ros/foxy /usr/bin/cmake --build /home/jaime/Desktop/f1tenth/sim_ws/build/reactive_follower_pkg -- -j2 -l2
[16.290s] DEBUG:colcon.colcon_core.event_handler.log_command:Invoking command in '/home/jaime/Desktop/f1tenth/sim_ws/build/reactive_follower_pkg': CMAKE_PREFIX_PATH=${CMAKE_PREFIX_PATH}:/home/jaime/Desktop/f1tenth/sim_ws/install/f1tenth_gym_ros:/opt/ros/foxy /usr/bin/cmake --install /home/jaime/Desktop/f1tenth/sim_ws/build/reactive_follower_pkg
[16.404s] Level 1:colcon.colcon_core.environment:create_environment_scripts_only(reactive_follower_pkg)
[16.405s] Level 1:colcon.colcon_core.environment:checking '/home/jaime/Desktop/f1tenth/sim_ws/install/reactive_follower_pkg' for CMake module files
[16.405s] Level 1:colcon.colcon_core.environment:checking '/home/jaime/Desktop/f1tenth/sim_ws/install/reactive_follower_pkg' for CMake config files
[16.406s] Level 1:colcon.colcon_core.shell:create_environment_hook('reactive_follower_pkg', 'cmake_prefix_path')
[16.406s] INFO:colcon.colcon_core.shell:Creating environment hook '/home/jaime/Desktop/f1tenth/sim_ws/install/reactive_follower_pkg/share/reactive_follower_pkg/hook/cmake_prefix_path.ps1'
[16.408s] INFO:colcon.colcon_core.shell:Creating environment descriptor '/home/jaime/Desktop/f1tenth/sim_ws/install/reactive_follower_pkg/share/reactive_follower_pkg/hook/cmake_prefix_path.dsv'
[16.409s] DEBUG:colcon.colcon_core.event_handler.log_command:Invoked command in '/home/jaime/Desktop/f1tenth/sim_ws/build/reactive_follower_pkg' returned '0': CMAKE_PREFIX_PATH=${CMAKE_PREFIX_PATH}:/home/jaime/Desktop/f1tenth/sim_ws/install/f1tenth_gym_ros:/opt/ros/foxy /usr/bin/cmake --install /home/jaime/Desktop/f1tenth/sim_ws/build/reactive_follower_pkg
[16.413s] INFO:colcon.colcon_core.shell:Creating environment hook '/home/jaime/Desktop/f1tenth/sim_ws/install/reactive_follower_pkg/share/reactive_follower_pkg/hook/cmake_prefix_path.sh'
[16.419s] Level 1:colcon.colcon_core.environment:checking '/home/jaime/Desktop/f1tenth/sim_ws/install/reactive_follower_pkg/lib'
[16.420s] Level 1:colcon.colcon_core.environment:checking '/home/jaime/Desktop/f1tenth/sim_ws/install/reactive_follower_pkg/bin'
[16.420s] Level 1:colcon.colcon_core.environment:checking '/home/jaime/Desktop/f1tenth/sim_ws/install/reactive_follower_pkg/lib/pkgconfig/reactive_follower_pkg.pc'
[16.421s] Level 1:colcon.colcon_core.environment:checking '/home/jaime/Desktop/f1tenth/sim_ws/install/reactive_follower_pkg/lib/python3.8/site-packages'
[16.422s] Level 1:colcon.colcon_core.environment:checking '/home/jaime/Desktop/f1tenth/sim_ws/install/reactive_follower_pkg/bin'
[16.422s] INFO:colcon.colcon_core.shell:Creating package script '/home/jaime/Desktop/f1tenth/sim_ws/install/reactive_follower_pkg/share/reactive_follower_pkg/package.ps1'
[16.429s] INFO:colcon.colcon_core.shell:Creating package descriptor '/home/jaime/Desktop/f1tenth/sim_ws/install/reactive_follower_pkg/share/reactive_follower_pkg/package.dsv'
[16.432s] INFO:colcon.colcon_core.shell:Creating package script '/home/jaime/Desktop/f1tenth/sim_ws/install/reactive_follower_pkg/share/reactive_follower_pkg/package.sh'
[16.441s] INFO:colcon.colcon_core.shell:Creating package script '/home/jaime/Desktop/f1tenth/sim_ws/install/reactive_follower_pkg/share/reactive_follower_pkg/package.bash'
[16.444s] INFO:colcon.colcon_core.shell:Creating package script '/home/jaime/Desktop/f1tenth/sim_ws/install/reactive_follower_pkg/share/reactive_follower_pkg/package.zsh'
[16.447s] Level 1:colcon.colcon_core.environment:create_file_with_runtime_dependencies(/home/jaime/Desktop/f1tenth/sim_ws/install/reactive_follower_pkg/share/colcon-core/packages/reactive_follower_pkg)
[16.463s] Level 1:colcon.colcon_core.environment:create_environment_scripts_only(reactive_follower_pkg)
[16.464s] Level 1:colcon.colcon_core.environment:checking '/home/jaime/Desktop/f1tenth/sim_ws/install/reactive_follower_pkg' for CMake module files
[16.468s] Level 1:colcon.colcon_core.environment:checking '/home/jaime/Desktop/f1tenth/sim_ws/install/reactive_follower_pkg' for CMake config files
[16.473s] Level 1:colcon.colcon_core.shell:create_environment_hook('reactive_follower_pkg', 'cmake_prefix_path')
[16.474s] INFO:colcon.colcon_core.shell:Creating environment hook '/home/jaime/Desktop/f1tenth/sim_ws/install/reactive_follower_pkg/share/reactive_follower_pkg/hook/cmake_prefix_path.ps1'
[16.476s] INFO:colcon.colcon_core.shell:Creating environment descriptor '/home/jaime/Desktop/f1tenth/sim_ws/install/reactive_follower_pkg/share/reactive_follower_pkg/hook/cmake_prefix_path.dsv'
[16.500s] INFO:colcon.colcon_core.shell:Creating environment hook '/home/jaime/Desktop/f1tenth/sim_ws/install/reactive_follower_pkg/share/reactive_follower_pkg/hook/cmake_prefix_path.sh'
[16.506s] Level 1:colcon.colcon_core.environment:checking '/home/jaime/Desktop/f1tenth/sim_ws/install/reactive_follower_pkg/lib'
[16.506s] Level 1:colcon.colcon_core.environment:checking '/home/jaime/Desktop/f1tenth/sim_ws/install/reactive_follower_pkg/bin'
[16.506s] Level 1:colcon.colcon_core.environment:checking '/home/jaime/Desktop/f1tenth/sim_ws/install/reactive_follower_pkg/lib/pkgconfig/reactive_follower_pkg.pc'
[16.507s] Level 1:colcon.colcon_core.environment:checking '/home/jaime/Desktop/f1tenth/sim_ws/install/reactive_follower_pkg/lib/python3.8/site-packages'
[16.508s] Level 1:colcon.colcon_core.environment:checking '/home/jaime/Desktop/f1tenth/sim_ws/install/reactive_follower_pkg/bin'
[16.509s] INFO:colcon.colcon_core.shell:Creating package script '/home/jaime/Desktop/f1tenth/sim_ws/install/reactive_follower_pkg/share/reactive_follower_pkg/package.ps1'
[16.512s] INFO:colcon.colcon_core.shell:Creating package descriptor '/home/jaime/Desktop/f1tenth/sim_ws/install/reactive_follower_pkg/share/reactive_follower_pkg/package.dsv'
[16.514s] INFO:colcon.colcon_core.shell:Creating package script '/home/jaime/Desktop/f1tenth/sim_ws/install/reactive_follower_pkg/share/reactive_follower_pkg/package.sh'
[16.516s] INFO:colcon.colcon_core.shell:Creating package script '/home/jaime/Desktop/f1tenth/sim_ws/install/reactive_follower_pkg/share/reactive_follower_pkg/package.bash'
[16.517s] INFO:colcon.colcon_core.shell:Creating package script '/home/jaime/Desktop/f1tenth/sim_ws/install/reactive_follower_pkg/share/reactive_follower_pkg/package.zsh'
[16.522s] Level 1:colcon.colcon_core.environment:create_file_with_runtime_dependencies(/home/jaime/Desktop/f1tenth/sim_ws/install/reactive_follower_pkg/share/colcon-core/packages/reactive_follower_pkg)
[16.532s] DEBUG:colcon.colcon_parallel_executor.executor.parallel:closing loop
[16.532s] DEBUG:colcon.colcon_parallel_executor.executor.parallel:loop closed
[16.533s] DEBUG:colcon.colcon_parallel_executor.executor.parallel:run_until_complete finished with '0'
[16.534s] DEBUG:colcon.colcon_core.event_reactor:joining thread
[16.562s] INFO:colcon.colcon_core.plugin_system:Skipping extension 'colcon_notification.desktop_notification.terminal_notifier': Not used on non-Darwin systems
[16.562s] INFO:colcon.colcon_core.plugin_system:Skipping extension 'colcon_notification.desktop_notification.win32': Not used on non-Windows systems
[16.563s] INFO:colcon.colcon_notification.desktop_notification:Sending desktop notification using 'notify2'
[16.661s] DEBUG:colcon.colcon_core.event_reactor:joined thread
[16.662s] INFO:colcon.colcon_core.shell:Creating prefix script '/home/jaime/Desktop/f1tenth/sim_ws/install/local_setup.ps1'
[16.663s] INFO:colcon.colcon_core.shell:Creating prefix util module '/home/jaime/Desktop/f1tenth/sim_ws/install/_local_setup_util_ps1.py'
[16.667s] INFO:colcon.colcon_core.shell:Creating prefix chain script '/home/jaime/Desktop/f1tenth/sim_ws/install/setup.ps1'
[16.694s] INFO:colcon.colcon_core.shell:Creating prefix script '/home/jaime/Desktop/f1tenth/sim_ws/install/local_setup.sh'
[16.698s] INFO:colcon.colcon_core.shell:Creating prefix util module '/home/jaime/Desktop/f1tenth/sim_ws/install/_local_setup_util_sh.py'
[16.704s] INFO:colcon.colcon_core.shell:Creating prefix chain script '/home/jaime/Desktop/f1tenth/sim_ws/install/setup.sh'
[16.710s] INFO:colcon.colcon_core.shell:Creating prefix script '/home/jaime/Desktop/f1tenth/sim_ws/install/local_setup.bash'
[16.738s] INFO:colcon.colcon_core.shell:Creating prefix chain script '/home/jaime/Desktop/f1tenth/sim_ws/install/setup.bash'
[16.742s] INFO:colcon.colcon_core.shell:Creating prefix script '/home/jaime/Desktop/f1tenth/sim_ws/install/local_setup.zsh'
[16.753s] INFO:colcon.colcon_core.shell:Creating prefix chain script '/home/jaime/Desktop/f1tenth/sim_ws/install/setup.zsh'
