[1.079s] Invoking command in '/home/jaime/Desktop/f1tenth_gym/sim_ws/src/f1tenth_gym_ros': PYTHONPATH=/home/jaime/Desktop/f1tenth_gym/sim_ws/build/f1tenth_gym_ros/prefix_override:/usr/lib/python3/dist-packages/colcon_core/task/python/colcon_distutils_commands:/home/jaime/Desktop/f1tenth_gym/sim_ws/install/f1tenth_gym_ros/lib/python3.8/site-packages:${PYTHONPATH} /usr/bin/python3 -W ignore:setup.py install is deprecated -W ignore:easy_install command is deprecated setup.py egg_info --egg-base ../../build/f1tenth_gym_ros build --build-base /home/jaime/Desktop/f1tenth_gym/sim_ws/build/f1tenth_gym_ros/build install --record /home/jaime/Desktop/f1tenth_gym/sim_ws/build/f1tenth_gym_ros/install.log --single-version-externally-managed install_data
[1.295s] running egg_info
[1.297s] creating ../../build/f1tenth_gym_ros/f1tenth_gym_ros.egg-info
[1.298s] writing ../../build/f1tenth_gym_ros/f1tenth_gym_ros.egg-info/PKG-INFO
[1.298s] writing dependency_links to ../../build/f1tenth_gym_ros/f1tenth_gym_ros.egg-info/dependency_links.txt
[1.299s] writing entry points to ../../build/f1tenth_gym_ros/f1tenth_gym_ros.egg-info/entry_points.txt
[1.300s] writing requirements to ../../build/f1tenth_gym_ros/f1tenth_gym_ros.egg-info/requires.txt
[1.300s] writing top-level names to ../../build/f1tenth_gym_ros/f1tenth_gym_ros.egg-info/top_level.txt
[1.311s] writing manifest file '../../build/f1tenth_gym_ros/f1tenth_gym_ros.egg-info/SOURCES.txt'
[1.349s] reading manifest file '../../build/f1tenth_gym_ros/f1tenth_gym_ros.egg-info/SOURCES.txt'
[1.350s] writing manifest file '../../build/f1tenth_gym_ros/f1tenth_gym_ros.egg-info/SOURCES.txt'
[1.351s] running build
[1.352s] running build_py
[1.352s] creating /home/jaime/Desktop/f1tenth_gym/sim_ws/build/f1tenth_gym_ros/build
[1.352s] creating /home/jaime/Desktop/f1tenth_gym/sim_ws/build/f1tenth_gym_ros/build/lib
[1.352s] creating /home/jaime/Desktop/f1tenth_gym/sim_ws/build/f1tenth_gym_ros/build/lib/f1tenth_gym_ros
[1.353s] copying f1tenth_gym_ros/__init__.py -> /home/jaime/Desktop/f1tenth_gym/sim_ws/build/f1tenth_gym_ros/build/lib/f1tenth_gym_ros
[1.353s] copying f1tenth_gym_ros/gym_bridge.py -> /home/jaime/Desktop/f1tenth_gym/sim_ws/build/f1tenth_gym_ros/build/lib/f1tenth_gym_ros
[1.355s] running install
[1.356s] running install_lib
[1.357s] creating /home/jaime/Desktop/f1tenth_gym/sim_ws/install/f1tenth_gym_ros/lib/python3.8/site-packages/f1tenth_gym_ros
[1.358s] copying /home/jaime/Desktop/f1tenth_gym/sim_ws/build/f1tenth_gym_ros/build/lib/f1tenth_gym_ros/__init__.py -> /home/jaime/Desktop/f1tenth_gym/sim_ws/install/f1tenth_gym_ros/lib/python3.8/site-packages/f1tenth_gym_ros
[1.358s] copying /home/jaime/Desktop/f1tenth_gym/sim_ws/build/f1tenth_gym_ros/build/lib/f1tenth_gym_ros/gym_bridge.py -> /home/jaime/Desktop/f1tenth_gym/sim_ws/install/f1tenth_gym_ros/lib/python3.8/site-packages/f1tenth_gym_ros
[1.358s] byte-compiling /home/jaime/Desktop/f1tenth_gym/sim_ws/install/f1tenth_gym_ros/lib/python3.8/site-packages/f1tenth_gym_ros/__init__.py to __init__.cpython-38.pyc
[1.359s] byte-compiling /home/jaime/Desktop/f1tenth_gym/sim_ws/install/f1tenth_gym_ros/lib/python3.8/site-packages/f1tenth_gym_ros/gym_bridge.py to gym_bridge.cpython-38.pyc
[1.362s] running install_data
[1.362s] creating /home/jaime/Desktop/f1tenth_gym/sim_ws/install/f1tenth_gym_ros/share/ament_index
[1.363s] creating /home/jaime/Desktop/f1tenth_gym/sim_ws/install/f1tenth_gym_ros/share/ament_index/resource_index
[1.363s] creating /home/jaime/Desktop/f1tenth_gym/sim_ws/install/f1tenth_gym_ros/share/ament_index/resource_index/packages
[1.363s] copying resource/f1tenth_gym_ros -> /home/jaime/Desktop/f1tenth_gym/sim_ws/install/f1tenth_gym_ros/share/ament_index/resource_index/packages
[1.364s] copying package.xml -> /home/jaime/Desktop/f1tenth_gym/sim_ws/install/f1tenth_gym_ros/share/f1tenth_gym_ros
[1.365s] creating /home/jaime/Desktop/f1tenth_gym/sim_ws/install/f1tenth_gym_ros/share/f1tenth_gym_ros/launch
[1.365s] copying launch/gym_bridge_launch.py -> /home/jaime/Desktop/f1tenth_gym/sim_ws/install/f1tenth_gym_ros/share/f1tenth_gym_ros/launch
[1.368s] copying launch/opp_racecar.xacro -> /home/jaime/Desktop/f1tenth_gym/sim_ws/install/f1tenth_gym_ros/share/f1tenth_gym_ros/launch
[1.370s] copying launch/ego_racecar.xacro -> /home/jaime/Desktop/f1tenth_gym/sim_ws/install/f1tenth_gym_ros/share/f1tenth_gym_ros/launch
[1.373s] copying launch/gym_bridge.rviz -> /home/jaime/Desktop/f1tenth_gym/sim_ws/install/f1tenth_gym_ros/share/f1tenth_gym_ros/launch
[1.377s] creating /home/jaime/Desktop/f1tenth_gym/sim_ws/install/f1tenth_gym_ros/share/f1tenth_gym_ros/config
[1.377s] copying config/sim.yaml -> /home/jaime/Desktop/f1tenth_gym/sim_ws/install/f1tenth_gym_ros/share/f1tenth_gym_ros/config
[1.379s] running install_egg_info
[1.381s] Copying ../../build/f1tenth_gym_ros/f1tenth_gym_ros.egg-info to /home/jaime/Desktop/f1tenth_gym/sim_ws/install/f1tenth_gym_ros/lib/python3.8/site-packages/f1tenth_gym_ros-0.0.0-py3.8.egg-info
[1.382s] running install_scripts
[1.408s] Installing gym_bridge script to /home/jaime/Desktop/f1tenth_gym/sim_ws/install/f1tenth_gym_ros/lib/f1tenth_gym_ros
[1.409s] writing list of installed files to '/home/jaime/Desktop/f1tenth_gym/sim_ws/build/f1tenth_gym_ros/install.log'
[1.437s] Invoked command in '/home/jaime/Desktop/f1tenth_gym/sim_ws/src/f1tenth_gym_ros' returned '0': PYTHONPATH=/home/jaime/Desktop/f1tenth_gym/sim_ws/build/f1tenth_gym_ros/prefix_override:/usr/lib/python3/dist-packages/colcon_core/task/python/colcon_distutils_commands:/home/jaime/Desktop/f1tenth_gym/sim_ws/install/f1tenth_gym_ros/lib/python3.8/site-packages:${PYTHONPATH} /usr/bin/python3 -W ignore:setup.py install is deprecated -W ignore:easy_install command is deprecated setup.py egg_info --egg-base ../../build/f1tenth_gym_ros build --build-base /home/jaime/Desktop/f1tenth_gym/sim_ws/build/f1tenth_gym_ros/build install --record /home/jaime/Desktop/f1tenth_gym/sim_ws/build/f1tenth_gym_ros/install.log --single-version-externally-managed install_data
