[0.612s] DEBUG:colcon:Command line arguments: ['/usr/bin/colcon', 'build']
[0.612s] DEBUG:colcon:Parsed command line arguments: Namespace(allow_overriding=[], ament_cmake_args=None, base_paths=['.'], build_base='build', catkin_cmake_args=None, catkin_skip_building_tests=False, cmake_args=None, cmake_clean_cache=False, cmake_clean_first=False, cmake_force_configure=False, cmake_target=None, cmake_target_skip_unavailable=False, continue_on_error=False, event_handlers=None, executor='parallel', ignore_user_meta=False, install_base='install', log_base=None, log_level=None, main=<bound method BuildVerb.main of <colcon_core.verb.build.BuildVerb object at 0x7f5aec110dc0>>, merge_install=False, metas=['./colcon.meta'], mixin=None, mixin_files=None, mixin_verb=('build',), packages_above=None, packages_above_and_dependencies=None, packages_above_depth=None, packages_end=None, packages_ignore=None, packages_ignore_regex=None, packages_select=None, packages_select_build_failed=False, packages_select_by_dep=None, packages_select_regex=None, packages_select_test_failures=False, packages_skip=None, packages_skip_build_finished=False, packages_skip_by_dep=None, packages_skip_regex=None, packages_skip_test_passed=False, packages_skip_up_to=None, packages_start=None, packages_up_to=None, packages_up_to_regex=None, parallel_workers=2, paths=None, symlink_install=False, test_result_base=None, verb_extension=<colcon_core.verb.build.BuildVerb object at 0x7f5aec110dc0>, verb_name='build', verb_parser=<colcon_mixin.mixin.mixin_argument.MixinArgumentDecorator object at 0x7f5aec1213d0>)
[1.011s] Level 1:colcon.colcon_core.package_discovery:discover_packages(colcon_meta) check parameters
[1.012s] Level 1:colcon.colcon_core.package_discovery:discover_packages(recursive) check parameters
[1.012s] Level 1:colcon.colcon_core.package_discovery:discover_packages(ignore) check parameters
[1.012s] Level 1:colcon.colcon_core.package_discovery:discover_packages(path) check parameters
[1.012s] Level 1:colcon.colcon_core.package_discovery:discover_packages(colcon_meta) discover
[1.020s] Level 1:colcon.colcon_core.package_discovery:discover_packages(recursive) discover
[1.020s] INFO:colcon.colcon_core.package_discovery:Crawling recursively for packages in '/home/jaime/Desktop/f1tenth/sim_ws'
[1.021s] Level 1:colcon.colcon_core.package_identification:_identify(.) by extensions ['ignore', 'ignore_ament_install']
[1.021s] Level 1:colcon.colcon_core.package_identification:_identify(.) by extension 'ignore'
[1.021s] Level 1:colcon.colcon_core.package_identification:_identify(.) by extension 'ignore_ament_install'
[1.021s] Level 1:colcon.colcon_core.package_identification:_identify(.) by extensions ['colcon_pkg']
[1.021s] Level 1:colcon.colcon_core.package_identification:_identify(.) by extension 'colcon_pkg'
[1.021s] Level 1:colcon.colcon_core.package_identification:_identify(.) by extensions ['colcon_meta']
[1.022s] Level 1:colcon.colcon_core.package_identification:_identify(.) by extension 'colcon_meta'
[1.022s] Level 1:colcon.colcon_core.package_identification:_identify(.) by extensions ['ros']
[1.025s] Level 1:colcon.colcon_core.package_identification:_identify(.) by extension 'ros'
[1.046s] Level 1:colcon.colcon_core.package_identification:_identify(.) by extensions ['cmake', 'python']
[1.046s] Level 1:colcon.colcon_core.package_identification:_identify(.) by extension 'cmake'
[1.047s] Level 1:colcon.colcon_core.package_identification:_identify(.) by extension 'python'
[1.047s] Level 1:colcon.colcon_core.package_identification:_identify(.) by extensions ['python_setup_py']
[1.052s] Level 1:colcon.colcon_core.package_identification:_identify(.) by extension 'python_setup_py'
[1.053s] Level 1:colcon.colcon_core.package_identification:_identify(build) by extensions ['ignore', 'ignore_ament_install']
[1.053s] Level 1:colcon.colcon_core.package_identification:_identify(build) by extension 'ignore'
[1.053s] Level 1:colcon.colcon_core.package_identification:_identify(build) ignored
[1.053s] Level 1:colcon.colcon_core.package_identification:_identify(install) by extensions ['ignore', 'ignore_ament_install']
[1.054s] Level 1:colcon.colcon_core.package_identification:_identify(install) by extension 'ignore'
[1.054s] Level 1:colcon.colcon_core.package_identification:_identify(install) ignored
[1.054s] Level 1:colcon.colcon_core.package_identification:_identify(log) by extensions ['ignore', 'ignore_ament_install']
[1.054s] Level 1:colcon.colcon_core.package_identification:_identify(log) by extension 'ignore'
[1.054s] Level 1:colcon.colcon_core.package_identification:_identify(log) ignored
[1.054s] Level 1:colcon.colcon_core.package_identification:_identify(src) by extensions ['ignore', 'ignore_ament_install']
[1.055s] Level 1:colcon.colcon_core.package_identification:_identify(src) by extension 'ignore'
[1.060s] Level 1:colcon.colcon_core.package_identification:_identify(src) by extension 'ignore_ament_install'
[1.060s] Level 1:colcon.colcon_core.package_identification:_identify(src) by extensions ['colcon_pkg']
[1.060s] Level 1:colcon.colcon_core.package_identification:_identify(src) by extension 'colcon_pkg'
[1.060s] Level 1:colcon.colcon_core.package_identification:_identify(src) by extensions ['colcon_meta']
[1.061s] Level 1:colcon.colcon_core.package_identification:_identify(src) by extension 'colcon_meta'
[1.061s] Level 1:colcon.colcon_core.package_identification:_identify(src) by extensions ['ros']
[1.061s] Level 1:colcon.colcon_core.package_identification:_identify(src) by extension 'ros'
[1.061s] Level 1:colcon.colcon_core.package_identification:_identify(src) by extensions ['cmake', 'python']
[1.061s] Level 1:colcon.colcon_core.package_identification:_identify(src) by extension 'cmake'
[1.061s] Level 1:colcon.colcon_core.package_identification:_identify(src) by extension 'python'
[1.061s] Level 1:colcon.colcon_core.package_identification:_identify(src) by extensions ['python_setup_py']
[1.061s] Level 1:colcon.colcon_core.package_identification:_identify(src) by extension 'python_setup_py'
[1.061s] Level 1:colcon.colcon_core.package_identification:_identify(src/f1tenth_gym_ros) by extensions ['ignore', 'ignore_ament_install']
[1.062s] Level 1:colcon.colcon_core.package_identification:_identify(src/f1tenth_gym_ros) by extension 'ignore'
[1.062s] Level 1:colcon.colcon_core.package_identification:_identify(src/f1tenth_gym_ros) by extension 'ignore_ament_install'
[1.062s] Level 1:colcon.colcon_core.package_identification:_identify(src/f1tenth_gym_ros) by extensions ['colcon_pkg']
[1.062s] Level 1:colcon.colcon_core.package_identification:_identify(src/f1tenth_gym_ros) by extension 'colcon_pkg'
[1.062s] Level 1:colcon.colcon_core.package_identification:_identify(src/f1tenth_gym_ros) by extensions ['colcon_meta']
[1.062s] Level 1:colcon.colcon_core.package_identification:_identify(src/f1tenth_gym_ros) by extension 'colcon_meta'
[1.062s] Level 1:colcon.colcon_core.package_identification:_identify(src/f1tenth_gym_ros) by extensions ['ros']
[1.062s] Level 1:colcon.colcon_core.package_identification:_identify(src/f1tenth_gym_ros) by extension 'ros'
[1.069s] DEBUG:colcon.colcon_core.package_identification:Package 'src/f1tenth_gym_ros' with type 'ros.ament_python' and name 'f1tenth_gym_ros'
[1.072s] Level 1:colcon.colcon_core.package_identification:_identify(src/reactive_follower_pkg) by extensions ['ignore', 'ignore_ament_install']
[1.073s] Level 1:colcon.colcon_core.package_identification:_identify(src/reactive_follower_pkg) by extension 'ignore'
[1.073s] Level 1:colcon.colcon_core.package_identification:_identify(src/reactive_follower_pkg) by extension 'ignore_ament_install'
[1.074s] Level 1:colcon.colcon_core.package_identification:_identify(src/reactive_follower_pkg) by extensions ['colcon_pkg']
[1.074s] Level 1:colcon.colcon_core.package_identification:_identify(src/reactive_follower_pkg) by extension 'colcon_pkg'
[1.074s] Level 1:colcon.colcon_core.package_identification:_identify(src/reactive_follower_pkg) by extensions ['colcon_meta']
[1.074s] Level 1:colcon.colcon_core.package_identification:_identify(src/reactive_follower_pkg) by extension 'colcon_meta'
[1.074s] Level 1:colcon.colcon_core.package_identification:_identify(src/reactive_follower_pkg) by extensions ['ros']
[1.074s] Level 1:colcon.colcon_core.package_identification:_identify(src/reactive_follower_pkg) by extension 'ros'
[1.082s] DEBUG:colcon.colcon_core.package_identification:Package 'src/reactive_follower_pkg' with type 'ros.ament_cmake' and name 'reactive_follower_pkg'
[1.083s] Level 1:colcon.colcon_core.package_discovery:discover_packages(recursive) using defaults
[1.083s] Level 1:colcon.colcon_core.package_discovery:discover_packages(ignore) discover
[1.083s] Level 1:colcon.colcon_core.package_discovery:discover_packages(ignore) using defaults
[1.083s] Level 1:colcon.colcon_core.package_discovery:discover_packages(path) discover
[1.083s] Level 1:colcon.colcon_core.package_discovery:discover_packages(path) using defaults
[1.149s] Level 1:colcon.colcon_core.package_discovery:discover_packages(prefix_path) check parameters
[1.152s] Level 1:colcon.colcon_core.package_discovery:discover_packages(prefix_path) discover
[1.155s] DEBUG:colcon.colcon_installed_package_information.package_discovery:Found 2 installed packages in /home/jaime/Desktop/f1tenth/sim_ws/install
[1.168s] DEBUG:colcon.colcon_installed_package_information.package_discovery:Found 289 installed packages in /opt/ros/foxy
[1.233s] Level 1:colcon.colcon_core.package_discovery:discover_packages(prefix_path) using defaults
[1.592s] Level 5:colcon.colcon_core.verb:set package 'f1tenth_gym_ros' build argument 'cmake_args' from command line to 'None'
[1.617s] Level 5:colcon.colcon_core.verb:set package 'f1tenth_gym_ros' build argument 'cmake_target' from command line to 'None'
[1.617s] Level 5:colcon.colcon_core.verb:set package 'f1tenth_gym_ros' build argument 'cmake_target_skip_unavailable' from command line to 'False'
[1.617s] Level 5:colcon.colcon_core.verb:set package 'f1tenth_gym_ros' build argument 'cmake_clean_cache' from command line to 'False'
[1.617s] Level 5:colcon.colcon_core.verb:set package 'f1tenth_gym_ros' build argument 'cmake_clean_first' from command line to 'False'
[1.618s] Level 5:colcon.colcon_core.verb:set package 'f1tenth_gym_ros' build argument 'cmake_force_configure' from command line to 'False'
[1.618s] Level 5:colcon.colcon_core.verb:set package 'f1tenth_gym_ros' build argument 'ament_cmake_args' from command line to 'None'
[1.618s] Level 5:colcon.colcon_core.verb:set package 'f1tenth_gym_ros' build argument 'catkin_cmake_args' from command line to 'None'
[1.618s] Level 5:colcon.colcon_core.verb:set package 'f1tenth_gym_ros' build argument 'catkin_skip_building_tests' from command line to 'False'
[1.618s] DEBUG:colcon.colcon_core.verb:Building package 'f1tenth_gym_ros' with the following arguments: {'ament_cmake_args': None, 'build_base': '/home/jaime/Desktop/f1tenth/sim_ws/build/f1tenth_gym_ros', 'catkin_cmake_args': None, 'catkin_skip_building_tests': False, 'cmake_args': None, 'cmake_clean_cache': False, 'cmake_clean_first': False, 'cmake_force_configure': False, 'cmake_target': None, 'cmake_target_skip_unavailable': False, 'install_base': '/home/jaime/Desktop/f1tenth/sim_ws/install/f1tenth_gym_ros', 'merge_install': False, 'path': '/home/jaime/Desktop/f1tenth/sim_ws/src/f1tenth_gym_ros', 'symlink_install': False, 'test_result_base': None}
[1.619s] Level 5:colcon.colcon_core.verb:set package 'reactive_follower_pkg' build argument 'cmake_args' from command line to 'None'
[1.619s] Level 5:colcon.colcon_core.verb:set package 'reactive_follower_pkg' build argument 'cmake_target' from command line to 'None'
[1.619s] Level 5:colcon.colcon_core.verb:set package 'reactive_follower_pkg' build argument 'cmake_target_skip_unavailable' from command line to 'False'
[1.619s] Level 5:colcon.colcon_core.verb:set package 'reactive_follower_pkg' build argument 'cmake_clean_cache' from command line to 'False'
[1.626s] Level 5:colcon.colcon_core.verb:set package 'reactive_follower_pkg' build argument 'cmake_clean_first' from command line to 'False'
[1.634s] Level 5:colcon.colcon_core.verb:set package 'reactive_follower_pkg' build argument 'cmake_force_configure' from command line to 'False'
[1.634s] Level 5:colcon.colcon_core.verb:set package 'reactive_follower_pkg' build argument 'ament_cmake_args' from command line to 'None'
[1.639s] Level 5:colcon.colcon_core.verb:set package 'reactive_follower_pkg' build argument 'catkin_cmake_args' from command line to 'None'
[1.639s] Level 5:colcon.colcon_core.verb:set package 'reactive_follower_pkg' build argument 'catkin_skip_building_tests' from command line to 'False'
[1.639s] DEBUG:colcon.colcon_core.verb:Building package 'reactive_follower_pkg' with the following arguments: {'ament_cmake_args': None, 'build_base': '/home/jaime/Desktop/f1tenth/sim_ws/build/reactive_follower_pkg', 'catkin_cmake_args': None, 'catkin_skip_building_tests': False, 'cmake_args': None, 'cmake_clean_cache': False, 'cmake_clean_first': False, 'cmake_force_configure': False, 'cmake_target': None, 'cmake_target_skip_unavailable': False, 'install_base': '/home/jaime/Desktop/f1tenth/sim_ws/install/reactive_follower_pkg', 'merge_install': False, 'path': '/home/jaime/Desktop/f1tenth/sim_ws/src/reactive_follower_pkg', 'symlink_install': False, 'test_result_base': None}
[1.640s] INFO:colcon.colcon_core.executor:Executing jobs using 'parallel' executor
[1.652s] DEBUG:colcon.colcon_parallel_executor.executor.parallel:run_until_complete
[1.652s] INFO:colcon.colcon_ros.task.ament_python.build:Building ROS package in '/home/jaime/Desktop/f1tenth/sim_ws/src/f1tenth_gym_ros' with build type 'ament_python'
[1.652s] Level 1:colcon.colcon_core.shell:create_environment_hook('f1tenth_gym_ros', 'ament_prefix_path')
[1.655s] INFO:colcon.colcon_core.plugin_system:Skipping extension 'colcon_core.shell.bat': Not used on non-Windows systems
[1.657s] INFO:colcon.colcon_core.shell:Creating environment hook '/home/jaime/Desktop/f1tenth/sim_ws/install/f1tenth_gym_ros/share/f1tenth_gym_ros/hook/ament_prefix_path.ps1'
[1.664s] INFO:colcon.colcon_core.shell:Creating environment descriptor '/home/jaime/Desktop/f1tenth/sim_ws/install/f1tenth_gym_ros/share/f1tenth_gym_ros/hook/ament_prefix_path.dsv'
[1.670s] INFO:colcon.colcon_core.shell:Creating environment hook '/home/jaime/Desktop/f1tenth/sim_ws/install/f1tenth_gym_ros/share/f1tenth_gym_ros/hook/ament_prefix_path.sh'
[1.685s] INFO:colcon.colcon_core.shell:Skip shell extension 'powershell' for command environment: Not usable outside of PowerShell
[1.686s] DEBUG:colcon.colcon_core.shell:Skip shell extension 'dsv' for command environment
[1.726s] INFO:colcon.colcon_ros.task.ament_cmake.build:Building ROS package in '/home/jaime/Desktop/f1tenth/sim_ws/src/reactive_follower_pkg' with build type 'ament_cmake'
[1.726s] INFO:colcon.colcon_cmake.task.cmake.build:Building CMake package in '/home/jaime/Desktop/f1tenth/sim_ws/src/reactive_follower_pkg'
[1.726s] INFO:colcon.colcon_core.shell:Skip shell extension 'powershell' for command environment: Not usable outside of PowerShell
[1.727s] DEBUG:colcon.colcon_core.shell:Skip shell extension 'dsv' for command environment
[2.751s] INFO:colcon.colcon_core.task.python.build:Building Python package in '/home/jaime/Desktop/f1tenth/sim_ws/src/f1tenth_gym_ros'
[2.760s] INFO:colcon.colcon_core.shell:Skip shell extension 'powershell' for command environment: Not usable outside of PowerShell
[2.760s] DEBUG:colcon.colcon_core.shell:Skip shell extension 'dsv' for command environment
[2.852s] DEBUG:colcon.colcon_core.event_handler.log_command:Invoking command in '/home/jaime/Desktop/f1tenth/sim_ws/build/reactive_follower_pkg': CMAKE_PREFIX_PATH=${CMAKE_PREFIX_PATH}:/home/jaime/Desktop/f1tenth/sim_ws/install/f1tenth_gym_ros:/opt/ros/foxy /usr/bin/cmake --build /home/jaime/Desktop/f1tenth/sim_ws/build/reactive_follower_pkg -- -j2 -l2
[5.512s] DEBUG:colcon.colcon_core.event_handler.log_command:Invoking command in '/home/jaime/Desktop/f1tenth/sim_ws/src/f1tenth_gym_ros': PYTHONPATH=/home/jaime/Desktop/f1tenth/sim_ws/build/f1tenth_gym_ros/prefix_override:/usr/lib/python3/dist-packages/colcon_core/task/python/colcon_distutils_commands:/home/jaime/Desktop/f1tenth/sim_ws/install/f1tenth_gym_ros/lib/python3.8/site-packages:${PYTHONPATH} /usr/bin/python3 -W ignore:setup.py install is deprecated -W ignore:easy_install command is deprecated setup.py egg_info --egg-base ../../build/f1tenth_gym_ros build --build-base /home/jaime/Desktop/f1tenth/sim_ws/build/f1tenth_gym_ros/build install --record /home/jaime/Desktop/f1tenth/sim_ws/build/f1tenth_gym_ros/install.log --single-version-externally-managed install_data
[6.198s] DEBUG:colcon.colcon_core.event_handler.log_command:Invoked command in '/home/jaime/Desktop/f1tenth/sim_ws/src/f1tenth_gym_ros' returned '0': PYTHONPATH=/home/jaime/Desktop/f1tenth/sim_ws/build/f1tenth_gym_ros/prefix_override:/usr/lib/python3/dist-packages/colcon_core/task/python/colcon_distutils_commands:/home/jaime/Desktop/f1tenth/sim_ws/install/f1tenth_gym_ros/lib/python3.8/site-packages:${PYTHONPATH} /usr/bin/python3 -W ignore:setup.py install is deprecated -W ignore:easy_install command is deprecated setup.py egg_info --egg-base ../../build/f1tenth_gym_ros build --build-base /home/jaime/Desktop/f1tenth/sim_ws/build/f1tenth_gym_ros/build install --record /home/jaime/Desktop/f1tenth/sim_ws/build/f1tenth_gym_ros/install.log --single-version-externally-managed install_data
[6.204s] Level 1:colcon.colcon_core.environment:checking '/home/jaime/Desktop/f1tenth/sim_ws/install/f1tenth_gym_ros' for CMake module files
[6.212s] Level 1:colcon.colcon_core.environment:checking '/home/jaime/Desktop/f1tenth/sim_ws/install/f1tenth_gym_ros' for CMake config files
[6.218s] Level 1:colcon.colcon_core.environment:checking '/home/jaime/Desktop/f1tenth/sim_ws/install/f1tenth_gym_ros/lib'
[6.219s] Level 1:colcon.colcon_core.environment:checking '/home/jaime/Desktop/f1tenth/sim_ws/install/f1tenth_gym_ros/bin'
[6.222s] Level 1:colcon.colcon_core.environment:checking '/home/jaime/Desktop/f1tenth/sim_ws/install/f1tenth_gym_ros/lib/pkgconfig/f1tenth_gym_ros.pc'
[6.228s] Level 1:colcon.colcon_core.environment:checking '/home/jaime/Desktop/f1tenth/sim_ws/install/f1tenth_gym_ros/lib/python3.8/site-packages'
[6.228s] Level 1:colcon.colcon_core.shell:create_environment_hook('f1tenth_gym_ros', 'pythonpath')
[6.229s] INFO:colcon.colcon_core.shell:Creating environment hook '/home/jaime/Desktop/f1tenth/sim_ws/install/f1tenth_gym_ros/share/f1tenth_gym_ros/hook/pythonpath.ps1'
[6.230s] INFO:colcon.colcon_core.shell:Creating environment descriptor '/home/jaime/Desktop/f1tenth/sim_ws/install/f1tenth_gym_ros/share/f1tenth_gym_ros/hook/pythonpath.dsv'
[6.233s] INFO:colcon.colcon_core.shell:Creating environment hook '/home/jaime/Desktop/f1tenth/sim_ws/install/f1tenth_gym_ros/share/f1tenth_gym_ros/hook/pythonpath.sh'
[6.255s] Level 1:colcon.colcon_core.environment:checking '/home/jaime/Desktop/f1tenth/sim_ws/install/f1tenth_gym_ros/bin'
[6.256s] Level 1:colcon.colcon_core.environment:create_environment_scripts_only(f1tenth_gym_ros)
[6.264s] INFO:colcon.colcon_core.shell:Creating package script '/home/jaime/Desktop/f1tenth/sim_ws/install/f1tenth_gym_ros/share/f1tenth_gym_ros/package.ps1'
[6.268s] INFO:colcon.colcon_core.shell:Creating package descriptor '/home/jaime/Desktop/f1tenth/sim_ws/install/f1tenth_gym_ros/share/f1tenth_gym_ros/package.dsv'
[6.289s] INFO:colcon.colcon_core.shell:Creating package script '/home/jaime/Desktop/f1tenth/sim_ws/install/f1tenth_gym_ros/share/f1tenth_gym_ros/package.sh'
[6.292s] INFO:colcon.colcon_core.shell:Creating package script '/home/jaime/Desktop/f1tenth/sim_ws/install/f1tenth_gym_ros/share/f1tenth_gym_ros/package.bash'
[6.297s] INFO:colcon.colcon_core.shell:Creating package script '/home/jaime/Desktop/f1tenth/sim_ws/install/f1tenth_gym_ros/share/f1tenth_gym_ros/package.zsh'
[6.311s] Level 1:colcon.colcon_core.environment:create_file_with_runtime_dependencies(/home/jaime/Desktop/f1tenth/sim_ws/install/f1tenth_gym_ros/share/colcon-core/packages/f1tenth_gym_ros)
[19.547s] DEBUG:colcon.colcon_core.event_handler.log_command:Invoked command in '/home/jaime/Desktop/f1tenth/sim_ws/build/reactive_follower_pkg' returned '0': CMAKE_PREFIX_PATH=${CMAKE_PREFIX_PATH}:/home/jaime/Desktop/f1tenth/sim_ws/install/f1tenth_gym_ros:/opt/ros/foxy /usr/bin/cmake --build /home/jaime/Desktop/f1tenth/sim_ws/build/reactive_follower_pkg -- -j2 -l2
[19.603s] DEBUG:colcon.colcon_core.event_handler.log_command:Invoking command in '/home/jaime/Desktop/f1tenth/sim_ws/build/reactive_follower_pkg': CMAKE_PREFIX_PATH=${CMAKE_PREFIX_PATH}:/home/jaime/Desktop/f1tenth/sim_ws/install/f1tenth_gym_ros:/opt/ros/foxy /usr/bin/cmake --install /home/jaime/Desktop/f1tenth/sim_ws/build/reactive_follower_pkg
[19.694s] Level 1:colcon.colcon_core.environment:create_environment_scripts_only(reactive_follower_pkg)
[19.695s] Level 1:colcon.colcon_core.environment:checking '/home/jaime/Desktop/f1tenth/sim_ws/install/reactive_follower_pkg' for CMake module files
[19.695s] Level 1:colcon.colcon_core.environment:checking '/home/jaime/Desktop/f1tenth/sim_ws/install/reactive_follower_pkg' for CMake config files
[19.695s] Level 1:colcon.colcon_core.shell:create_environment_hook('reactive_follower_pkg', 'cmake_prefix_path')
[19.696s] INFO:colcon.colcon_core.shell:Creating environment hook '/home/jaime/Desktop/f1tenth/sim_ws/install/reactive_follower_pkg/share/reactive_follower_pkg/hook/cmake_prefix_path.ps1'
[19.697s] INFO:colcon.colcon_core.shell:Creating environment descriptor '/home/jaime/Desktop/f1tenth/sim_ws/install/reactive_follower_pkg/share/reactive_follower_pkg/hook/cmake_prefix_path.dsv'
[19.701s] DEBUG:colcon.colcon_core.event_handler.log_command:Invoked command in '/home/jaime/Desktop/f1tenth/sim_ws/build/reactive_follower_pkg' returned '0': CMAKE_PREFIX_PATH=${CMAKE_PREFIX_PATH}:/home/jaime/Desktop/f1tenth/sim_ws/install/f1tenth_gym_ros:/opt/ros/foxy /usr/bin/cmake --install /home/jaime/Desktop/f1tenth/sim_ws/build/reactive_follower_pkg
[19.701s] INFO:colcon.colcon_core.shell:Creating environment hook '/home/jaime/Desktop/f1tenth/sim_ws/install/reactive_follower_pkg/share/reactive_follower_pkg/hook/cmake_prefix_path.sh'
[19.703s] Level 1:colcon.colcon_core.environment:checking '/home/jaime/Desktop/f1tenth/sim_ws/install/reactive_follower_pkg/lib'
[19.703s] Level 1:colcon.colcon_core.environment:checking '/home/jaime/Desktop/f1tenth/sim_ws/install/reactive_follower_pkg/bin'
[19.705s] Level 1:colcon.colcon_core.environment:checking '/home/jaime/Desktop/f1tenth/sim_ws/install/reactive_follower_pkg/lib/pkgconfig/reactive_follower_pkg.pc'
[19.706s] Level 1:colcon.colcon_core.environment:checking '/home/jaime/Desktop/f1tenth/sim_ws/install/reactive_follower_pkg/lib/python3.8/site-packages'
[19.706s] Level 1:colcon.colcon_core.environment:checking '/home/jaime/Desktop/f1tenth/sim_ws/install/reactive_follower_pkg/bin'
[19.707s] INFO:colcon.colcon_core.shell:Creating package script '/home/jaime/Desktop/f1tenth/sim_ws/install/reactive_follower_pkg/share/reactive_follower_pkg/package.ps1'
[19.707s] INFO:colcon.colcon_core.shell:Creating package descriptor '/home/jaime/Desktop/f1tenth/sim_ws/install/reactive_follower_pkg/share/reactive_follower_pkg/package.dsv'
[19.713s] INFO:colcon.colcon_core.shell:Creating package script '/home/jaime/Desktop/f1tenth/sim_ws/install/reactive_follower_pkg/share/reactive_follower_pkg/package.sh'
[19.716s] INFO:colcon.colcon_core.shell:Creating package script '/home/jaime/Desktop/f1tenth/sim_ws/install/reactive_follower_pkg/share/reactive_follower_pkg/package.bash'
[19.718s] INFO:colcon.colcon_core.shell:Creating package script '/home/jaime/Desktop/f1tenth/sim_ws/install/reactive_follower_pkg/share/reactive_follower_pkg/package.zsh'
[19.720s] Level 1:colcon.colcon_core.environment:create_file_with_runtime_dependencies(/home/jaime/Desktop/f1tenth/sim_ws/install/reactive_follower_pkg/share/colcon-core/packages/reactive_follower_pkg)
[19.728s] Level 1:colcon.colcon_core.environment:create_environment_scripts_only(reactive_follower_pkg)
[19.728s] Level 1:colcon.colcon_core.environment:checking '/home/jaime/Desktop/f1tenth/sim_ws/install/reactive_follower_pkg' for CMake module files
[19.730s] Level 1:colcon.colcon_core.environment:checking '/home/jaime/Desktop/f1tenth/sim_ws/install/reactive_follower_pkg' for CMake config files
[19.730s] Level 1:colcon.colcon_core.shell:create_environment_hook('reactive_follower_pkg', 'cmake_prefix_path')
[19.733s] INFO:colcon.colcon_core.shell:Creating environment hook '/home/jaime/Desktop/f1tenth/sim_ws/install/reactive_follower_pkg/share/reactive_follower_pkg/hook/cmake_prefix_path.ps1'
[19.735s] INFO:colcon.colcon_core.shell:Creating environment descriptor '/home/jaime/Desktop/f1tenth/sim_ws/install/reactive_follower_pkg/share/reactive_follower_pkg/hook/cmake_prefix_path.dsv'
[19.737s] INFO:colcon.colcon_core.shell:Creating environment hook '/home/jaime/Desktop/f1tenth/sim_ws/install/reactive_follower_pkg/share/reactive_follower_pkg/hook/cmake_prefix_path.sh'
[19.739s] Level 1:colcon.colcon_core.environment:checking '/home/jaime/Desktop/f1tenth/sim_ws/install/reactive_follower_pkg/lib'
[19.739s] Level 1:colcon.colcon_core.environment:checking '/home/jaime/Desktop/f1tenth/sim_ws/install/reactive_follower_pkg/bin'
[19.740s] Level 1:colcon.colcon_core.environment:checking '/home/jaime/Desktop/f1tenth/sim_ws/install/reactive_follower_pkg/lib/pkgconfig/reactive_follower_pkg.pc'
[19.740s] Level 1:colcon.colcon_core.environment:checking '/home/jaime/Desktop/f1tenth/sim_ws/install/reactive_follower_pkg/lib/python3.8/site-packages'
[19.740s] Level 1:colcon.colcon_core.environment:checking '/home/jaime/Desktop/f1tenth/sim_ws/install/reactive_follower_pkg/bin'
[19.741s] INFO:colcon.colcon_core.shell:Creating package script '/home/jaime/Desktop/f1tenth/sim_ws/install/reactive_follower_pkg/share/reactive_follower_pkg/package.ps1'
[19.742s] INFO:colcon.colcon_core.shell:Creating package descriptor '/home/jaime/Desktop/f1tenth/sim_ws/install/reactive_follower_pkg/share/reactive_follower_pkg/package.dsv'
[19.752s] INFO:colcon.colcon_core.shell:Creating package script '/home/jaime/Desktop/f1tenth/sim_ws/install/reactive_follower_pkg/share/reactive_follower_pkg/package.sh'
[19.761s] INFO:colcon.colcon_core.shell:Creating package script '/home/jaime/Desktop/f1tenth/sim_ws/install/reactive_follower_pkg/share/reactive_follower_pkg/package.bash'
[19.764s] INFO:colcon.colcon_core.shell:Creating package script '/home/jaime/Desktop/f1tenth/sim_ws/install/reactive_follower_pkg/share/reactive_follower_pkg/package.zsh'
[19.766s] Level 1:colcon.colcon_core.environment:create_file_with_runtime_dependencies(/home/jaime/Desktop/f1tenth/sim_ws/install/reactive_follower_pkg/share/colcon-core/packages/reactive_follower_pkg)
[19.769s] DEBUG:colcon.colcon_parallel_executor.executor.parallel:closing loop
[19.770s] DEBUG:colcon.colcon_parallel_executor.executor.parallel:loop closed
[19.770s] DEBUG:colcon.colcon_parallel_executor.executor.parallel:run_until_complete finished with '0'
[19.770s] DEBUG:colcon.colcon_core.event_reactor:joining thread
[19.781s] INFO:colcon.colcon_core.plugin_system:Skipping extension 'colcon_notification.desktop_notification.terminal_notifier': Not used on non-Darwin systems
[19.786s] INFO:colcon.colcon_core.plugin_system:Skipping extension 'colcon_notification.desktop_notification.win32': Not used on non-Windows systems
[19.787s] INFO:colcon.colcon_notification.desktop_notification:Sending desktop notification using 'notify2'
[19.879s] DEBUG:colcon.colcon_core.event_reactor:joined thread
[19.879s] INFO:colcon.colcon_core.shell:Creating prefix script '/home/jaime/Desktop/f1tenth/sim_ws/install/local_setup.ps1'
[19.881s] INFO:colcon.colcon_core.shell:Creating prefix util module '/home/jaime/Desktop/f1tenth/sim_ws/install/_local_setup_util_ps1.py'
[19.901s] INFO:colcon.colcon_core.shell:Creating prefix chain script '/home/jaime/Desktop/f1tenth/sim_ws/install/setup.ps1'
[19.929s] INFO:colcon.colcon_core.shell:Creating prefix script '/home/jaime/Desktop/f1tenth/sim_ws/install/local_setup.sh'
[19.939s] INFO:colcon.colcon_core.shell:Creating prefix util module '/home/jaime/Desktop/f1tenth/sim_ws/install/_local_setup_util_sh.py'
[19.945s] INFO:colcon.colcon_core.shell:Creating prefix chain script '/home/jaime/Desktop/f1tenth/sim_ws/install/setup.sh'
[19.948s] INFO:colcon.colcon_core.shell:Creating prefix script '/home/jaime/Desktop/f1tenth/sim_ws/install/local_setup.bash'
[19.950s] INFO:colcon.colcon_core.shell:Creating prefix chain script '/home/jaime/Desktop/f1tenth/sim_ws/install/setup.bash'
[19.960s] INFO:colcon.colcon_core.shell:Creating prefix script '/home/jaime/Desktop/f1tenth/sim_ws/install/local_setup.zsh'
[19.969s] INFO:colcon.colcon_core.shell:Creating prefix chain script '/home/jaime/Desktop/f1tenth/sim_ws/install/setup.zsh'
