[1.140s] Invoking command in '/home/jaime/Desktop/sim_ws/src/f1tenth_gym_ros': PYTHONPATH=/home/jaime/Desktop/sim_ws/build/f1tenth_gym_ros/prefix_override:/usr/lib/python3/dist-packages/colcon_core/task/python/colcon_distutils_commands:/home/jaime/Desktop/sim_ws/install/f1tenth_gym_ros/lib/python3.8/site-packages:${PYTHONPATH} /usr/bin/python3 -W ignore:setup.py install is deprecated -W ignore:easy_install command is deprecated setup.py egg_info --egg-base ../../build/f1tenth_gym_ros build --build-base /home/jaime/Desktop/sim_ws/build/f1tenth_gym_ros/build install --record /home/jaime/Desktop/sim_ws/build/f1tenth_gym_ros/install.log --single-version-externally-managed install_data
[1.398s] running egg_info
[1.402s] writing ../../build/f1tenth_gym_ros/f1tenth_gym_ros.egg-info/PKG-INFO
[1.406s] writing dependency_links to ../../build/f1tenth_gym_ros/f1tenth_gym_ros.egg-info/dependency_links.txt
[1.406s] writing entry points to ../../build/f1tenth_gym_ros/f1tenth_gym_ros.egg-info/entry_points.txt
[1.406s] writing requirements to ../../build/f1tenth_gym_ros/f1tenth_gym_ros.egg-info/requires.txt
[1.406s] writing top-level names to ../../build/f1tenth_gym_ros/f1tenth_gym_ros.egg-info/top_level.txt
[1.451s] reading manifest file '../../build/f1tenth_gym_ros/f1tenth_gym_ros.egg-info/SOURCES.txt'
[1.453s] writing manifest file '../../build/f1tenth_gym_ros/f1tenth_gym_ros.egg-info/SOURCES.txt'
[1.454s] running build
[1.454s] running build_py
[1.454s] running install
[1.455s] running install_lib
[1.457s] running install_data
[1.458s] running install_egg_info
[1.460s] removing '/home/jaime/Desktop/sim_ws/install/f1tenth_gym_ros/lib/python3.8/site-packages/f1tenth_gym_ros-0.0.0-py3.8.egg-info' (and everything under it)
[1.461s] Copying ../../build/f1tenth_gym_ros/f1tenth_gym_ros.egg-info to /home/jaime/Desktop/sim_ws/install/f1tenth_gym_ros/lib/python3.8/site-packages/f1tenth_gym_ros-0.0.0-py3.8.egg-info
[1.466s] running install_scripts
[1.486s] Installing gym_bridge script to /home/jaime/Desktop/sim_ws/install/f1tenth_gym_ros/lib/f1tenth_gym_ros
[1.491s] writing list of installed files to '/home/jaime/Desktop/sim_ws/build/f1tenth_gym_ros/install.log'
[1.522s] Invoked command in '/home/jaime/Desktop/sim_ws/src/f1tenth_gym_ros' returned '0': PYTHONPATH=/home/jaime/Desktop/sim_ws/build/f1tenth_gym_ros/prefix_override:/usr/lib/python3/dist-packages/colcon_core/task/python/colcon_distutils_commands:/home/jaime/Desktop/sim_ws/install/f1tenth_gym_ros/lib/python3.8/site-packages:${PYTHONPATH} /usr/bin/python3 -W ignore:setup.py install is deprecated -W ignore:easy_install command is deprecated setup.py egg_info --egg-base ../../build/f1tenth_gym_ros build --build-base /home/jaime/Desktop/sim_ws/build/f1tenth_gym_ros/build install --record /home/jaime/Desktop/sim_ws/build/f1tenth_gym_ros/install.log --single-version-externally-managed install_data
