[1.935s] Invoking command in '/home/jaime/Desktop/f1tenth/sim_ws/src/f1tenth_gym_ros': PYTHONPATH=/home/jaime/Desktop/f1tenth/sim_ws/build/f1tenth_gym_ros/prefix_override:/usr/lib/python3/dist-packages/colcon_core/task/python/colcon_distutils_commands:/home/jaime/Desktop/f1tenth/sim_ws/install/f1tenth_gym_ros/lib/python3.8/site-packages:${PYTHONPATH} /usr/bin/python3 -W ignore:setup.py install is deprecated -W ignore:easy_install command is deprecated setup.py egg_info --egg-base ../../build/f1tenth_gym_ros build --build-base /home/jaime/Desktop/f1tenth/sim_ws/build/f1tenth_gym_ros/build install --record /home/jaime/Desktop/f1tenth/sim_ws/build/f1tenth_gym_ros/install.log --single-version-externally-managed install_data
[2.536s] running egg_info
[2.540s] writing ../../build/f1tenth_gym_ros/f1tenth_gym_ros.egg-info/PKG-INFO
[2.543s] writing dependency_links to ../../build/f1tenth_gym_ros/f1tenth_gym_ros.egg-info/dependency_links.txt
[2.545s] writing entry points to ../../build/f1tenth_gym_ros/f1tenth_gym_ros.egg-info/entry_points.txt
[2.550s] writing requirements to ../../build/f1tenth_gym_ros/f1tenth_gym_ros.egg-info/requires.txt
[2.569s] writing top-level names to ../../build/f1tenth_gym_ros/f1tenth_gym_ros.egg-info/top_level.txt
[2.700s] reading manifest file '../../build/f1tenth_gym_ros/f1tenth_gym_ros.egg-info/SOURCES.txt'
[2.703s] writing manifest file '../../build/f1tenth_gym_ros/f1tenth_gym_ros.egg-info/SOURCES.txt'
[2.719s] running build
[2.719s] running build_py
[2.722s] running install
[2.733s] running install_lib
[2.738s] running install_data
[2.739s] running install_egg_info
[2.742s] removing '/home/jaime/Desktop/f1tenth/sim_ws/install/f1tenth_gym_ros/lib/python3.8/site-packages/f1tenth_gym_ros-0.0.0-py3.8.egg-info' (and everything under it)
[2.757s] Copying ../../build/f1tenth_gym_ros/f1tenth_gym_ros.egg-info to /home/jaime/Desktop/f1tenth/sim_ws/install/f1tenth_gym_ros/lib/python3.8/site-packages/f1tenth_gym_ros-0.0.0-py3.8.egg-info
[2.772s] running install_scripts
[2.818s] Installing gym_bridge script to /home/jaime/Desktop/f1tenth/sim_ws/install/f1tenth_gym_ros/lib/f1tenth_gym_ros
[2.832s] writing list of installed files to '/home/jaime/Desktop/f1tenth/sim_ws/build/f1tenth_gym_ros/install.log'
[2.922s] Invoked command in '/home/jaime/Desktop/f1tenth/sim_ws/src/f1tenth_gym_ros' returned '0': PYTHONPATH=/home/jaime/Desktop/f1tenth/sim_ws/build/f1tenth_gym_ros/prefix_override:/usr/lib/python3/dist-packages/colcon_core/task/python/colcon_distutils_commands:/home/jaime/Desktop/f1tenth/sim_ws/install/f1tenth_gym_ros/lib/python3.8/site-packages:${PYTHONPATH} /usr/bin/python3 -W ignore:setup.py install is deprecated -W ignore:easy_install command is deprecated setup.py egg_info --egg-base ../../build/f1tenth_gym_ros build --build-base /home/jaime/Desktop/f1tenth/sim_ws/build/f1tenth_gym_ros/build install --record /home/jaime/Desktop/f1tenth/sim_ws/build/f1tenth_gym_ros/install.log --single-version-externally-managed install_data
