[1.405s] Invoking command in '/home/jaime/Desktop/f1tenth/sim_ws/build/reactive_follower_pkg': CMAKE_PREFIX_PATH=${CMAKE_PREFIX_PATH}:/home/jaime/Desktop/f1tenth/sim_ws/install/f1tenth_gym_ros:/opt/ros/foxy /usr/bin/cmake --build /home/jaime/Desktop/f1tenth/sim_ws/build/reactive_follower_pkg -- -j2 -l2
[1.704s] [35m[1mScanning dependencies of target reactive_follower_node[0m
[2.031s] [ 33%] [32mBuilding CXX object CMakeFiles/reactive_follower_node.dir/src/reactive_follower_node.cpp.o[0m
[14.080s] [ 66%] [32m[1mLinking CXX executable reactive_follower_node[0m
[15.854s] [100%] Built target reactive_follower_node
[15.951s] Invoked command in '/home/jaime/Desktop/f1tenth/sim_ws/build/reactive_follower_pkg' returned '0': CMAKE_PREFIX_PATH=${CMAKE_PREFIX_PATH}:/home/jaime/Desktop/f1tenth/sim_ws/install/f1tenth_gym_ros:/opt/ros/foxy /usr/bin/cmake --build /home/jaime/Desktop/f1tenth/sim_ws/build/reactive_follower_pkg -- -j2 -l2
[16.027s] Invoking command in '/home/jaime/Desktop/f1tenth/sim_ws/build/reactive_follower_pkg': CMAKE_PREFIX_PATH=${CMAKE_PREFIX_PATH}:/home/jaime/Desktop/f1tenth/sim_ws/install/f1tenth_gym_ros:/opt/ros/foxy /usr/bin/cmake --install /home/jaime/Desktop/f1tenth/sim_ws/build/reactive_follower_pkg
[16.106s] -- Install configuration: ""
[16.107s] -- Installing: /home/jaime/Desktop/f1tenth/sim_ws/install/reactive_follower_pkg/lib/reactive_follower_pkg/reactive_follower_node
[16.133s] -- Set runtime path of "/home/jaime/Desktop/f1tenth/sim_ws/install/reactive_follower_pkg/lib/reactive_follower_pkg/reactive_follower_node" to ""
[16.133s] -- Up-to-date: /home/jaime/Desktop/f1tenth/sim_ws/install/reactive_follower_pkg/include/reactive_follower_pkg
[16.134s] -- Up-to-date: /home/jaime/Desktop/f1tenth/sim_ws/install/reactive_follower_pkg/include/reactive_follower_pkg/reactive_follower_pkg
[16.134s] -- Up-to-date: /home/jaime/Desktop/f1tenth/sim_ws/install/reactive_follower_pkg/include/reactive_follower_pkg/reactive_follower_pkg/reactive_follower_node.hpp
[16.134s] -- Up-to-date: /home/jaime/Desktop/f1tenth/sim_ws/install/reactive_follower_pkg/share/reactive_follower_pkg/
[16.134s] -- Up-to-date: /home/jaime/Desktop/f1tenth/sim_ws/install/reactive_follower_pkg/share/reactive_follower_pkg//reactive_follower.launch.py
[16.134s] -- Up-to-date: /home/jaime/Desktop/f1tenth/sim_ws/install/reactive_follower_pkg/share/reactive_follower_pkg/
[16.134s] -- Up-to-date: /home/jaime/Desktop/f1tenth/sim_ws/install/reactive_follower_pkg/share/reactive_follower_pkg//reactive_follower.yaml
[16.134s] -- Up-to-date: /home/jaime/Desktop/f1tenth/sim_ws/install/reactive_follower_pkg/share/ament_index/resource_index/package_run_dependencies/reactive_follower_pkg
[16.134s] -- Up-to-date: /home/jaime/Desktop/f1tenth/sim_ws/install/reactive_follower_pkg/share/ament_index/resource_index/parent_prefix_path/reactive_follower_pkg
[16.134s] -- Up-to-date: /home/jaime/Desktop/f1tenth/sim_ws/install/reactive_follower_pkg/share/reactive_follower_pkg/environment/ament_prefix_path.sh
[16.134s] -- Up-to-date: /home/jaime/Desktop/f1tenth/sim_ws/install/reactive_follower_pkg/share/reactive_follower_pkg/environment/ament_prefix_path.dsv
[16.134s] -- Up-to-date: /home/jaime/Desktop/f1tenth/sim_ws/install/reactive_follower_pkg/share/reactive_follower_pkg/environment/path.sh
[16.134s] -- Up-to-date: /home/jaime/Desktop/f1tenth/sim_ws/install/reactive_follower_pkg/share/reactive_follower_pkg/environment/path.dsv
[16.135s] -- Up-to-date: /home/jaime/Desktop/f1tenth/sim_ws/install/reactive_follower_pkg/share/reactive_follower_pkg/local_setup.bash
[16.135s] -- Up-to-date: /home/jaime/Desktop/f1tenth/sim_ws/install/reactive_follower_pkg/share/reactive_follower_pkg/local_setup.sh
[16.135s] -- Up-to-date: /home/jaime/Desktop/f1tenth/sim_ws/install/reactive_follower_pkg/share/reactive_follower_pkg/local_setup.zsh
[16.135s] -- Up-to-date: /home/jaime/Desktop/f1tenth/sim_ws/install/reactive_follower_pkg/share/reactive_follower_pkg/local_setup.dsv
[16.140s] -- Installing: /home/jaime/Desktop/f1tenth/sim_ws/install/reactive_follower_pkg/share/reactive_follower_pkg/package.dsv
[16.141s] -- Up-to-date: /home/jaime/Desktop/f1tenth/sim_ws/install/reactive_follower_pkg/share/ament_index/resource_index/packages/reactive_follower_pkg
[16.142s] -- Up-to-date: /home/jaime/Desktop/f1tenth/sim_ws/install/reactive_follower_pkg/share/reactive_follower_pkg/cmake/reactive_follower_pkgConfig.cmake
[16.142s] -- Up-to-date: /home/jaime/Desktop/f1tenth/sim_ws/install/reactive_follower_pkg/share/reactive_follower_pkg/cmake/reactive_follower_pkgConfig-version.cmake
[16.142s] -- Up-to-date: /home/jaime/Desktop/f1tenth/sim_ws/install/reactive_follower_pkg/share/reactive_follower_pkg/package.xml
[16.150s] Invoked command in '/home/jaime/Desktop/f1tenth/sim_ws/build/reactive_follower_pkg' returned '0': CMAKE_PREFIX_PATH=${CMAKE_PREFIX_PATH}:/home/jaime/Desktop/f1tenth/sim_ws/install/f1tenth_gym_ros:/opt/ros/foxy /usr/bin/cmake --install /home/jaime/Desktop/f1tenth/sim_ws/build/reactive_follower_pkg
