[0.628s] DEBUG:colcon:Command line arguments: ['/usr/bin/colcon', 'build']
[0.629s] DEBUG:colcon:Parsed command line arguments: Namespace(allow_overriding=[], ament_cmake_args=None, base_paths=['.'], build_base='build', catkin_cmake_args=None, catkin_skip_building_tests=False, cmake_args=None, cmake_clean_cache=False, cmake_clean_first=False, cmake_force_configure=False, cmake_target=None, cmake_target_skip_unavailable=False, continue_on_error=False, event_handlers=None, executor='parallel', ignore_user_meta=False, install_base='install', log_base=None, log_level=None, main=<bound method BuildVerb.main of <colcon_core.verb.build.BuildVerb object at 0x7f84a2eb8dc0>>, merge_install=False, metas=['./colcon.meta'], mixin=None, mixin_files=None, mixin_verb=('build',), packages_above=None, packages_above_and_dependencies=None, packages_above_depth=None, packages_end=None, packages_ignore=None, packages_ignore_regex=None, packages_select=None, packages_select_build_failed=False, packages_select_by_dep=None, packages_select_regex=None, packages_select_test_failures=False, packages_skip=None, packages_skip_build_finished=False, packages_skip_by_dep=None, packages_skip_regex=None, packages_skip_test_passed=False, packages_skip_up_to=None, packages_start=None, packages_up_to=None, packages_up_to_regex=None, parallel_workers=2, paths=None, symlink_install=False, test_result_base=None, verb_extension=<colcon_core.verb.build.BuildVerb object at 0x7f84a2eb8dc0>, verb_name='build', verb_parser=<colcon_mixin.mixin.mixin_argument.MixinArgumentDecorator object at 0x7f84a2ec93d0>)
[1.197s] Level 1:colcon.colcon_core.package_discovery:discover_packages(colcon_meta) check parameters
[1.198s] Level 1:colcon.colcon_core.package_discovery:discover_packages(recursive) check parameters
[1.198s] Level 1:colcon.colcon_core.package_discovery:discover_packages(ignore) check parameters
[1.198s] Level 1:colcon.colcon_core.package_discovery:discover_packages(path) check parameters
[1.198s] Level 1:colcon.colcon_core.package_discovery:discover_packages(colcon_meta) discover
[1.199s] Level 1:colcon.colcon_core.package_discovery:discover_packages(recursive) discover
[1.199s] INFO:colcon.colcon_core.package_discovery:Crawling recursively for packages in '/home/jaime/Desktop/f1tenth/sim_ws'
[1.200s] Level 1:colcon.colcon_core.package_identification:_identify(.) by extensions ['ignore', 'ignore_ament_install']
[1.200s] Level 1:colcon.colcon_core.package_identification:_identify(.) by extension 'ignore'
[1.200s] Level 1:colcon.colcon_core.package_identification:_identify(.) by extension 'ignore_ament_install'
[1.201s] Level 1:colcon.colcon_core.package_identification:_identify(.) by extensions ['colcon_pkg']
[1.201s] Level 1:colcon.colcon_core.package_identification:_identify(.) by extension 'colcon_pkg'
[1.201s] Level 1:colcon.colcon_core.package_identification:_identify(.) by extensions ['colcon_meta']
[1.201s] Level 1:colcon.colcon_core.package_identification:_identify(.) by extension 'colcon_meta'
[1.201s] Level 1:colcon.colcon_core.package_identification:_identify(.) by extensions ['ros']
[1.202s] Level 1:colcon.colcon_core.package_identification:_identify(.) by extension 'ros'
[1.287s] Level 1:colcon.colcon_core.package_identification:_identify(.) by extensions ['cmake', 'python']
[1.296s] Level 1:colcon.colcon_core.package_identification:_identify(.) by extension 'cmake'
[1.312s] Level 1:colcon.colcon_core.package_identification:_identify(.) by extension 'python'
[1.313s] Level 1:colcon.colcon_core.package_identification:_identify(.) by extensions ['python_setup_py']
[1.315s] Level 1:colcon.colcon_core.package_identification:_identify(.) by extension 'python_setup_py'
[1.316s] Level 1:colcon.colcon_core.package_identification:_identify(build) by extensions ['ignore', 'ignore_ament_install']
[1.316s] Level 1:colcon.colcon_core.package_identification:_identify(build) by extension 'ignore'
[1.316s] Level 1:colcon.colcon_core.package_identification:_identify(build) ignored
[1.317s] Level 1:colcon.colcon_core.package_identification:_identify(install) by extensions ['ignore', 'ignore_ament_install']
[1.317s] Level 1:colcon.colcon_core.package_identification:_identify(install) by extension 'ignore'
[1.317s] Level 1:colcon.colcon_core.package_identification:_identify(install) ignored
[1.318s] Level 1:colcon.colcon_core.package_identification:_identify(log) by extensions ['ignore', 'ignore_ament_install']
[1.318s] Level 1:colcon.colcon_core.package_identification:_identify(log) by extension 'ignore'
[1.318s] Level 1:colcon.colcon_core.package_identification:_identify(log) ignored
[1.318s] Level 1:colcon.colcon_core.package_identification:_identify(src) by extensions ['ignore', 'ignore_ament_install']
[1.319s] Level 1:colcon.colcon_core.package_identification:_identify(src) by extension 'ignore'
[1.319s] Level 1:colcon.colcon_core.package_identification:_identify(src) by extension 'ignore_ament_install'
[1.320s] Level 1:colcon.colcon_core.package_identification:_identify(src) by extensions ['colcon_pkg']
[1.320s] Level 1:colcon.colcon_core.package_identification:_identify(src) by extension 'colcon_pkg'
[1.320s] Level 1:colcon.colcon_core.package_identification:_identify(src) by extensions ['colcon_meta']
[1.320s] Level 1:colcon.colcon_core.package_identification:_identify(src) by extension 'colcon_meta'
[1.320s] Level 1:colcon.colcon_core.package_identification:_identify(src) by extensions ['ros']
[1.320s] Level 1:colcon.colcon_core.package_identification:_identify(src) by extension 'ros'
[1.321s] Level 1:colcon.colcon_core.package_identification:_identify(src) by extensions ['cmake', 'python']
[1.321s] Level 1:colcon.colcon_core.package_identification:_identify(src) by extension 'cmake'
[1.321s] Level 1:colcon.colcon_core.package_identification:_identify(src) by extension 'python'
[1.321s] Level 1:colcon.colcon_core.package_identification:_identify(src) by extensions ['python_setup_py']
[1.321s] Level 1:colcon.colcon_core.package_identification:_identify(src) by extension 'python_setup_py'
[1.321s] Level 1:colcon.colcon_core.package_identification:_identify(src/f1tenth_gym_ros) by extensions ['ignore', 'ignore_ament_install']
[1.322s] Level 1:colcon.colcon_core.package_identification:_identify(src/f1tenth_gym_ros) by extension 'ignore'
[1.322s] Level 1:colcon.colcon_core.package_identification:_identify(src/f1tenth_gym_ros) by extension 'ignore_ament_install'
[1.322s] Level 1:colcon.colcon_core.package_identification:_identify(src/f1tenth_gym_ros) by extensions ['colcon_pkg']
[1.322s] Level 1:colcon.colcon_core.package_identification:_identify(src/f1tenth_gym_ros) by extension 'colcon_pkg'
[1.322s] Level 1:colcon.colcon_core.package_identification:_identify(src/f1tenth_gym_ros) by extensions ['colcon_meta']
[1.322s] Level 1:colcon.colcon_core.package_identification:_identify(src/f1tenth_gym_ros) by extension 'colcon_meta'
[1.322s] Level 1:colcon.colcon_core.package_identification:_identify(src/f1tenth_gym_ros) by extensions ['ros']
[1.322s] Level 1:colcon.colcon_core.package_identification:_identify(src/f1tenth_gym_ros) by extension 'ros'
[1.327s] DEBUG:colcon.colcon_core.package_identification:Package 'src/f1tenth_gym_ros' with type 'ros.ament_python' and name 'f1tenth_gym_ros'
[1.327s] Level 1:colcon.colcon_core.package_identification:_identify(src/reactive_follower_pkg) by extensions ['ignore', 'ignore_ament_install']
[1.327s] Level 1:colcon.colcon_core.package_identification:_identify(src/reactive_follower_pkg) by extension 'ignore'
[1.327s] Level 1:colcon.colcon_core.package_identification:_identify(src/reactive_follower_pkg) by extension 'ignore_ament_install'
[1.328s] Level 1:colcon.colcon_core.package_identification:_identify(src/reactive_follower_pkg) by extensions ['colcon_pkg']
[1.329s] Level 1:colcon.colcon_core.package_identification:_identify(src/reactive_follower_pkg) by extension 'colcon_pkg'
[1.329s] Level 1:colcon.colcon_core.package_identification:_identify(src/reactive_follower_pkg) by extensions ['colcon_meta']
[1.329s] Level 1:colcon.colcon_core.package_identification:_identify(src/reactive_follower_pkg) by extension 'colcon_meta'
[1.329s] Level 1:colcon.colcon_core.package_identification:_identify(src/reactive_follower_pkg) by extensions ['ros']
[1.329s] Level 1:colcon.colcon_core.package_identification:_identify(src/reactive_follower_pkg) by extension 'ros'
[1.333s] DEBUG:colcon.colcon_core.package_identification:Package 'src/reactive_follower_pkg' with type 'ros.ament_cmake' and name 'reactive_follower_pkg'
[1.333s] Level 1:colcon.colcon_core.package_discovery:discover_packages(recursive) using defaults
[1.334s] Level 1:colcon.colcon_core.package_discovery:discover_packages(ignore) discover
[1.334s] Level 1:colcon.colcon_core.package_discovery:discover_packages(ignore) using defaults
[1.334s] Level 1:colcon.colcon_core.package_discovery:discover_packages(path) discover
[1.334s] Level 1:colcon.colcon_core.package_discovery:discover_packages(path) using defaults
[1.405s] Level 1:colcon.colcon_core.package_discovery:discover_packages(prefix_path) check parameters
[1.405s] Level 1:colcon.colcon_core.package_discovery:discover_packages(prefix_path) discover
[1.408s] DEBUG:colcon.colcon_installed_package_information.package_discovery:Found 2 installed packages in /home/jaime/Desktop/f1tenth/sim_ws/install
[1.409s] DEBUG:colcon.colcon_installed_package_information.package_discovery:Found 289 installed packages in /opt/ros/foxy
[1.455s] Level 1:colcon.colcon_core.package_discovery:discover_packages(prefix_path) using defaults
[1.555s] Level 5:colcon.colcon_core.verb:set package 'f1tenth_gym_ros' build argument 'cmake_args' from command line to 'None'
[1.559s] Level 5:colcon.colcon_core.verb:set package 'f1tenth_gym_ros' build argument 'cmake_target' from command line to 'None'
[1.560s] Level 5:colcon.colcon_core.verb:set package 'f1tenth_gym_ros' build argument 'cmake_target_skip_unavailable' from command line to 'False'
[1.560s] Level 5:colcon.colcon_core.verb:set package 'f1tenth_gym_ros' build argument 'cmake_clean_cache' from command line to 'False'
[1.560s] Level 5:colcon.colcon_core.verb:set package 'f1tenth_gym_ros' build argument 'cmake_clean_first' from command line to 'False'
[1.561s] Level 5:colcon.colcon_core.verb:set package 'f1tenth_gym_ros' build argument 'cmake_force_configure' from command line to 'False'
[1.561s] Level 5:colcon.colcon_core.verb:set package 'f1tenth_gym_ros' build argument 'ament_cmake_args' from command line to 'None'
[1.561s] Level 5:colcon.colcon_core.verb:set package 'f1tenth_gym_ros' build argument 'catkin_cmake_args' from command line to 'None'
[1.561s] Level 5:colcon.colcon_core.verb:set package 'f1tenth_gym_ros' build argument 'catkin_skip_building_tests' from command line to 'False'
[1.562s] DEBUG:colcon.colcon_core.verb:Building package 'f1tenth_gym_ros' with the following arguments: {'ament_cmake_args': None, 'build_base': '/home/jaime/Desktop/f1tenth/sim_ws/build/f1tenth_gym_ros', 'catkin_cmake_args': None, 'catkin_skip_building_tests': False, 'cmake_args': None, 'cmake_clean_cache': False, 'cmake_clean_first': False, 'cmake_force_configure': False, 'cmake_target': None, 'cmake_target_skip_unavailable': False, 'install_base': '/home/jaime/Desktop/f1tenth/sim_ws/install/f1tenth_gym_ros', 'merge_install': False, 'path': '/home/jaime/Desktop/f1tenth/sim_ws/src/f1tenth_gym_ros', 'symlink_install': False, 'test_result_base': None}
[1.570s] Level 5:colcon.colcon_core.verb:set package 'reactive_follower_pkg' build argument 'cmake_args' from command line to 'None'
[1.570s] Level 5:colcon.colcon_core.verb:set package 'reactive_follower_pkg' build argument 'cmake_target' from command line to 'None'
[1.570s] Level 5:colcon.colcon_core.verb:set package 'reactive_follower_pkg' build argument 'cmake_target_skip_unavailable' from command line to 'False'
[1.570s] Level 5:colcon.colcon_core.verb:set package 'reactive_follower_pkg' build argument 'cmake_clean_cache' from command line to 'False'
[1.571s] Level 5:colcon.colcon_core.verb:set package 'reactive_follower_pkg' build argument 'cmake_clean_first' from command line to 'False'
[1.571s] Level 5:colcon.colcon_core.verb:set package 'reactive_follower_pkg' build argument 'cmake_force_configure' from command line to 'False'
[1.571s] Level 5:colcon.colcon_core.verb:set package 'reactive_follower_pkg' build argument 'ament_cmake_args' from command line to 'None'
[1.571s] Level 5:colcon.colcon_core.verb:set package 'reactive_follower_pkg' build argument 'catkin_cmake_args' from command line to 'None'
[1.571s] Level 5:colcon.colcon_core.verb:set package 'reactive_follower_pkg' build argument 'catkin_skip_building_tests' from command line to 'False'
[1.571s] DEBUG:colcon.colcon_core.verb:Building package 'reactive_follower_pkg' with the following arguments: {'ament_cmake_args': None, 'build_base': '/home/jaime/Desktop/f1tenth/sim_ws/build/reactive_follower_pkg', 'catkin_cmake_args': None, 'catkin_skip_building_tests': False, 'cmake_args': None, 'cmake_clean_cache': False, 'cmake_clean_first': False, 'cmake_force_configure': False, 'cmake_target': None, 'cmake_target_skip_unavailable': False, 'install_base': '/home/jaime/Desktop/f1tenth/sim_ws/install/reactive_follower_pkg', 'merge_install': False, 'path': '/home/jaime/Desktop/f1tenth/sim_ws/src/reactive_follower_pkg', 'symlink_install': False, 'test_result_base': None}
[1.571s] INFO:colcon.colcon_core.executor:Executing jobs using 'parallel' executor
[1.574s] DEBUG:colcon.colcon_parallel_executor.executor.parallel:run_until_complete
[1.574s] INFO:colcon.colcon_ros.task.ament_python.build:Building ROS package in '/home/jaime/Desktop/f1tenth/sim_ws/src/f1tenth_gym_ros' with build type 'ament_python'
[1.575s] Level 1:colcon.colcon_core.shell:create_environment_hook('f1tenth_gym_ros', 'ament_prefix_path')
[1.577s] INFO:colcon.colcon_core.plugin_system:Skipping extension 'colcon_core.shell.bat': Not used on non-Windows systems
[1.578s] INFO:colcon.colcon_core.shell:Creating environment hook '/home/jaime/Desktop/f1tenth/sim_ws/install/f1tenth_gym_ros/share/f1tenth_gym_ros/hook/ament_prefix_path.ps1'
[1.579s] INFO:colcon.colcon_core.shell:Creating environment descriptor '/home/jaime/Desktop/f1tenth/sim_ws/install/f1tenth_gym_ros/share/f1tenth_gym_ros/hook/ament_prefix_path.dsv'
[1.584s] INFO:colcon.colcon_core.shell:Creating environment hook '/home/jaime/Desktop/f1tenth/sim_ws/install/f1tenth_gym_ros/share/f1tenth_gym_ros/hook/ament_prefix_path.sh'
[1.589s] INFO:colcon.colcon_core.shell:Skip shell extension 'powershell' for command environment: Not usable outside of PowerShell
[1.590s] DEBUG:colcon.colcon_core.shell:Skip shell extension 'dsv' for command environment
[1.614s] INFO:colcon.colcon_ros.task.ament_cmake.build:Building ROS package in '/home/jaime/Desktop/f1tenth/sim_ws/src/reactive_follower_pkg' with build type 'ament_cmake'
[1.614s] INFO:colcon.colcon_cmake.task.cmake.build:Building CMake package in '/home/jaime/Desktop/f1tenth/sim_ws/src/reactive_follower_pkg'
[1.615s] INFO:colcon.colcon_core.shell:Skip shell extension 'powershell' for command environment: Not usable outside of PowerShell
[1.615s] DEBUG:colcon.colcon_core.shell:Skip shell extension 'dsv' for command environment
[2.140s] INFO:colcon.colcon_core.task.python.build:Building Python package in '/home/jaime/Desktop/f1tenth/sim_ws/src/f1tenth_gym_ros'
[2.140s] INFO:colcon.colcon_core.shell:Skip shell extension 'powershell' for command environment: Not usable outside of PowerShell
[2.140s] DEBUG:colcon.colcon_core.shell:Skip shell extension 'dsv' for command environment
[2.175s] DEBUG:colcon.colcon_core.event_handler.log_command:Invoking command in '/home/jaime/Desktop/f1tenth/sim_ws/build/reactive_follower_pkg': CMAKE_PREFIX_PATH=${CMAKE_PREFIX_PATH}:/home/jaime/Desktop/f1tenth/sim_ws/install/f1tenth_gym_ros:/opt/ros/foxy /usr/bin/cmake --build /home/jaime/Desktop/f1tenth/sim_ws/build/reactive_follower_pkg -- -j2 -l2
[3.502s] DEBUG:colcon.colcon_core.event_handler.log_command:Invoking command in '/home/jaime/Desktop/f1tenth/sim_ws/src/f1tenth_gym_ros': PYTHONPATH=/home/jaime/Desktop/f1tenth/sim_ws/build/f1tenth_gym_ros/prefix_override:/usr/lib/python3/dist-packages/colcon_core/task/python/colcon_distutils_commands:/home/jaime/Desktop/f1tenth/sim_ws/install/f1tenth_gym_ros/lib/python3.8/site-packages:${PYTHONPATH} /usr/bin/python3 -W ignore:setup.py install is deprecated -W ignore:easy_install command is deprecated setup.py egg_info --egg-base ../../build/f1tenth_gym_ros build --build-base /home/jaime/Desktop/f1tenth/sim_ws/build/f1tenth_gym_ros/build install --record /home/jaime/Desktop/f1tenth/sim_ws/build/f1tenth_gym_ros/install.log --single-version-externally-managed install_data
[5.592s] DEBUG:colcon.colcon_core.event_handler.log_command:Invoked command in '/home/jaime/Desktop/f1tenth/sim_ws/src/f1tenth_gym_ros' returned '0': PYTHONPATH=/home/jaime/Desktop/f1tenth/sim_ws/build/f1tenth_gym_ros/prefix_override:/usr/lib/python3/dist-packages/colcon_core/task/python/colcon_distutils_commands:/home/jaime/Desktop/f1tenth/sim_ws/install/f1tenth_gym_ros/lib/python3.8/site-packages:${PYTHONPATH} /usr/bin/python3 -W ignore:setup.py install is deprecated -W ignore:easy_install command is deprecated setup.py egg_info --egg-base ../../build/f1tenth_gym_ros build --build-base /home/jaime/Desktop/f1tenth/sim_ws/build/f1tenth_gym_ros/build install --record /home/jaime/Desktop/f1tenth/sim_ws/build/f1tenth_gym_ros/install.log --single-version-externally-managed install_data
[5.596s] Level 1:colcon.colcon_core.environment:checking '/home/jaime/Desktop/f1tenth/sim_ws/install/f1tenth_gym_ros' for CMake module files
[5.598s] Level 1:colcon.colcon_core.environment:checking '/home/jaime/Desktop/f1tenth/sim_ws/install/f1tenth_gym_ros' for CMake config files
[5.608s] Level 1:colcon.colcon_core.environment:checking '/home/jaime/Desktop/f1tenth/sim_ws/install/f1tenth_gym_ros/lib'
[5.608s] Level 1:colcon.colcon_core.environment:checking '/home/jaime/Desktop/f1tenth/sim_ws/install/f1tenth_gym_ros/bin'
[5.649s] Level 1:colcon.colcon_core.environment:checking '/home/jaime/Desktop/f1tenth/sim_ws/install/f1tenth_gym_ros/lib/pkgconfig/f1tenth_gym_ros.pc'
[5.652s] Level 1:colcon.colcon_core.environment:checking '/home/jaime/Desktop/f1tenth/sim_ws/install/f1tenth_gym_ros/lib/python3.8/site-packages'
[5.652s] Level 1:colcon.colcon_core.shell:create_environment_hook('f1tenth_gym_ros', 'pythonpath')
[5.652s] INFO:colcon.colcon_core.shell:Creating environment hook '/home/jaime/Desktop/f1tenth/sim_ws/install/f1tenth_gym_ros/share/f1tenth_gym_ros/hook/pythonpath.ps1'
[5.665s] INFO:colcon.colcon_core.shell:Creating environment descriptor '/home/jaime/Desktop/f1tenth/sim_ws/install/f1tenth_gym_ros/share/f1tenth_gym_ros/hook/pythonpath.dsv'
[5.668s] INFO:colcon.colcon_core.shell:Creating environment hook '/home/jaime/Desktop/f1tenth/sim_ws/install/f1tenth_gym_ros/share/f1tenth_gym_ros/hook/pythonpath.sh'
[5.671s] Level 1:colcon.colcon_core.environment:checking '/home/jaime/Desktop/f1tenth/sim_ws/install/f1tenth_gym_ros/bin'
[5.672s] Level 1:colcon.colcon_core.environment:create_environment_scripts_only(f1tenth_gym_ros)
[5.672s] INFO:colcon.colcon_core.shell:Creating package script '/home/jaime/Desktop/f1tenth/sim_ws/install/f1tenth_gym_ros/share/f1tenth_gym_ros/package.ps1'
[5.680s] INFO:colcon.colcon_core.shell:Creating package descriptor '/home/jaime/Desktop/f1tenth/sim_ws/install/f1tenth_gym_ros/share/f1tenth_gym_ros/package.dsv'
[5.693s] INFO:colcon.colcon_core.shell:Creating package script '/home/jaime/Desktop/f1tenth/sim_ws/install/f1tenth_gym_ros/share/f1tenth_gym_ros/package.sh'
[5.696s] INFO:colcon.colcon_core.shell:Creating package script '/home/jaime/Desktop/f1tenth/sim_ws/install/f1tenth_gym_ros/share/f1tenth_gym_ros/package.bash'
[5.707s] INFO:colcon.colcon_core.shell:Creating package script '/home/jaime/Desktop/f1tenth/sim_ws/install/f1tenth_gym_ros/share/f1tenth_gym_ros/package.zsh'
[5.731s] Level 1:colcon.colcon_core.environment:create_file_with_runtime_dependencies(/home/jaime/Desktop/f1tenth/sim_ws/install/f1tenth_gym_ros/share/colcon-core/packages/f1tenth_gym_ros)
[13.864s] DEBUG:colcon.colcon_core.event_handler.log_command:Invoked command in '/home/jaime/Desktop/f1tenth/sim_ws/build/reactive_follower_pkg' returned '0': CMAKE_PREFIX_PATH=${CMAKE_PREFIX_PATH}:/home/jaime/Desktop/f1tenth/sim_ws/install/f1tenth_gym_ros:/opt/ros/foxy /usr/bin/cmake --build /home/jaime/Desktop/f1tenth/sim_ws/build/reactive_follower_pkg -- -j2 -l2
[13.906s] DEBUG:colcon.colcon_core.event_handler.log_command:Invoking command in '/home/jaime/Desktop/f1tenth/sim_ws/build/reactive_follower_pkg': CMAKE_PREFIX_PATH=${CMAKE_PREFIX_PATH}:/home/jaime/Desktop/f1tenth/sim_ws/install/f1tenth_gym_ros:/opt/ros/foxy /usr/bin/cmake --install /home/jaime/Desktop/f1tenth/sim_ws/build/reactive_follower_pkg
[13.985s] Level 1:colcon.colcon_core.environment:create_environment_scripts_only(reactive_follower_pkg)
[13.985s] Level 1:colcon.colcon_core.environment:checking '/home/jaime/Desktop/f1tenth/sim_ws/install/reactive_follower_pkg' for CMake module files
[13.990s] DEBUG:colcon.colcon_core.event_handler.log_command:Invoked command in '/home/jaime/Desktop/f1tenth/sim_ws/build/reactive_follower_pkg' returned '0': CMAKE_PREFIX_PATH=${CMAKE_PREFIX_PATH}:/home/jaime/Desktop/f1tenth/sim_ws/install/f1tenth_gym_ros:/opt/ros/foxy /usr/bin/cmake --install /home/jaime/Desktop/f1tenth/sim_ws/build/reactive_follower_pkg
[13.991s] Level 1:colcon.colcon_core.environment:checking '/home/jaime/Desktop/f1tenth/sim_ws/install/reactive_follower_pkg' for CMake config files
[13.991s] Level 1:colcon.colcon_core.shell:create_environment_hook('reactive_follower_pkg', 'cmake_prefix_path')
[13.992s] INFO:colcon.colcon_core.shell:Creating environment hook '/home/jaime/Desktop/f1tenth/sim_ws/install/reactive_follower_pkg/share/reactive_follower_pkg/hook/cmake_prefix_path.ps1'
[13.994s] INFO:colcon.colcon_core.shell:Creating environment descriptor '/home/jaime/Desktop/f1tenth/sim_ws/install/reactive_follower_pkg/share/reactive_follower_pkg/hook/cmake_prefix_path.dsv'
[13.995s] INFO:colcon.colcon_core.shell:Creating environment hook '/home/jaime/Desktop/f1tenth/sim_ws/install/reactive_follower_pkg/share/reactive_follower_pkg/hook/cmake_prefix_path.sh'
[13.996s] Level 1:colcon.colcon_core.environment:checking '/home/jaime/Desktop/f1tenth/sim_ws/install/reactive_follower_pkg/lib'
[13.996s] Level 1:colcon.colcon_core.environment:checking '/home/jaime/Desktop/f1tenth/sim_ws/install/reactive_follower_pkg/bin'
[13.996s] Level 1:colcon.colcon_core.environment:checking '/home/jaime/Desktop/f1tenth/sim_ws/install/reactive_follower_pkg/lib/pkgconfig/reactive_follower_pkg.pc'
[13.997s] Level 1:colcon.colcon_core.environment:checking '/home/jaime/Desktop/f1tenth/sim_ws/install/reactive_follower_pkg/lib/python3.8/site-packages'
[13.997s] Level 1:colcon.colcon_core.environment:checking '/home/jaime/Desktop/f1tenth/sim_ws/install/reactive_follower_pkg/bin'
[13.997s] INFO:colcon.colcon_core.shell:Creating package script '/home/jaime/Desktop/f1tenth/sim_ws/install/reactive_follower_pkg/share/reactive_follower_pkg/package.ps1'
[13.998s] INFO:colcon.colcon_core.shell:Creating package descriptor '/home/jaime/Desktop/f1tenth/sim_ws/install/reactive_follower_pkg/share/reactive_follower_pkg/package.dsv'
[14.012s] INFO:colcon.colcon_core.shell:Creating package script '/home/jaime/Desktop/f1tenth/sim_ws/install/reactive_follower_pkg/share/reactive_follower_pkg/package.sh'
[14.013s] INFO:colcon.colcon_core.shell:Creating package script '/home/jaime/Desktop/f1tenth/sim_ws/install/reactive_follower_pkg/share/reactive_follower_pkg/package.bash'
[14.014s] INFO:colcon.colcon_core.shell:Creating package script '/home/jaime/Desktop/f1tenth/sim_ws/install/reactive_follower_pkg/share/reactive_follower_pkg/package.zsh'
[14.023s] Level 1:colcon.colcon_core.environment:create_file_with_runtime_dependencies(/home/jaime/Desktop/f1tenth/sim_ws/install/reactive_follower_pkg/share/colcon-core/packages/reactive_follower_pkg)
[14.029s] Level 1:colcon.colcon_core.environment:create_environment_scripts_only(reactive_follower_pkg)
[14.030s] Level 1:colcon.colcon_core.environment:checking '/home/jaime/Desktop/f1tenth/sim_ws/install/reactive_follower_pkg' for CMake module files
[14.031s] Level 1:colcon.colcon_core.environment:checking '/home/jaime/Desktop/f1tenth/sim_ws/install/reactive_follower_pkg' for CMake config files
[14.032s] Level 1:colcon.colcon_core.shell:create_environment_hook('reactive_follower_pkg', 'cmake_prefix_path')
[14.034s] INFO:colcon.colcon_core.shell:Creating environment hook '/home/jaime/Desktop/f1tenth/sim_ws/install/reactive_follower_pkg/share/reactive_follower_pkg/hook/cmake_prefix_path.ps1'
[14.040s] INFO:colcon.colcon_core.shell:Creating environment descriptor '/home/jaime/Desktop/f1tenth/sim_ws/install/reactive_follower_pkg/share/reactive_follower_pkg/hook/cmake_prefix_path.dsv'
[14.041s] INFO:colcon.colcon_core.shell:Creating environment hook '/home/jaime/Desktop/f1tenth/sim_ws/install/reactive_follower_pkg/share/reactive_follower_pkg/hook/cmake_prefix_path.sh'
[14.046s] Level 1:colcon.colcon_core.environment:checking '/home/jaime/Desktop/f1tenth/sim_ws/install/reactive_follower_pkg/lib'
[14.048s] Level 1:colcon.colcon_core.environment:checking '/home/jaime/Desktop/f1tenth/sim_ws/install/reactive_follower_pkg/bin'
[14.048s] Level 1:colcon.colcon_core.environment:checking '/home/jaime/Desktop/f1tenth/sim_ws/install/reactive_follower_pkg/lib/pkgconfig/reactive_follower_pkg.pc'
[14.048s] Level 1:colcon.colcon_core.environment:checking '/home/jaime/Desktop/f1tenth/sim_ws/install/reactive_follower_pkg/lib/python3.8/site-packages'
[14.051s] Level 1:colcon.colcon_core.environment:checking '/home/jaime/Desktop/f1tenth/sim_ws/install/reactive_follower_pkg/bin'
[14.052s] INFO:colcon.colcon_core.shell:Creating package script '/home/jaime/Desktop/f1tenth/sim_ws/install/reactive_follower_pkg/share/reactive_follower_pkg/package.ps1'
[14.053s] INFO:colcon.colcon_core.shell:Creating package descriptor '/home/jaime/Desktop/f1tenth/sim_ws/install/reactive_follower_pkg/share/reactive_follower_pkg/package.dsv'
[14.058s] INFO:colcon.colcon_core.shell:Creating package script '/home/jaime/Desktop/f1tenth/sim_ws/install/reactive_follower_pkg/share/reactive_follower_pkg/package.sh'
[14.061s] INFO:colcon.colcon_core.shell:Creating package script '/home/jaime/Desktop/f1tenth/sim_ws/install/reactive_follower_pkg/share/reactive_follower_pkg/package.bash'
[14.063s] INFO:colcon.colcon_core.shell:Creating package script '/home/jaime/Desktop/f1tenth/sim_ws/install/reactive_follower_pkg/share/reactive_follower_pkg/package.zsh'
[14.067s] Level 1:colcon.colcon_core.environment:create_file_with_runtime_dependencies(/home/jaime/Desktop/f1tenth/sim_ws/install/reactive_follower_pkg/share/colcon-core/packages/reactive_follower_pkg)
[14.072s] DEBUG:colcon.colcon_parallel_executor.executor.parallel:closing loop
[14.072s] DEBUG:colcon.colcon_parallel_executor.executor.parallel:loop closed
[14.073s] DEBUG:colcon.colcon_parallel_executor.executor.parallel:run_until_complete finished with '0'
[14.073s] DEBUG:colcon.colcon_core.event_reactor:joining thread
[14.079s] INFO:colcon.colcon_core.plugin_system:Skipping extension 'colcon_notification.desktop_notification.terminal_notifier': Not used on non-Darwin systems
[14.082s] INFO:colcon.colcon_core.plugin_system:Skipping extension 'colcon_notification.desktop_notification.win32': Not used on non-Windows systems
[14.082s] INFO:colcon.colcon_notification.desktop_notification:Sending desktop notification using 'notify2'
[14.161s] DEBUG:colcon.colcon_core.event_reactor:joined thread
[14.162s] INFO:colcon.colcon_core.shell:Creating prefix script '/home/jaime/Desktop/f1tenth/sim_ws/install/local_setup.ps1'
[14.164s] INFO:colcon.colcon_core.shell:Creating prefix util module '/home/jaime/Desktop/f1tenth/sim_ws/install/_local_setup_util_ps1.py'
[14.166s] INFO:colcon.colcon_core.shell:Creating prefix chain script '/home/jaime/Desktop/f1tenth/sim_ws/install/setup.ps1'
[14.176s] INFO:colcon.colcon_core.shell:Creating prefix script '/home/jaime/Desktop/f1tenth/sim_ws/install/local_setup.sh'
[14.180s] INFO:colcon.colcon_core.shell:Creating prefix util module '/home/jaime/Desktop/f1tenth/sim_ws/install/_local_setup_util_sh.py'
[14.185s] INFO:colcon.colcon_core.shell:Creating prefix chain script '/home/jaime/Desktop/f1tenth/sim_ws/install/setup.sh'
[14.191s] INFO:colcon.colcon_core.shell:Creating prefix script '/home/jaime/Desktop/f1tenth/sim_ws/install/local_setup.bash'
[14.194s] INFO:colcon.colcon_core.shell:Creating prefix chain script '/home/jaime/Desktop/f1tenth/sim_ws/install/setup.bash'
[14.199s] INFO:colcon.colcon_core.shell:Creating prefix script '/home/jaime/Desktop/f1tenth/sim_ws/install/local_setup.zsh'
[14.201s] INFO:colcon.colcon_core.shell:Creating prefix chain script '/home/jaime/Desktop/f1tenth/sim_ws/install/setup.zsh'
