[0.337s] DEBUG:colcon:Command line arguments: ['/usr/bin/colcon', 'build']
[0.338s] DEBUG:colcon:Parsed command line arguments: Namespace(allow_overriding=[], ament_cmake_args=None, base_paths=['.'], build_base='build', catkin_cmake_args=None, catkin_skip_building_tests=False, cmake_args=None, cmake_clean_cache=False, cmake_clean_first=False, cmake_force_configure=False, cmake_target=None, cmake_target_skip_unavailable=False, continue_on_error=False, event_handlers=None, executor='parallel', ignore_user_meta=False, install_base='install', log_base=None, log_level=None, main=<bound method BuildVerb.main of <colcon_core.verb.build.BuildVerb object at 0x7f592d545dc0>>, merge_install=False, metas=['./colcon.meta'], mixin=None, mixin_files=None, mixin_verb=('build',), packages_above=None, packages_above_and_dependencies=None, packages_above_depth=None, packages_end=None, packages_ignore=None, packages_ignore_regex=None, packages_select=None, packages_select_build_failed=False, packages_select_by_dep=None, packages_select_regex=None, packages_select_test_failures=False, packages_skip=None, packages_skip_build_finished=False, packages_skip_by_dep=None, packages_skip_regex=None, packages_skip_test_passed=False, packages_skip_up_to=None, packages_start=None, packages_up_to=None, packages_up_to_regex=None, parallel_workers=2, paths=None, symlink_install=False, test_result_base=None, verb_extension=<colcon_core.verb.build.BuildVerb object at 0x7f592d545dc0>, verb_name='build', verb_parser=<colcon_mixin.mixin.mixin_argument.MixinArgumentDecorator object at 0x7f592d5563d0>)
[0.561s] Level 1:colcon.colcon_core.package_discovery:discover_packages(colcon_meta) check parameters
[0.580s] Level 1:colcon.colcon_core.package_discovery:discover_packages(recursive) check parameters
[0.585s] Level 1:colcon.colcon_core.package_discovery:discover_packages(ignore) check parameters
[0.587s] Level 1:colcon.colcon_core.package_discovery:discover_packages(path) check parameters
[0.587s] Level 1:colcon.colcon_core.package_discovery:discover_packages(colcon_meta) discover
[0.587s] Level 1:colcon.colcon_core.package_discovery:discover_packages(recursive) discover
[0.587s] INFO:colcon.colcon_core.package_discovery:Crawling recursively for packages in '/home/jaime/Desktop/f1tenth/sim_ws'
[0.587s] Level 1:colcon.colcon_core.package_identification:_identify(.) by extensions ['ignore', 'ignore_ament_install']
[0.588s] Level 1:colcon.colcon_core.package_identification:_identify(.) by extension 'ignore'
[0.588s] Level 1:colcon.colcon_core.package_identification:_identify(.) by extension 'ignore_ament_install'
[0.588s] Level 1:colcon.colcon_core.package_identification:_identify(.) by extensions ['colcon_pkg']
[0.588s] Level 1:colcon.colcon_core.package_identification:_identify(.) by extension 'colcon_pkg'
[0.588s] Level 1:colcon.colcon_core.package_identification:_identify(.) by extensions ['colcon_meta']
[0.588s] Level 1:colcon.colcon_core.package_identification:_identify(.) by extension 'colcon_meta'
[0.589s] Level 1:colcon.colcon_core.package_identification:_identify(.) by extensions ['ros']
[0.589s] Level 1:colcon.colcon_core.package_identification:_identify(.) by extension 'ros'
[0.626s] Level 1:colcon.colcon_core.package_identification:_identify(.) by extensions ['cmake', 'python']
[0.633s] Level 1:colcon.colcon_core.package_identification:_identify(.) by extension 'cmake'
[0.636s] Level 1:colcon.colcon_core.package_identification:_identify(.) by extension 'python'
[0.639s] Level 1:colcon.colcon_core.package_identification:_identify(.) by extensions ['python_setup_py']
[0.641s] Level 1:colcon.colcon_core.package_identification:_identify(.) by extension 'python_setup_py'
[0.646s] Level 1:colcon.colcon_core.package_identification:_identify(build) by extensions ['ignore', 'ignore_ament_install']
[0.647s] Level 1:colcon.colcon_core.package_identification:_identify(build) by extension 'ignore'
[0.650s] Level 1:colcon.colcon_core.package_identification:_identify(build) ignored
[0.650s] Level 1:colcon.colcon_core.package_identification:_identify(install) by extensions ['ignore', 'ignore_ament_install']
[0.651s] Level 1:colcon.colcon_core.package_identification:_identify(install) by extension 'ignore'
[0.651s] Level 1:colcon.colcon_core.package_identification:_identify(install) ignored
[0.651s] Level 1:colcon.colcon_core.package_identification:_identify(log) by extensions ['ignore', 'ignore_ament_install']
[0.651s] Level 1:colcon.colcon_core.package_identification:_identify(log) by extension 'ignore'
[0.651s] Level 1:colcon.colcon_core.package_identification:_identify(log) ignored
[0.651s] Level 1:colcon.colcon_core.package_identification:_identify(src) by extensions ['ignore', 'ignore_ament_install']
[0.652s] Level 1:colcon.colcon_core.package_identification:_identify(src) by extension 'ignore'
[0.652s] Level 1:colcon.colcon_core.package_identification:_identify(src) by extension 'ignore_ament_install'
[0.652s] Level 1:colcon.colcon_core.package_identification:_identify(src) by extensions ['colcon_pkg']
[0.652s] Level 1:colcon.colcon_core.package_identification:_identify(src) by extension 'colcon_pkg'
[0.652s] Level 1:colcon.colcon_core.package_identification:_identify(src) by extensions ['colcon_meta']
[0.652s] Level 1:colcon.colcon_core.package_identification:_identify(src) by extension 'colcon_meta'
[0.652s] Level 1:colcon.colcon_core.package_identification:_identify(src) by extensions ['ros']
[0.653s] Level 1:colcon.colcon_core.package_identification:_identify(src) by extension 'ros'
[0.654s] Level 1:colcon.colcon_core.package_identification:_identify(src) by extensions ['cmake', 'python']
[0.654s] Level 1:colcon.colcon_core.package_identification:_identify(src) by extension 'cmake'
[0.655s] Level 1:colcon.colcon_core.package_identification:_identify(src) by extension 'python'
[0.656s] Level 1:colcon.colcon_core.package_identification:_identify(src) by extensions ['python_setup_py']
[0.656s] Level 1:colcon.colcon_core.package_identification:_identify(src) by extension 'python_setup_py'
[0.656s] Level 1:colcon.colcon_core.package_identification:_identify(src/f1tenth_gym_ros) by extensions ['ignore', 'ignore_ament_install']
[0.657s] Level 1:colcon.colcon_core.package_identification:_identify(src/f1tenth_gym_ros) by extension 'ignore'
[0.658s] Level 1:colcon.colcon_core.package_identification:_identify(src/f1tenth_gym_ros) by extension 'ignore_ament_install'
[0.659s] Level 1:colcon.colcon_core.package_identification:_identify(src/f1tenth_gym_ros) by extensions ['colcon_pkg']
[0.659s] Level 1:colcon.colcon_core.package_identification:_identify(src/f1tenth_gym_ros) by extension 'colcon_pkg'
[0.663s] Level 1:colcon.colcon_core.package_identification:_identify(src/f1tenth_gym_ros) by extensions ['colcon_meta']
[0.664s] Level 1:colcon.colcon_core.package_identification:_identify(src/f1tenth_gym_ros) by extension 'colcon_meta'
[0.664s] Level 1:colcon.colcon_core.package_identification:_identify(src/f1tenth_gym_ros) by extensions ['ros']
[0.664s] Level 1:colcon.colcon_core.package_identification:_identify(src/f1tenth_gym_ros) by extension 'ros'
[0.668s] DEBUG:colcon.colcon_core.package_identification:Package 'src/f1tenth_gym_ros' with type 'ros.ament_python' and name 'f1tenth_gym_ros'
[0.674s] Level 1:colcon.colcon_core.package_identification:_identify(src/reactive_follower_pkg) by extensions ['ignore', 'ignore_ament_install']
[0.674s] Level 1:colcon.colcon_core.package_identification:_identify(src/reactive_follower_pkg) by extension 'ignore'
[0.674s] Level 1:colcon.colcon_core.package_identification:_identify(src/reactive_follower_pkg) by extension 'ignore_ament_install'
[0.675s] Level 1:colcon.colcon_core.package_identification:_identify(src/reactive_follower_pkg) by extensions ['colcon_pkg']
[0.675s] Level 1:colcon.colcon_core.package_identification:_identify(src/reactive_follower_pkg) by extension 'colcon_pkg'
[0.675s] Level 1:colcon.colcon_core.package_identification:_identify(src/reactive_follower_pkg) by extensions ['colcon_meta']
[0.675s] Level 1:colcon.colcon_core.package_identification:_identify(src/reactive_follower_pkg) by extension 'colcon_meta'
[0.675s] Level 1:colcon.colcon_core.package_identification:_identify(src/reactive_follower_pkg) by extensions ['ros']
[0.676s] Level 1:colcon.colcon_core.package_identification:_identify(src/reactive_follower_pkg) by extension 'ros'
[0.678s] DEBUG:colcon.colcon_core.package_identification:Package 'src/reactive_follower_pkg' with type 'ros.ament_cmake' and name 'reactive_follower_pkg'
[0.680s] Level 1:colcon.colcon_core.package_discovery:discover_packages(recursive) using defaults
[0.681s] Level 1:colcon.colcon_core.package_discovery:discover_packages(ignore) discover
[0.681s] Level 1:colcon.colcon_core.package_discovery:discover_packages(ignore) using defaults
[0.682s] Level 1:colcon.colcon_core.package_discovery:discover_packages(path) discover
[0.683s] Level 1:colcon.colcon_core.package_discovery:discover_packages(path) using defaults
[0.707s] Level 1:colcon.colcon_core.package_discovery:discover_packages(prefix_path) check parameters
[0.718s] Level 1:colcon.colcon_core.package_discovery:discover_packages(prefix_path) discover
[0.722s] DEBUG:colcon.colcon_installed_package_information.package_discovery:Found 2 installed packages in /home/jaime/Desktop/f1tenth/sim_ws/install
[0.723s] DEBUG:colcon.colcon_installed_package_information.package_discovery:Found 289 installed packages in /opt/ros/foxy
[0.749s] Level 1:colcon.colcon_core.package_discovery:discover_packages(prefix_path) using defaults
[0.856s] Level 5:colcon.colcon_core.verb:set package 'f1tenth_gym_ros' build argument 'cmake_args' from command line to 'None'
[0.856s] Level 5:colcon.colcon_core.verb:set package 'f1tenth_gym_ros' build argument 'cmake_target' from command line to 'None'
[0.856s] Level 5:colcon.colcon_core.verb:set package 'f1tenth_gym_ros' build argument 'cmake_target_skip_unavailable' from command line to 'False'
[0.856s] Level 5:colcon.colcon_core.verb:set package 'f1tenth_gym_ros' build argument 'cmake_clean_cache' from command line to 'False'
[0.857s] Level 5:colcon.colcon_core.verb:set package 'f1tenth_gym_ros' build argument 'cmake_clean_first' from command line to 'False'
[0.857s] Level 5:colcon.colcon_core.verb:set package 'f1tenth_gym_ros' build argument 'cmake_force_configure' from command line to 'False'
[0.857s] Level 5:colcon.colcon_core.verb:set package 'f1tenth_gym_ros' build argument 'ament_cmake_args' from command line to 'None'
[0.857s] Level 5:colcon.colcon_core.verb:set package 'f1tenth_gym_ros' build argument 'catkin_cmake_args' from command line to 'None'
[0.857s] Level 5:colcon.colcon_core.verb:set package 'f1tenth_gym_ros' build argument 'catkin_skip_building_tests' from command line to 'False'
[0.857s] DEBUG:colcon.colcon_core.verb:Building package 'f1tenth_gym_ros' with the following arguments: {'ament_cmake_args': None, 'build_base': '/home/jaime/Desktop/f1tenth/sim_ws/build/f1tenth_gym_ros', 'catkin_cmake_args': None, 'catkin_skip_building_tests': False, 'cmake_args': None, 'cmake_clean_cache': False, 'cmake_clean_first': False, 'cmake_force_configure': False, 'cmake_target': None, 'cmake_target_skip_unavailable': False, 'install_base': '/home/jaime/Desktop/f1tenth/sim_ws/install/f1tenth_gym_ros', 'merge_install': False, 'path': '/home/jaime/Desktop/f1tenth/sim_ws/src/f1tenth_gym_ros', 'symlink_install': False, 'test_result_base': None}
[0.858s] Level 5:colcon.colcon_core.verb:set package 'reactive_follower_pkg' build argument 'cmake_args' from command line to 'None'
[0.858s] Level 5:colcon.colcon_core.verb:set package 'reactive_follower_pkg' build argument 'cmake_target' from command line to 'None'
[0.858s] Level 5:colcon.colcon_core.verb:set package 'reactive_follower_pkg' build argument 'cmake_target_skip_unavailable' from command line to 'False'
[0.858s] Level 5:colcon.colcon_core.verb:set package 'reactive_follower_pkg' build argument 'cmake_clean_cache' from command line to 'False'
[0.858s] Level 5:colcon.colcon_core.verb:set package 'reactive_follower_pkg' build argument 'cmake_clean_first' from command line to 'False'
[0.858s] Level 5:colcon.colcon_core.verb:set package 'reactive_follower_pkg' build argument 'cmake_force_configure' from command line to 'False'
[0.859s] Level 5:colcon.colcon_core.verb:set package 'reactive_follower_pkg' build argument 'ament_cmake_args' from command line to 'None'
[0.859s] Level 5:colcon.colcon_core.verb:set package 'reactive_follower_pkg' build argument 'catkin_cmake_args' from command line to 'None'
[0.859s] Level 5:colcon.colcon_core.verb:set package 'reactive_follower_pkg' build argument 'catkin_skip_building_tests' from command line to 'False'
[0.859s] DEBUG:colcon.colcon_core.verb:Building package 'reactive_follower_pkg' with the following arguments: {'ament_cmake_args': None, 'build_base': '/home/jaime/Desktop/f1tenth/sim_ws/build/reactive_follower_pkg', 'catkin_cmake_args': None, 'catkin_skip_building_tests': False, 'cmake_args': None, 'cmake_clean_cache': False, 'cmake_clean_first': False, 'cmake_force_configure': False, 'cmake_target': None, 'cmake_target_skip_unavailable': False, 'install_base': '/home/jaime/Desktop/f1tenth/sim_ws/install/reactive_follower_pkg', 'merge_install': False, 'path': '/home/jaime/Desktop/f1tenth/sim_ws/src/reactive_follower_pkg', 'symlink_install': False, 'test_result_base': None}
[0.859s] INFO:colcon.colcon_core.executor:Executing jobs using 'parallel' executor
[0.861s] DEBUG:colcon.colcon_parallel_executor.executor.parallel:run_until_complete
[0.861s] INFO:colcon.colcon_ros.task.ament_python.build:Building ROS package in '/home/jaime/Desktop/f1tenth/sim_ws/src/f1tenth_gym_ros' with build type 'ament_python'
[0.861s] Level 1:colcon.colcon_core.shell:create_environment_hook('f1tenth_gym_ros', 'ament_prefix_path')
[0.865s] INFO:colcon.colcon_core.plugin_system:Skipping extension 'colcon_core.shell.bat': Not used on non-Windows systems
[0.865s] INFO:colcon.colcon_core.shell:Creating environment hook '/home/jaime/Desktop/f1tenth/sim_ws/install/f1tenth_gym_ros/share/f1tenth_gym_ros/hook/ament_prefix_path.ps1'
[0.866s] INFO:colcon.colcon_core.shell:Creating environment descriptor '/home/jaime/Desktop/f1tenth/sim_ws/install/f1tenth_gym_ros/share/f1tenth_gym_ros/hook/ament_prefix_path.dsv'
[0.871s] INFO:colcon.colcon_core.shell:Creating environment hook '/home/jaime/Desktop/f1tenth/sim_ws/install/f1tenth_gym_ros/share/f1tenth_gym_ros/hook/ament_prefix_path.sh'
[0.877s] INFO:colcon.colcon_core.shell:Skip shell extension 'powershell' for command environment: Not usable outside of PowerShell
[0.877s] DEBUG:colcon.colcon_core.shell:Skip shell extension 'dsv' for command environment
[0.888s] INFO:colcon.colcon_ros.task.ament_cmake.build:Building ROS package in '/home/jaime/Desktop/f1tenth/sim_ws/src/reactive_follower_pkg' with build type 'ament_cmake'
[0.888s] INFO:colcon.colcon_cmake.task.cmake.build:Building CMake package in '/home/jaime/Desktop/f1tenth/sim_ws/src/reactive_follower_pkg'
[0.889s] INFO:colcon.colcon_core.shell:Skip shell extension 'powershell' for command environment: Not usable outside of PowerShell
[0.889s] DEBUG:colcon.colcon_core.shell:Skip shell extension 'dsv' for command environment
[1.737s] INFO:colcon.colcon_core.task.python.build:Building Python package in '/home/jaime/Desktop/f1tenth/sim_ws/src/f1tenth_gym_ros'
[1.738s] INFO:colcon.colcon_core.shell:Skip shell extension 'powershell' for command environment: Not usable outside of PowerShell
[1.738s] DEBUG:colcon.colcon_core.shell:Skip shell extension 'dsv' for command environment
[1.792s] DEBUG:colcon.colcon_core.event_handler.log_command:Invoking command in '/home/jaime/Desktop/f1tenth/sim_ws/build/reactive_follower_pkg': CMAKE_PREFIX_PATH=${CMAKE_PREFIX_PATH}:/home/jaime/Desktop/f1tenth/sim_ws/install/f1tenth_gym_ros:/opt/ros/foxy /usr/bin/cmake --build /home/jaime/Desktop/f1tenth/sim_ws/build/reactive_follower_pkg -- -j2 -l2
[3.714s] DEBUG:colcon.colcon_core.event_handler.log_command:Invoking command in '/home/jaime/Desktop/f1tenth/sim_ws/src/f1tenth_gym_ros': PYTHONPATH=/home/jaime/Desktop/f1tenth/sim_ws/build/f1tenth_gym_ros/prefix_override:/usr/lib/python3/dist-packages/colcon_core/task/python/colcon_distutils_commands:/home/jaime/Desktop/f1tenth/sim_ws/install/f1tenth_gym_ros/lib/python3.8/site-packages:${PYTHONPATH} /usr/bin/python3 -W ignore:setup.py install is deprecated -W ignore:easy_install command is deprecated setup.py egg_info --egg-base ../../build/f1tenth_gym_ros build --build-base /home/jaime/Desktop/f1tenth/sim_ws/build/f1tenth_gym_ros/build install --record /home/jaime/Desktop/f1tenth/sim_ws/build/f1tenth_gym_ros/install.log --single-version-externally-managed install_data
[6.134s] DEBUG:colcon.colcon_core.event_handler.log_command:Invoked command in '/home/jaime/Desktop/f1tenth/sim_ws/src/f1tenth_gym_ros' returned '0': PYTHONPATH=/home/jaime/Desktop/f1tenth/sim_ws/build/f1tenth_gym_ros/prefix_override:/usr/lib/python3/dist-packages/colcon_core/task/python/colcon_distutils_commands:/home/jaime/Desktop/f1tenth/sim_ws/install/f1tenth_gym_ros/lib/python3.8/site-packages:${PYTHONPATH} /usr/bin/python3 -W ignore:setup.py install is deprecated -W ignore:easy_install command is deprecated setup.py egg_info --egg-base ../../build/f1tenth_gym_ros build --build-base /home/jaime/Desktop/f1tenth/sim_ws/build/f1tenth_gym_ros/build install --record /home/jaime/Desktop/f1tenth/sim_ws/build/f1tenth_gym_ros/install.log --single-version-externally-managed install_data
[6.137s] Level 1:colcon.colcon_core.environment:checking '/home/jaime/Desktop/f1tenth/sim_ws/install/f1tenth_gym_ros' for CMake module files
[6.138s] Level 1:colcon.colcon_core.environment:checking '/home/jaime/Desktop/f1tenth/sim_ws/install/f1tenth_gym_ros' for CMake config files
[6.139s] Level 1:colcon.colcon_core.environment:checking '/home/jaime/Desktop/f1tenth/sim_ws/install/f1tenth_gym_ros/lib'
[6.140s] Level 1:colcon.colcon_core.environment:checking '/home/jaime/Desktop/f1tenth/sim_ws/install/f1tenth_gym_ros/bin'
[6.140s] Level 1:colcon.colcon_core.environment:checking '/home/jaime/Desktop/f1tenth/sim_ws/install/f1tenth_gym_ros/lib/pkgconfig/f1tenth_gym_ros.pc'
[6.141s] Level 1:colcon.colcon_core.environment:checking '/home/jaime/Desktop/f1tenth/sim_ws/install/f1tenth_gym_ros/lib/python3.8/site-packages'
[6.141s] Level 1:colcon.colcon_core.shell:create_environment_hook('f1tenth_gym_ros', 'pythonpath')
[6.141s] INFO:colcon.colcon_core.shell:Creating environment hook '/home/jaime/Desktop/f1tenth/sim_ws/install/f1tenth_gym_ros/share/f1tenth_gym_ros/hook/pythonpath.ps1'
[6.143s] INFO:colcon.colcon_core.shell:Creating environment descriptor '/home/jaime/Desktop/f1tenth/sim_ws/install/f1tenth_gym_ros/share/f1tenth_gym_ros/hook/pythonpath.dsv'
[6.145s] INFO:colcon.colcon_core.shell:Creating environment hook '/home/jaime/Desktop/f1tenth/sim_ws/install/f1tenth_gym_ros/share/f1tenth_gym_ros/hook/pythonpath.sh'
[6.170s] Level 1:colcon.colcon_core.environment:checking '/home/jaime/Desktop/f1tenth/sim_ws/install/f1tenth_gym_ros/bin'
[6.170s] Level 1:colcon.colcon_core.environment:create_environment_scripts_only(f1tenth_gym_ros)
[6.171s] INFO:colcon.colcon_core.shell:Creating package script '/home/jaime/Desktop/f1tenth/sim_ws/install/f1tenth_gym_ros/share/f1tenth_gym_ros/package.ps1'
[6.180s] INFO:colcon.colcon_core.shell:Creating package descriptor '/home/jaime/Desktop/f1tenth/sim_ws/install/f1tenth_gym_ros/share/f1tenth_gym_ros/package.dsv'
[6.188s] INFO:colcon.colcon_core.shell:Creating package script '/home/jaime/Desktop/f1tenth/sim_ws/install/f1tenth_gym_ros/share/f1tenth_gym_ros/package.sh'
[6.218s] INFO:colcon.colcon_core.shell:Creating package script '/home/jaime/Desktop/f1tenth/sim_ws/install/f1tenth_gym_ros/share/f1tenth_gym_ros/package.bash'
[6.220s] INFO:colcon.colcon_core.shell:Creating package script '/home/jaime/Desktop/f1tenth/sim_ws/install/f1tenth_gym_ros/share/f1tenth_gym_ros/package.zsh'
[6.224s] Level 1:colcon.colcon_core.environment:create_file_with_runtime_dependencies(/home/jaime/Desktop/f1tenth/sim_ws/install/f1tenth_gym_ros/share/colcon-core/packages/f1tenth_gym_ros)
[16.221s] DEBUG:colcon.colcon_core.event_handler.log_command:Invoked command in '/home/jaime/Desktop/f1tenth/sim_ws/build/reactive_follower_pkg' returned '0': CMAKE_PREFIX_PATH=${CMAKE_PREFIX_PATH}:/home/jaime/Desktop/f1tenth/sim_ws/install/f1tenth_gym_ros:/opt/ros/foxy /usr/bin/cmake --build /home/jaime/Desktop/f1tenth/sim_ws/build/reactive_follower_pkg -- -j2 -l2
[16.297s] DEBUG:colcon.colcon_core.event_handler.log_command:Invoking command in '/home/jaime/Desktop/f1tenth/sim_ws/build/reactive_follower_pkg': CMAKE_PREFIX_PATH=${CMAKE_PREFIX_PATH}:/home/jaime/Desktop/f1tenth/sim_ws/install/f1tenth_gym_ros:/opt/ros/foxy /usr/bin/cmake --install /home/jaime/Desktop/f1tenth/sim_ws/build/reactive_follower_pkg
[16.389s] Level 1:colcon.colcon_core.environment:create_environment_scripts_only(reactive_follower_pkg)
[16.390s] Level 1:colcon.colcon_core.environment:checking '/home/jaime/Desktop/f1tenth/sim_ws/install/reactive_follower_pkg' for CMake module files
[16.391s] Level 1:colcon.colcon_core.environment:checking '/home/jaime/Desktop/f1tenth/sim_ws/install/reactive_follower_pkg' for CMake config files
[16.391s] Level 1:colcon.colcon_core.shell:create_environment_hook('reactive_follower_pkg', 'cmake_prefix_path')
[16.391s] INFO:colcon.colcon_core.shell:Creating environment hook '/home/jaime/Desktop/f1tenth/sim_ws/install/reactive_follower_pkg/share/reactive_follower_pkg/hook/cmake_prefix_path.ps1'
[16.404s] INFO:colcon.colcon_core.shell:Creating environment descriptor '/home/jaime/Desktop/f1tenth/sim_ws/install/reactive_follower_pkg/share/reactive_follower_pkg/hook/cmake_prefix_path.dsv'
[16.404s] DEBUG:colcon.colcon_core.event_handler.log_command:Invoked command in '/home/jaime/Desktop/f1tenth/sim_ws/build/reactive_follower_pkg' returned '0': CMAKE_PREFIX_PATH=${CMAKE_PREFIX_PATH}:/home/jaime/Desktop/f1tenth/sim_ws/install/f1tenth_gym_ros:/opt/ros/foxy /usr/bin/cmake --install /home/jaime/Desktop/f1tenth/sim_ws/build/reactive_follower_pkg
[16.412s] INFO:colcon.colcon_core.shell:Creating environment hook '/home/jaime/Desktop/f1tenth/sim_ws/install/reactive_follower_pkg/share/reactive_follower_pkg/hook/cmake_prefix_path.sh'
[16.418s] Level 1:colcon.colcon_core.environment:checking '/home/jaime/Desktop/f1tenth/sim_ws/install/reactive_follower_pkg/lib'
[16.419s] Level 1:colcon.colcon_core.environment:checking '/home/jaime/Desktop/f1tenth/sim_ws/install/reactive_follower_pkg/bin'
[16.419s] Level 1:colcon.colcon_core.environment:checking '/home/jaime/Desktop/f1tenth/sim_ws/install/reactive_follower_pkg/lib/pkgconfig/reactive_follower_pkg.pc'
[16.420s] Level 1:colcon.colcon_core.environment:checking '/home/jaime/Desktop/f1tenth/sim_ws/install/reactive_follower_pkg/lib/python3.8/site-packages'
[16.420s] Level 1:colcon.colcon_core.environment:checking '/home/jaime/Desktop/f1tenth/sim_ws/install/reactive_follower_pkg/bin'
[16.421s] INFO:colcon.colcon_core.shell:Creating package script '/home/jaime/Desktop/f1tenth/sim_ws/install/reactive_follower_pkg/share/reactive_follower_pkg/package.ps1'
[16.423s] INFO:colcon.colcon_core.shell:Creating package descriptor '/home/jaime/Desktop/f1tenth/sim_ws/install/reactive_follower_pkg/share/reactive_follower_pkg/package.dsv'
[16.425s] INFO:colcon.colcon_core.shell:Creating package script '/home/jaime/Desktop/f1tenth/sim_ws/install/reactive_follower_pkg/share/reactive_follower_pkg/package.sh'
[16.430s] INFO:colcon.colcon_core.shell:Creating package script '/home/jaime/Desktop/f1tenth/sim_ws/install/reactive_follower_pkg/share/reactive_follower_pkg/package.bash'
[16.433s] INFO:colcon.colcon_core.shell:Creating package script '/home/jaime/Desktop/f1tenth/sim_ws/install/reactive_follower_pkg/share/reactive_follower_pkg/package.zsh'
[16.437s] Level 1:colcon.colcon_core.environment:create_file_with_runtime_dependencies(/home/jaime/Desktop/f1tenth/sim_ws/install/reactive_follower_pkg/share/colcon-core/packages/reactive_follower_pkg)
[16.453s] Level 1:colcon.colcon_core.environment:create_environment_scripts_only(reactive_follower_pkg)
[16.456s] Level 1:colcon.colcon_core.environment:checking '/home/jaime/Desktop/f1tenth/sim_ws/install/reactive_follower_pkg' for CMake module files
[16.457s] Level 1:colcon.colcon_core.environment:checking '/home/jaime/Desktop/f1tenth/sim_ws/install/reactive_follower_pkg' for CMake config files
[16.457s] Level 1:colcon.colcon_core.shell:create_environment_hook('reactive_follower_pkg', 'cmake_prefix_path')
[16.457s] INFO:colcon.colcon_core.shell:Creating environment hook '/home/jaime/Desktop/f1tenth/sim_ws/install/reactive_follower_pkg/share/reactive_follower_pkg/hook/cmake_prefix_path.ps1'
[16.462s] INFO:colcon.colcon_core.shell:Creating environment descriptor '/home/jaime/Desktop/f1tenth/sim_ws/install/reactive_follower_pkg/share/reactive_follower_pkg/hook/cmake_prefix_path.dsv'
[16.469s] INFO:colcon.colcon_core.shell:Creating environment hook '/home/jaime/Desktop/f1tenth/sim_ws/install/reactive_follower_pkg/share/reactive_follower_pkg/hook/cmake_prefix_path.sh'
[16.471s] Level 1:colcon.colcon_core.environment:checking '/home/jaime/Desktop/f1tenth/sim_ws/install/reactive_follower_pkg/lib'
[16.471s] Level 1:colcon.colcon_core.environment:checking '/home/jaime/Desktop/f1tenth/sim_ws/install/reactive_follower_pkg/bin'
[16.472s] Level 1:colcon.colcon_core.environment:checking '/home/jaime/Desktop/f1tenth/sim_ws/install/reactive_follower_pkg/lib/pkgconfig/reactive_follower_pkg.pc'
[16.472s] Level 1:colcon.colcon_core.environment:checking '/home/jaime/Desktop/f1tenth/sim_ws/install/reactive_follower_pkg/lib/python3.8/site-packages'
[16.472s] Level 1:colcon.colcon_core.environment:checking '/home/jaime/Desktop/f1tenth/sim_ws/install/reactive_follower_pkg/bin'
[16.473s] INFO:colcon.colcon_core.shell:Creating package script '/home/jaime/Desktop/f1tenth/sim_ws/install/reactive_follower_pkg/share/reactive_follower_pkg/package.ps1'
[16.476s] INFO:colcon.colcon_core.shell:Creating package descriptor '/home/jaime/Desktop/f1tenth/sim_ws/install/reactive_follower_pkg/share/reactive_follower_pkg/package.dsv'
[16.481s] INFO:colcon.colcon_core.shell:Creating package script '/home/jaime/Desktop/f1tenth/sim_ws/install/reactive_follower_pkg/share/reactive_follower_pkg/package.sh'
[16.485s] INFO:colcon.colcon_core.shell:Creating package script '/home/jaime/Desktop/f1tenth/sim_ws/install/reactive_follower_pkg/share/reactive_follower_pkg/package.bash'
[16.487s] INFO:colcon.colcon_core.shell:Creating package script '/home/jaime/Desktop/f1tenth/sim_ws/install/reactive_follower_pkg/share/reactive_follower_pkg/package.zsh'
[16.488s] Level 1:colcon.colcon_core.environment:create_file_with_runtime_dependencies(/home/jaime/Desktop/f1tenth/sim_ws/install/reactive_follower_pkg/share/colcon-core/packages/reactive_follower_pkg)
[16.519s] DEBUG:colcon.colcon_parallel_executor.executor.parallel:closing loop
[16.521s] DEBUG:colcon.colcon_parallel_executor.executor.parallel:loop closed
[16.523s] DEBUG:colcon.colcon_parallel_executor.executor.parallel:run_until_complete finished with '0'
[16.523s] DEBUG:colcon.colcon_core.event_reactor:joining thread
[16.573s] INFO:colcon.colcon_core.plugin_system:Skipping extension 'colcon_notification.desktop_notification.terminal_notifier': Not used on non-Darwin systems
[16.573s] INFO:colcon.colcon_core.plugin_system:Skipping extension 'colcon_notification.desktop_notification.win32': Not used on non-Windows systems
[16.573s] INFO:colcon.colcon_notification.desktop_notification:Sending desktop notification using 'notify2'
[16.727s] DEBUG:colcon.colcon_core.event_reactor:joined thread
[16.728s] INFO:colcon.colcon_core.shell:Creating prefix script '/home/jaime/Desktop/f1tenth/sim_ws/install/local_setup.ps1'
[16.737s] INFO:colcon.colcon_core.shell:Creating prefix util module '/home/jaime/Desktop/f1tenth/sim_ws/install/_local_setup_util_ps1.py'
[16.774s] INFO:colcon.colcon_core.shell:Creating prefix chain script '/home/jaime/Desktop/f1tenth/sim_ws/install/setup.ps1'
[16.786s] INFO:colcon.colcon_core.shell:Creating prefix script '/home/jaime/Desktop/f1tenth/sim_ws/install/local_setup.sh'
[16.789s] INFO:colcon.colcon_core.shell:Creating prefix util module '/home/jaime/Desktop/f1tenth/sim_ws/install/_local_setup_util_sh.py'
[16.803s] INFO:colcon.colcon_core.shell:Creating prefix chain script '/home/jaime/Desktop/f1tenth/sim_ws/install/setup.sh'
[16.815s] INFO:colcon.colcon_core.shell:Creating prefix script '/home/jaime/Desktop/f1tenth/sim_ws/install/local_setup.bash'
[16.839s] INFO:colcon.colcon_core.shell:Creating prefix chain script '/home/jaime/Desktop/f1tenth/sim_ws/install/setup.bash'
[16.854s] INFO:colcon.colcon_core.shell:Creating prefix script '/home/jaime/Desktop/f1tenth/sim_ws/install/local_setup.zsh'
[16.856s] INFO:colcon.colcon_core.shell:Creating prefix chain script '/home/jaime/Desktop/f1tenth/sim_ws/install/setup.zsh'
