[0.953s] Invoking command in '/home/jaime/Desktop/f1tenth/sim_ws/build/reactive_follower_pkg': CMAKE_PREFIX_PATH=${CMAKE_PREFIX_PATH}:/home/jaime/Desktop/f1tenth/sim_ws/install/f1tenth_gym_ros:/opt/ros/foxy /usr/bin/cmake --build /home/jaime/Desktop/f1tenth/sim_ws/build/reactive_follower_pkg -- -j2 -l2
[1.234s] [35m[1mScanning dependencies of target reactive_follower_node[0m
[1.375s] [ 33%] [32mBuilding CXX object CMakeFiles/reactive_follower_node.dir/src/reactive_follower_node.cpp.o[0m
[16.426s] [ 66%] [32m[1mLinking CXX executable reactive_follower_node[0m
[17.390s] [100%] Built target reactive_follower_node
[17.457s] Invoked command in '/home/jaime/Desktop/f1tenth/sim_ws/build/reactive_follower_pkg' returned '0': CMAKE_PREFIX_PATH=${CMAKE_PREFIX_PATH}:/home/jaime/Desktop/f1tenth/sim_ws/install/f1tenth_gym_ros:/opt/ros/foxy /usr/bin/cmake --build /home/jaime/Desktop/f1tenth/sim_ws/build/reactive_follower_pkg -- -j2 -l2
[17.495s] Invoking command in '/home/jaime/Desktop/f1tenth/sim_ws/build/reactive_follower_pkg': CMAKE_PREFIX_PATH=${CMAKE_PREFIX_PATH}:/home/jaime/Desktop/f1tenth/sim_ws/install/f1tenth_gym_ros:/opt/ros/foxy /usr/bin/cmake --install /home/jaime/Desktop/f1tenth/sim_ws/build/reactive_follower_pkg
[17.538s] -- Install configuration: ""
[17.538s] -- Installing: /home/jaime/Desktop/f1tenth/sim_ws/install/reactive_follower_pkg/lib/reactive_follower_pkg/reactive_follower_node
[17.544s] -- Set runtime path of "/home/jaime/Desktop/f1tenth/sim_ws/install/reactive_follower_pkg/lib/reactive_follower_pkg/reactive_follower_node" to ""
[17.544s] -- Up-to-date: /home/jaime/Desktop/f1tenth/sim_ws/install/reactive_follower_pkg/include/reactive_follower_pkg
[17.545s] -- Up-to-date: /home/jaime/Desktop/f1tenth/sim_ws/install/reactive_follower_pkg/include/reactive_follower_pkg/reactive_follower_pkg
[17.545s] -- Up-to-date: /home/jaime/Desktop/f1tenth/sim_ws/install/reactive_follower_pkg/include/reactive_follower_pkg/reactive_follower_pkg/reactive_follower_node.hpp
[17.550s] -- Up-to-date: /home/jaime/Desktop/f1tenth/sim_ws/install/reactive_follower_pkg/share/reactive_follower_pkg/
[17.550s] -- Up-to-date: /home/jaime/Desktop/f1tenth/sim_ws/install/reactive_follower_pkg/share/reactive_follower_pkg//reactive_follower.launch.py
[17.550s] -- Up-to-date: /home/jaime/Desktop/f1tenth/sim_ws/install/reactive_follower_pkg/share/reactive_follower_pkg/
[17.551s] -- Up-to-date: /home/jaime/Desktop/f1tenth/sim_ws/install/reactive_follower_pkg/share/reactive_follower_pkg//reactive_follower.yaml
[17.551s] -- Up-to-date: /home/jaime/Desktop/f1tenth/sim_ws/install/reactive_follower_pkg/share/ament_index/resource_index/package_run_dependencies/reactive_follower_pkg
[17.557s] -- Up-to-date: /home/jaime/Desktop/f1tenth/sim_ws/install/reactive_follower_pkg/share/ament_index/resource_index/parent_prefix_path/reactive_follower_pkg
[17.558s] -- Up-to-date: /home/jaime/Desktop/f1tenth/sim_ws/install/reactive_follower_pkg/share/reactive_follower_pkg/environment/ament_prefix_path.sh
[17.559s] -- Up-to-date: /home/jaime/Desktop/f1tenth/sim_ws/install/reactive_follower_pkg/share/reactive_follower_pkg/environment/ament_prefix_path.dsv
[17.560s] -- Up-to-date: /home/jaime/Desktop/f1tenth/sim_ws/install/reactive_follower_pkg/share/reactive_follower_pkg/environment/path.sh
[17.560s] -- Up-to-date: /home/jaime/Desktop/f1tenth/sim_ws/install/reactive_follower_pkg/share/reactive_follower_pkg/environment/path.dsv
[17.560s] -- Up-to-date: /home/jaime/Desktop/f1tenth/sim_ws/install/reactive_follower_pkg/share/reactive_follower_pkg/local_setup.bash
[17.563s] -- Up-to-date: /home/jaime/Desktop/f1tenth/sim_ws/install/reactive_follower_pkg/share/reactive_follower_pkg/local_setup.sh
[17.564s] -- Up-to-date: /home/jaime/Desktop/f1tenth/sim_ws/install/reactive_follower_pkg/share/reactive_follower_pkg/local_setup.zsh
[17.564s] -- Up-to-date: /home/jaime/Desktop/f1tenth/sim_ws/install/reactive_follower_pkg/share/reactive_follower_pkg/local_setup.dsv
[17.565s] -- Installing: /home/jaime/Desktop/f1tenth/sim_ws/install/reactive_follower_pkg/share/reactive_follower_pkg/package.dsv
[17.565s] -- Up-to-date: /home/jaime/Desktop/f1tenth/sim_ws/install/reactive_follower_pkg/share/ament_index/resource_index/packages/reactive_follower_pkg
[17.565s] -- Up-to-date: /home/jaime/Desktop/f1tenth/sim_ws/install/reactive_follower_pkg/share/reactive_follower_pkg/cmake/reactive_follower_pkgConfig.cmake
[17.569s] -- Up-to-date: /home/jaime/Desktop/f1tenth/sim_ws/install/reactive_follower_pkg/share/reactive_follower_pkg/cmake/reactive_follower_pkgConfig-version.cmake
[17.572s] -- Up-to-date: /home/jaime/Desktop/f1tenth/sim_ws/install/reactive_follower_pkg/share/reactive_follower_pkg/package.xml
[17.579s] Invoked command in '/home/jaime/Desktop/f1tenth/sim_ws/build/reactive_follower_pkg' returned '0': CMAKE_PREFIX_PATH=${CMAKE_PREFIX_PATH}:/home/jaime/Desktop/f1tenth/sim_ws/install/f1tenth_gym_ros:/opt/ros/foxy /usr/bin/cmake --install /home/jaime/Desktop/f1tenth/sim_ws/build/reactive_follower_pkg
