[0.418s] DEBUG:colcon:Command line arguments: ['/usr/bin/colcon', 'build']
[0.418s] DEBUG:colcon:Parsed command line arguments: Namespace(allow_overriding=[], ament_cmake_args=None, base_paths=['.'], build_base='build', catkin_cmake_args=None, catkin_skip_building_tests=False, cmake_args=None, cmake_clean_cache=False, cmake_clean_first=False, cmake_force_configure=False, cmake_target=None, cmake_target_skip_unavailable=False, continue_on_error=False, event_handlers=None, executor='parallel', ignore_user_meta=False, install_base='install', log_base=None, log_level=None, main=<bound method BuildVerb.main of <colcon_core.verb.build.BuildVerb object at 0x7f997162cdc0>>, merge_install=False, metas=['./colcon.meta'], mixin=None, mixin_files=None, mixin_verb=('build',), packages_above=None, packages_above_and_dependencies=None, packages_above_depth=None, packages_end=None, packages_ignore=None, packages_ignore_regex=None, packages_select=None, packages_select_build_failed=False, packages_select_by_dep=None, packages_select_regex=None, packages_select_test_failures=False, packages_skip=None, packages_skip_build_finished=False, packages_skip_by_dep=None, packages_skip_regex=None, packages_skip_test_passed=False, packages_skip_up_to=None, packages_start=None, packages_up_to=None, packages_up_to_regex=None, parallel_workers=2, paths=None, symlink_install=False, test_result_base=None, verb_extension=<colcon_core.verb.build.BuildVerb object at 0x7f997162cdc0>, verb_name='build', verb_parser=<colcon_mixin.mixin.mixin_argument.MixinArgumentDecorator object at 0x7f997163d3d0>)
[0.670s] Level 1:colcon.colcon_core.package_discovery:discover_packages(colcon_meta) check parameters
[0.696s] Level 1:colcon.colcon_core.package_discovery:discover_packages(recursive) check parameters
[0.697s] Level 1:colcon.colcon_core.package_discovery:discover_packages(ignore) check parameters
[0.697s] Level 1:colcon.colcon_core.package_discovery:discover_packages(path) check parameters
[0.697s] Level 1:colcon.colcon_core.package_discovery:discover_packages(colcon_meta) discover
[0.697s] Level 1:colcon.colcon_core.package_discovery:discover_packages(recursive) discover
[0.697s] INFO:colcon.colcon_core.package_discovery:Crawling recursively for packages in '/home/jaime/Desktop/f1tenth/sim_ws'
[0.699s] Level 1:colcon.colcon_core.package_identification:_identify(.) by extensions ['ignore', 'ignore_ament_install']
[0.699s] Level 1:colcon.colcon_core.package_identification:_identify(.) by extension 'ignore'
[0.700s] Level 1:colcon.colcon_core.package_identification:_identify(.) by extension 'ignore_ament_install'
[0.700s] Level 1:colcon.colcon_core.package_identification:_identify(.) by extensions ['colcon_pkg']
[0.700s] Level 1:colcon.colcon_core.package_identification:_identify(.) by extension 'colcon_pkg'
[0.700s] Level 1:colcon.colcon_core.package_identification:_identify(.) by extensions ['colcon_meta']
[0.700s] Level 1:colcon.colcon_core.package_identification:_identify(.) by extension 'colcon_meta'
[0.700s] Level 1:colcon.colcon_core.package_identification:_identify(.) by extensions ['ros']
[0.700s] Level 1:colcon.colcon_core.package_identification:_identify(.) by extension 'ros'
[0.735s] Level 1:colcon.colcon_core.package_identification:_identify(.) by extensions ['cmake', 'python']
[0.745s] Level 1:colcon.colcon_core.package_identification:_identify(.) by extension 'cmake'
[0.752s] Level 1:colcon.colcon_core.package_identification:_identify(.) by extension 'python'
[0.752s] Level 1:colcon.colcon_core.package_identification:_identify(.) by extensions ['python_setup_py']
[0.752s] Level 1:colcon.colcon_core.package_identification:_identify(.) by extension 'python_setup_py'
[0.752s] Level 1:colcon.colcon_core.package_identification:_identify(build) by extensions ['ignore', 'ignore_ament_install']
[0.752s] Level 1:colcon.colcon_core.package_identification:_identify(build) by extension 'ignore'
[0.752s] Level 1:colcon.colcon_core.package_identification:_identify(build) ignored
[0.753s] Level 1:colcon.colcon_core.package_identification:_identify(install) by extensions ['ignore', 'ignore_ament_install']
[0.753s] Level 1:colcon.colcon_core.package_identification:_identify(install) by extension 'ignore'
[0.753s] Level 1:colcon.colcon_core.package_identification:_identify(install) ignored
[0.753s] Level 1:colcon.colcon_core.package_identification:_identify(log) by extensions ['ignore', 'ignore_ament_install']
[0.753s] Level 1:colcon.colcon_core.package_identification:_identify(log) by extension 'ignore'
[0.754s] Level 1:colcon.colcon_core.package_identification:_identify(log) ignored
[0.754s] Level 1:colcon.colcon_core.package_identification:_identify(src) by extensions ['ignore', 'ignore_ament_install']
[0.754s] Level 1:colcon.colcon_core.package_identification:_identify(src) by extension 'ignore'
[0.754s] Level 1:colcon.colcon_core.package_identification:_identify(src) by extension 'ignore_ament_install'
[0.754s] Level 1:colcon.colcon_core.package_identification:_identify(src) by extensions ['colcon_pkg']
[0.754s] Level 1:colcon.colcon_core.package_identification:_identify(src) by extension 'colcon_pkg'
[0.754s] Level 1:colcon.colcon_core.package_identification:_identify(src) by extensions ['colcon_meta']
[0.754s] Level 1:colcon.colcon_core.package_identification:_identify(src) by extension 'colcon_meta'
[0.754s] Level 1:colcon.colcon_core.package_identification:_identify(src) by extensions ['ros']
[0.754s] Level 1:colcon.colcon_core.package_identification:_identify(src) by extension 'ros'
[0.755s] Level 1:colcon.colcon_core.package_identification:_identify(src) by extensions ['cmake', 'python']
[0.755s] Level 1:colcon.colcon_core.package_identification:_identify(src) by extension 'cmake'
[0.755s] Level 1:colcon.colcon_core.package_identification:_identify(src) by extension 'python'
[0.755s] Level 1:colcon.colcon_core.package_identification:_identify(src) by extensions ['python_setup_py']
[0.755s] Level 1:colcon.colcon_core.package_identification:_identify(src) by extension 'python_setup_py'
[0.755s] Level 1:colcon.colcon_core.package_identification:_identify(src/f1tenth_gym_ros) by extensions ['ignore', 'ignore_ament_install']
[0.755s] Level 1:colcon.colcon_core.package_identification:_identify(src/f1tenth_gym_ros) by extension 'ignore'
[0.756s] Level 1:colcon.colcon_core.package_identification:_identify(src/f1tenth_gym_ros) by extension 'ignore_ament_install'
[0.756s] Level 1:colcon.colcon_core.package_identification:_identify(src/f1tenth_gym_ros) by extensions ['colcon_pkg']
[0.756s] Level 1:colcon.colcon_core.package_identification:_identify(src/f1tenth_gym_ros) by extension 'colcon_pkg'
[0.756s] Level 1:colcon.colcon_core.package_identification:_identify(src/f1tenth_gym_ros) by extensions ['colcon_meta']
[0.756s] Level 1:colcon.colcon_core.package_identification:_identify(src/f1tenth_gym_ros) by extension 'colcon_meta'
[0.756s] Level 1:colcon.colcon_core.package_identification:_identify(src/f1tenth_gym_ros) by extensions ['ros']
[0.756s] Level 1:colcon.colcon_core.package_identification:_identify(src/f1tenth_gym_ros) by extension 'ros'
[0.761s] DEBUG:colcon.colcon_core.package_identification:Package 'src/f1tenth_gym_ros' with type 'ros.ament_python' and name 'f1tenth_gym_ros'
[0.776s] Level 1:colcon.colcon_core.package_identification:_identify(src/reactive_follower_pkg) by extensions ['ignore', 'ignore_ament_install']
[0.776s] Level 1:colcon.colcon_core.package_identification:_identify(src/reactive_follower_pkg) by extension 'ignore'
[0.776s] Level 1:colcon.colcon_core.package_identification:_identify(src/reactive_follower_pkg) by extension 'ignore_ament_install'
[0.777s] Level 1:colcon.colcon_core.package_identification:_identify(src/reactive_follower_pkg) by extensions ['colcon_pkg']
[0.777s] Level 1:colcon.colcon_core.package_identification:_identify(src/reactive_follower_pkg) by extension 'colcon_pkg'
[0.777s] Level 1:colcon.colcon_core.package_identification:_identify(src/reactive_follower_pkg) by extensions ['colcon_meta']
[0.777s] Level 1:colcon.colcon_core.package_identification:_identify(src/reactive_follower_pkg) by extension 'colcon_meta'
[0.777s] Level 1:colcon.colcon_core.package_identification:_identify(src/reactive_follower_pkg) by extensions ['ros']
[0.777s] Level 1:colcon.colcon_core.package_identification:_identify(src/reactive_follower_pkg) by extension 'ros'
[0.779s] DEBUG:colcon.colcon_core.package_identification:Package 'src/reactive_follower_pkg' with type 'ros.ament_cmake' and name 'reactive_follower_pkg'
[0.785s] Level 1:colcon.colcon_core.package_discovery:discover_packages(recursive) using defaults
[0.785s] Level 1:colcon.colcon_core.package_discovery:discover_packages(ignore) discover
[0.785s] Level 1:colcon.colcon_core.package_discovery:discover_packages(ignore) using defaults
[0.785s] Level 1:colcon.colcon_core.package_discovery:discover_packages(path) discover
[0.785s] Level 1:colcon.colcon_core.package_discovery:discover_packages(path) using defaults
[0.841s] Level 1:colcon.colcon_core.package_discovery:discover_packages(prefix_path) check parameters
[0.852s] Level 1:colcon.colcon_core.package_discovery:discover_packages(prefix_path) discover
[0.855s] DEBUG:colcon.colcon_installed_package_information.package_discovery:Found 2 installed packages in /home/jaime/Desktop/f1tenth/sim_ws/install
[0.870s] DEBUG:colcon.colcon_installed_package_information.package_discovery:Found 289 installed packages in /opt/ros/foxy
[0.914s] Level 1:colcon.colcon_core.package_discovery:discover_packages(prefix_path) using defaults
[1.136s] Level 5:colcon.colcon_core.verb:set package 'f1tenth_gym_ros' build argument 'cmake_args' from command line to 'None'
[1.196s] Level 5:colcon.colcon_core.verb:set package 'f1tenth_gym_ros' build argument 'cmake_target' from command line to 'None'
[1.197s] Level 5:colcon.colcon_core.verb:set package 'f1tenth_gym_ros' build argument 'cmake_target_skip_unavailable' from command line to 'False'
[1.197s] Level 5:colcon.colcon_core.verb:set package 'f1tenth_gym_ros' build argument 'cmake_clean_cache' from command line to 'False'
[1.197s] Level 5:colcon.colcon_core.verb:set package 'f1tenth_gym_ros' build argument 'cmake_clean_first' from command line to 'False'
[1.197s] Level 5:colcon.colcon_core.verb:set package 'f1tenth_gym_ros' build argument 'cmake_force_configure' from command line to 'False'
[1.197s] Level 5:colcon.colcon_core.verb:set package 'f1tenth_gym_ros' build argument 'ament_cmake_args' from command line to 'None'
[1.197s] Level 5:colcon.colcon_core.verb:set package 'f1tenth_gym_ros' build argument 'catkin_cmake_args' from command line to 'None'
[1.197s] Level 5:colcon.colcon_core.verb:set package 'f1tenth_gym_ros' build argument 'catkin_skip_building_tests' from command line to 'False'
[1.197s] DEBUG:colcon.colcon_core.verb:Building package 'f1tenth_gym_ros' with the following arguments: {'ament_cmake_args': None, 'build_base': '/home/jaime/Desktop/f1tenth/sim_ws/build/f1tenth_gym_ros', 'catkin_cmake_args': None, 'catkin_skip_building_tests': False, 'cmake_args': None, 'cmake_clean_cache': False, 'cmake_clean_first': False, 'cmake_force_configure': False, 'cmake_target': None, 'cmake_target_skip_unavailable': False, 'install_base': '/home/jaime/Desktop/f1tenth/sim_ws/install/f1tenth_gym_ros', 'merge_install': False, 'path': '/home/jaime/Desktop/f1tenth/sim_ws/src/f1tenth_gym_ros', 'symlink_install': False, 'test_result_base': None}
[1.206s] Level 5:colcon.colcon_core.verb:set package 'reactive_follower_pkg' build argument 'cmake_args' from command line to 'None'
[1.206s] Level 5:colcon.colcon_core.verb:set package 'reactive_follower_pkg' build argument 'cmake_target' from command line to 'None'
[1.206s] Level 5:colcon.colcon_core.verb:set package 'reactive_follower_pkg' build argument 'cmake_target_skip_unavailable' from command line to 'False'
[1.206s] Level 5:colcon.colcon_core.verb:set package 'reactive_follower_pkg' build argument 'cmake_clean_cache' from command line to 'False'
[1.206s] Level 5:colcon.colcon_core.verb:set package 'reactive_follower_pkg' build argument 'cmake_clean_first' from command line to 'False'
[1.206s] Level 5:colcon.colcon_core.verb:set package 'reactive_follower_pkg' build argument 'cmake_force_configure' from command line to 'False'
[1.206s] Level 5:colcon.colcon_core.verb:set package 'reactive_follower_pkg' build argument 'ament_cmake_args' from command line to 'None'
[1.206s] Level 5:colcon.colcon_core.verb:set package 'reactive_follower_pkg' build argument 'catkin_cmake_args' from command line to 'None'
[1.206s] Level 5:colcon.colcon_core.verb:set package 'reactive_follower_pkg' build argument 'catkin_skip_building_tests' from command line to 'False'
[1.206s] DEBUG:colcon.colcon_core.verb:Building package 'reactive_follower_pkg' with the following arguments: {'ament_cmake_args': None, 'build_base': '/home/jaime/Desktop/f1tenth/sim_ws/build/reactive_follower_pkg', 'catkin_cmake_args': None, 'catkin_skip_building_tests': False, 'cmake_args': None, 'cmake_clean_cache': False, 'cmake_clean_first': False, 'cmake_force_configure': False, 'cmake_target': None, 'cmake_target_skip_unavailable': False, 'install_base': '/home/jaime/Desktop/f1tenth/sim_ws/install/reactive_follower_pkg', 'merge_install': False, 'path': '/home/jaime/Desktop/f1tenth/sim_ws/src/reactive_follower_pkg', 'symlink_install': False, 'test_result_base': None}
[1.207s] INFO:colcon.colcon_core.executor:Executing jobs using 'parallel' executor
[1.227s] DEBUG:colcon.colcon_parallel_executor.executor.parallel:run_until_complete
[1.229s] INFO:colcon.colcon_ros.task.ament_python.build:Building ROS package in '/home/jaime/Desktop/f1tenth/sim_ws/src/f1tenth_gym_ros' with build type 'ament_python'
[1.230s] Level 1:colcon.colcon_core.shell:create_environment_hook('f1tenth_gym_ros', 'ament_prefix_path')
[1.232s] INFO:colcon.colcon_core.plugin_system:Skipping extension 'colcon_core.shell.bat': Not used on non-Windows systems
[1.232s] INFO:colcon.colcon_core.shell:Creating environment hook '/home/jaime/Desktop/f1tenth/sim_ws/install/f1tenth_gym_ros/share/f1tenth_gym_ros/hook/ament_prefix_path.ps1'
[1.235s] INFO:colcon.colcon_core.shell:Creating environment descriptor '/home/jaime/Desktop/f1tenth/sim_ws/install/f1tenth_gym_ros/share/f1tenth_gym_ros/hook/ament_prefix_path.dsv'
[1.237s] INFO:colcon.colcon_core.shell:Creating environment hook '/home/jaime/Desktop/f1tenth/sim_ws/install/f1tenth_gym_ros/share/f1tenth_gym_ros/hook/ament_prefix_path.sh'
[1.238s] INFO:colcon.colcon_core.shell:Skip shell extension 'powershell' for command environment: Not usable outside of PowerShell
[1.239s] DEBUG:colcon.colcon_core.shell:Skip shell extension 'dsv' for command environment
[1.304s] INFO:colcon.colcon_ros.task.ament_cmake.build:Building ROS package in '/home/jaime/Desktop/f1tenth/sim_ws/src/reactive_follower_pkg' with build type 'ament_cmake'
[1.304s] INFO:colcon.colcon_cmake.task.cmake.build:Building CMake package in '/home/jaime/Desktop/f1tenth/sim_ws/src/reactive_follower_pkg'
[1.305s] INFO:colcon.colcon_core.shell:Skip shell extension 'powershell' for command environment: Not usable outside of PowerShell
[1.305s] DEBUG:colcon.colcon_core.shell:Skip shell extension 'dsv' for command environment
[1.870s] INFO:colcon.colcon_core.task.python.build:Building Python package in '/home/jaime/Desktop/f1tenth/sim_ws/src/f1tenth_gym_ros'
[1.871s] INFO:colcon.colcon_core.shell:Skip shell extension 'powershell' for command environment: Not usable outside of PowerShell
[1.871s] DEBUG:colcon.colcon_core.shell:Skip shell extension 'dsv' for command environment
[1.919s] DEBUG:colcon.colcon_core.event_handler.log_command:Invoking command in '/home/jaime/Desktop/f1tenth/sim_ws/build/reactive_follower_pkg': CMAKE_PREFIX_PATH=${CMAKE_PREFIX_PATH}:/home/jaime/Desktop/f1tenth/sim_ws/install/f1tenth_gym_ros:/opt/ros/foxy /usr/bin/cmake --build /home/jaime/Desktop/f1tenth/sim_ws/build/reactive_follower_pkg -- -j2 -l2
[3.446s] DEBUG:colcon.colcon_core.event_handler.log_command:Invoking command in '/home/jaime/Desktop/f1tenth/sim_ws/src/f1tenth_gym_ros': PYTHONPATH=/home/jaime/Desktop/f1tenth/sim_ws/build/f1tenth_gym_ros/prefix_override:/usr/lib/python3/dist-packages/colcon_core/task/python/colcon_distutils_commands:/home/jaime/Desktop/f1tenth/sim_ws/install/f1tenth_gym_ros/lib/python3.8/site-packages:${PYTHONPATH} /usr/bin/python3 -W ignore:setup.py install is deprecated -W ignore:easy_install command is deprecated setup.py egg_info --egg-base ../../build/f1tenth_gym_ros build --build-base /home/jaime/Desktop/f1tenth/sim_ws/build/f1tenth_gym_ros/build install --record /home/jaime/Desktop/f1tenth/sim_ws/build/f1tenth_gym_ros/install.log --single-version-externally-managed install_data
[6.026s] Level 1:colcon.colcon_core.environment:checking '/home/jaime/Desktop/f1tenth/sim_ws/install/f1tenth_gym_ros' for CMake module files
[6.032s] DEBUG:colcon.colcon_core.event_handler.log_command:Invoked command in '/home/jaime/Desktop/f1tenth/sim_ws/src/f1tenth_gym_ros' returned '0': PYTHONPATH=/home/jaime/Desktop/f1tenth/sim_ws/build/f1tenth_gym_ros/prefix_override:/usr/lib/python3/dist-packages/colcon_core/task/python/colcon_distutils_commands:/home/jaime/Desktop/f1tenth/sim_ws/install/f1tenth_gym_ros/lib/python3.8/site-packages:${PYTHONPATH} /usr/bin/python3 -W ignore:setup.py install is deprecated -W ignore:easy_install command is deprecated setup.py egg_info --egg-base ../../build/f1tenth_gym_ros build --build-base /home/jaime/Desktop/f1tenth/sim_ws/build/f1tenth_gym_ros/build install --record /home/jaime/Desktop/f1tenth/sim_ws/build/f1tenth_gym_ros/install.log --single-version-externally-managed install_data
[6.033s] Level 1:colcon.colcon_core.environment:checking '/home/jaime/Desktop/f1tenth/sim_ws/install/f1tenth_gym_ros' for CMake config files
[6.034s] Level 1:colcon.colcon_core.environment:checking '/home/jaime/Desktop/f1tenth/sim_ws/install/f1tenth_gym_ros/lib'
[6.034s] Level 1:colcon.colcon_core.environment:checking '/home/jaime/Desktop/f1tenth/sim_ws/install/f1tenth_gym_ros/bin'
[6.034s] Level 1:colcon.colcon_core.environment:checking '/home/jaime/Desktop/f1tenth/sim_ws/install/f1tenth_gym_ros/lib/pkgconfig/f1tenth_gym_ros.pc'
[6.035s] Level 1:colcon.colcon_core.environment:checking '/home/jaime/Desktop/f1tenth/sim_ws/install/f1tenth_gym_ros/lib/python3.8/site-packages'
[6.035s] Level 1:colcon.colcon_core.shell:create_environment_hook('f1tenth_gym_ros', 'pythonpath')
[6.035s] INFO:colcon.colcon_core.shell:Creating environment hook '/home/jaime/Desktop/f1tenth/sim_ws/install/f1tenth_gym_ros/share/f1tenth_gym_ros/hook/pythonpath.ps1'
[6.048s] INFO:colcon.colcon_core.shell:Creating environment descriptor '/home/jaime/Desktop/f1tenth/sim_ws/install/f1tenth_gym_ros/share/f1tenth_gym_ros/hook/pythonpath.dsv'
[6.050s] INFO:colcon.colcon_core.shell:Creating environment hook '/home/jaime/Desktop/f1tenth/sim_ws/install/f1tenth_gym_ros/share/f1tenth_gym_ros/hook/pythonpath.sh'
[6.053s] Level 1:colcon.colcon_core.environment:checking '/home/jaime/Desktop/f1tenth/sim_ws/install/f1tenth_gym_ros/bin'
[6.053s] Level 1:colcon.colcon_core.environment:create_environment_scripts_only(f1tenth_gym_ros)
[6.053s] INFO:colcon.colcon_core.shell:Creating package script '/home/jaime/Desktop/f1tenth/sim_ws/install/f1tenth_gym_ros/share/f1tenth_gym_ros/package.ps1'
[6.065s] INFO:colcon.colcon_core.shell:Creating package descriptor '/home/jaime/Desktop/f1tenth/sim_ws/install/f1tenth_gym_ros/share/f1tenth_gym_ros/package.dsv'
[6.077s] INFO:colcon.colcon_core.shell:Creating package script '/home/jaime/Desktop/f1tenth/sim_ws/install/f1tenth_gym_ros/share/f1tenth_gym_ros/package.sh'
[6.090s] INFO:colcon.colcon_core.shell:Creating package script '/home/jaime/Desktop/f1tenth/sim_ws/install/f1tenth_gym_ros/share/f1tenth_gym_ros/package.bash'
[6.105s] INFO:colcon.colcon_core.shell:Creating package script '/home/jaime/Desktop/f1tenth/sim_ws/install/f1tenth_gym_ros/share/f1tenth_gym_ros/package.zsh'
[6.122s] Level 1:colcon.colcon_core.environment:create_file_with_runtime_dependencies(/home/jaime/Desktop/f1tenth/sim_ws/install/f1tenth_gym_ros/share/colcon-core/packages/f1tenth_gym_ros)
[16.186s] DEBUG:colcon.colcon_core.event_handler.log_command:Invoked command in '/home/jaime/Desktop/f1tenth/sim_ws/build/reactive_follower_pkg' returned '0': CMAKE_PREFIX_PATH=${CMAKE_PREFIX_PATH}:/home/jaime/Desktop/f1tenth/sim_ws/install/f1tenth_gym_ros:/opt/ros/foxy /usr/bin/cmake --build /home/jaime/Desktop/f1tenth/sim_ws/build/reactive_follower_pkg -- -j2 -l2
[16.257s] DEBUG:colcon.colcon_core.event_handler.log_command:Invoking command in '/home/jaime/Desktop/f1tenth/sim_ws/build/reactive_follower_pkg': CMAKE_PREFIX_PATH=${CMAKE_PREFIX_PATH}:/home/jaime/Desktop/f1tenth/sim_ws/install/f1tenth_gym_ros:/opt/ros/foxy /usr/bin/cmake --install /home/jaime/Desktop/f1tenth/sim_ws/build/reactive_follower_pkg
[16.288s] Level 1:colcon.colcon_core.environment:create_environment_scripts_only(reactive_follower_pkg)
[16.289s] Level 1:colcon.colcon_core.environment:checking '/home/jaime/Desktop/f1tenth/sim_ws/install/reactive_follower_pkg' for CMake module files
[16.293s] Level 1:colcon.colcon_core.environment:checking '/home/jaime/Desktop/f1tenth/sim_ws/install/reactive_follower_pkg' for CMake config files
[16.293s] Level 1:colcon.colcon_core.shell:create_environment_hook('reactive_follower_pkg', 'cmake_prefix_path')
[16.293s] INFO:colcon.colcon_core.shell:Creating environment hook '/home/jaime/Desktop/f1tenth/sim_ws/install/reactive_follower_pkg/share/reactive_follower_pkg/hook/cmake_prefix_path.ps1'
[16.295s] INFO:colcon.colcon_core.shell:Creating environment descriptor '/home/jaime/Desktop/f1tenth/sim_ws/install/reactive_follower_pkg/share/reactive_follower_pkg/hook/cmake_prefix_path.dsv'
[16.296s] INFO:colcon.colcon_core.shell:Creating environment hook '/home/jaime/Desktop/f1tenth/sim_ws/install/reactive_follower_pkg/share/reactive_follower_pkg/hook/cmake_prefix_path.sh'
[16.307s] Level 1:colcon.colcon_core.environment:checking '/home/jaime/Desktop/f1tenth/sim_ws/install/reactive_follower_pkg/lib'
[16.307s] Level 1:colcon.colcon_core.environment:checking '/home/jaime/Desktop/f1tenth/sim_ws/install/reactive_follower_pkg/bin'
[16.308s] DEBUG:colcon.colcon_core.event_handler.log_command:Invoked command in '/home/jaime/Desktop/f1tenth/sim_ws/build/reactive_follower_pkg' returned '0': CMAKE_PREFIX_PATH=${CMAKE_PREFIX_PATH}:/home/jaime/Desktop/f1tenth/sim_ws/install/f1tenth_gym_ros:/opt/ros/foxy /usr/bin/cmake --install /home/jaime/Desktop/f1tenth/sim_ws/build/reactive_follower_pkg
[16.309s] Level 1:colcon.colcon_core.environment:checking '/home/jaime/Desktop/f1tenth/sim_ws/install/reactive_follower_pkg/lib/pkgconfig/reactive_follower_pkg.pc'
[16.310s] Level 1:colcon.colcon_core.environment:checking '/home/jaime/Desktop/f1tenth/sim_ws/install/reactive_follower_pkg/lib/python3.8/site-packages'
[16.311s] Level 1:colcon.colcon_core.environment:checking '/home/jaime/Desktop/f1tenth/sim_ws/install/reactive_follower_pkg/bin'
[16.311s] INFO:colcon.colcon_core.shell:Creating package script '/home/jaime/Desktop/f1tenth/sim_ws/install/reactive_follower_pkg/share/reactive_follower_pkg/package.ps1'
[16.316s] INFO:colcon.colcon_core.shell:Creating package descriptor '/home/jaime/Desktop/f1tenth/sim_ws/install/reactive_follower_pkg/share/reactive_follower_pkg/package.dsv'
[16.324s] INFO:colcon.colcon_core.shell:Creating package script '/home/jaime/Desktop/f1tenth/sim_ws/install/reactive_follower_pkg/share/reactive_follower_pkg/package.sh'
[16.334s] INFO:colcon.colcon_core.shell:Creating package script '/home/jaime/Desktop/f1tenth/sim_ws/install/reactive_follower_pkg/share/reactive_follower_pkg/package.bash'
[16.336s] INFO:colcon.colcon_core.shell:Creating package script '/home/jaime/Desktop/f1tenth/sim_ws/install/reactive_follower_pkg/share/reactive_follower_pkg/package.zsh'
[16.339s] Level 1:colcon.colcon_core.environment:create_file_with_runtime_dependencies(/home/jaime/Desktop/f1tenth/sim_ws/install/reactive_follower_pkg/share/colcon-core/packages/reactive_follower_pkg)
[16.342s] Level 1:colcon.colcon_core.environment:create_environment_scripts_only(reactive_follower_pkg)
[16.342s] Level 1:colcon.colcon_core.environment:checking '/home/jaime/Desktop/f1tenth/sim_ws/install/reactive_follower_pkg' for CMake module files
[16.343s] Level 1:colcon.colcon_core.environment:checking '/home/jaime/Desktop/f1tenth/sim_ws/install/reactive_follower_pkg' for CMake config files
[16.344s] Level 1:colcon.colcon_core.shell:create_environment_hook('reactive_follower_pkg', 'cmake_prefix_path')
[16.344s] INFO:colcon.colcon_core.shell:Creating environment hook '/home/jaime/Desktop/f1tenth/sim_ws/install/reactive_follower_pkg/share/reactive_follower_pkg/hook/cmake_prefix_path.ps1'
[16.346s] INFO:colcon.colcon_core.shell:Creating environment descriptor '/home/jaime/Desktop/f1tenth/sim_ws/install/reactive_follower_pkg/share/reactive_follower_pkg/hook/cmake_prefix_path.dsv'
[16.357s] INFO:colcon.colcon_core.shell:Creating environment hook '/home/jaime/Desktop/f1tenth/sim_ws/install/reactive_follower_pkg/share/reactive_follower_pkg/hook/cmake_prefix_path.sh'
[16.369s] Level 1:colcon.colcon_core.environment:checking '/home/jaime/Desktop/f1tenth/sim_ws/install/reactive_follower_pkg/lib'
[16.369s] Level 1:colcon.colcon_core.environment:checking '/home/jaime/Desktop/f1tenth/sim_ws/install/reactive_follower_pkg/bin'
[16.370s] Level 1:colcon.colcon_core.environment:checking '/home/jaime/Desktop/f1tenth/sim_ws/install/reactive_follower_pkg/lib/pkgconfig/reactive_follower_pkg.pc'
[16.370s] Level 1:colcon.colcon_core.environment:checking '/home/jaime/Desktop/f1tenth/sim_ws/install/reactive_follower_pkg/lib/python3.8/site-packages'
[16.371s] Level 1:colcon.colcon_core.environment:checking '/home/jaime/Desktop/f1tenth/sim_ws/install/reactive_follower_pkg/bin'
[16.372s] INFO:colcon.colcon_core.shell:Creating package script '/home/jaime/Desktop/f1tenth/sim_ws/install/reactive_follower_pkg/share/reactive_follower_pkg/package.ps1'
[16.374s] INFO:colcon.colcon_core.shell:Creating package descriptor '/home/jaime/Desktop/f1tenth/sim_ws/install/reactive_follower_pkg/share/reactive_follower_pkg/package.dsv'
[16.376s] INFO:colcon.colcon_core.shell:Creating package script '/home/jaime/Desktop/f1tenth/sim_ws/install/reactive_follower_pkg/share/reactive_follower_pkg/package.sh'
[16.390s] INFO:colcon.colcon_core.shell:Creating package script '/home/jaime/Desktop/f1tenth/sim_ws/install/reactive_follower_pkg/share/reactive_follower_pkg/package.bash'
[16.393s] INFO:colcon.colcon_core.shell:Creating package script '/home/jaime/Desktop/f1tenth/sim_ws/install/reactive_follower_pkg/share/reactive_follower_pkg/package.zsh'
[16.394s] Level 1:colcon.colcon_core.environment:create_file_with_runtime_dependencies(/home/jaime/Desktop/f1tenth/sim_ws/install/reactive_follower_pkg/share/colcon-core/packages/reactive_follower_pkg)
[16.399s] DEBUG:colcon.colcon_parallel_executor.executor.parallel:closing loop
[16.400s] DEBUG:colcon.colcon_parallel_executor.executor.parallel:loop closed
[16.409s] DEBUG:colcon.colcon_parallel_executor.executor.parallel:run_until_complete finished with '0'
[16.409s] DEBUG:colcon.colcon_core.event_reactor:joining thread
[16.427s] INFO:colcon.colcon_core.plugin_system:Skipping extension 'colcon_notification.desktop_notification.terminal_notifier': Not used on non-Darwin systems
[16.427s] INFO:colcon.colcon_core.plugin_system:Skipping extension 'colcon_notification.desktop_notification.win32': Not used on non-Windows systems
[16.427s] INFO:colcon.colcon_notification.desktop_notification:Sending desktop notification using 'notify2'
[16.526s] DEBUG:colcon.colcon_core.event_reactor:joined thread
[16.526s] INFO:colcon.colcon_core.shell:Creating prefix script '/home/jaime/Desktop/f1tenth/sim_ws/install/local_setup.ps1'
[16.529s] INFO:colcon.colcon_core.shell:Creating prefix util module '/home/jaime/Desktop/f1tenth/sim_ws/install/_local_setup_util_ps1.py'
[16.538s] INFO:colcon.colcon_core.shell:Creating prefix chain script '/home/jaime/Desktop/f1tenth/sim_ws/install/setup.ps1'
[16.549s] INFO:colcon.colcon_core.shell:Creating prefix script '/home/jaime/Desktop/f1tenth/sim_ws/install/local_setup.sh'
[16.557s] INFO:colcon.colcon_core.shell:Creating prefix util module '/home/jaime/Desktop/f1tenth/sim_ws/install/_local_setup_util_sh.py'
[16.568s] INFO:colcon.colcon_core.shell:Creating prefix chain script '/home/jaime/Desktop/f1tenth/sim_ws/install/setup.sh'
[16.590s] INFO:colcon.colcon_core.shell:Creating prefix script '/home/jaime/Desktop/f1tenth/sim_ws/install/local_setup.bash'
[16.596s] INFO:colcon.colcon_core.shell:Creating prefix chain script '/home/jaime/Desktop/f1tenth/sim_ws/install/setup.bash'
[16.611s] INFO:colcon.colcon_core.shell:Creating prefix script '/home/jaime/Desktop/f1tenth/sim_ws/install/local_setup.zsh'
[16.616s] INFO:colcon.colcon_core.shell:Creating prefix chain script '/home/jaime/Desktop/f1tenth/sim_ws/install/setup.zsh'
