[0.038s] Invoking command in '/home/jaime/Desktop/f1tenth/sim_ws/build/reactive_follower_pkg': CMAKE_PREFIX_PATH=${CMAKE_PREFIX_PATH}:/home/jaime/Desktop/f1tenth/sim_ws/install/f1tenth_gym_ros:/opt/ros/foxy /usr/bin/cmake --build /home/jaime/Desktop/f1tenth/sim_ws/build/reactive_follower_pkg -- -j2 -l2
[0.243s] [35m[1mScanning dependencies of target reactive_follower_node[0m
[0.564s] [ 33%] [32mBuilding CXX object CMakeFiles/reactive_follower_node.dir/src/reactive_follower_node.cpp.o[0m
[15.609s] [ 66%] [32m[1mLinking CXX executable reactive_follower_node[0m
[16.255s] [100%] Built target reactive_follower_node
[16.343s] Invoked command in '/home/jaime/Desktop/f1tenth/sim_ws/build/reactive_follower_pkg' returned '0': CMAKE_PREFIX_PATH=${CMAKE_PREFIX_PATH}:/home/jaime/Desktop/f1tenth/sim_ws/install/f1tenth_gym_ros:/opt/ros/foxy /usr/bin/cmake --build /home/jaime/Desktop/f1tenth/sim_ws/build/reactive_follower_pkg -- -j2 -l2
[16.375s] Invoking command in '/home/jaime/Desktop/f1tenth/sim_ws/build/reactive_follower_pkg': CMAKE_PREFIX_PATH=${CMAKE_PREFIX_PATH}:/home/jaime/Desktop/f1tenth/sim_ws/install/f1tenth_gym_ros:/opt/ros/foxy /usr/bin/cmake --install /home/jaime/Desktop/f1tenth/sim_ws/build/reactive_follower_pkg
[16.398s] -- Install configuration: ""
[16.398s] -- Installing: /home/jaime/Desktop/f1tenth/sim_ws/install/reactive_follower_pkg/lib/reactive_follower_pkg/reactive_follower_node
[16.420s] -- Set runtime path of "/home/jaime/Desktop/f1tenth/sim_ws/install/reactive_follower_pkg/lib/reactive_follower_pkg/reactive_follower_node" to ""
[16.421s] -- Up-to-date: /home/jaime/Desktop/f1tenth/sim_ws/install/reactive_follower_pkg/include/reactive_follower_pkg
[16.422s] -- Up-to-date: /home/jaime/Desktop/f1tenth/sim_ws/install/reactive_follower_pkg/include/reactive_follower_pkg/reactive_follower_pkg
[16.423s] -- Up-to-date: /home/jaime/Desktop/f1tenth/sim_ws/install/reactive_follower_pkg/include/reactive_follower_pkg/reactive_follower_pkg/reactive_follower_node.hpp
[16.426s] -- Up-to-date: /home/jaime/Desktop/f1tenth/sim_ws/install/reactive_follower_pkg/share/reactive_follower_pkg/
[16.426s] -- Up-to-date: /home/jaime/Desktop/f1tenth/sim_ws/install/reactive_follower_pkg/share/reactive_follower_pkg//reactive_follower.launch.py
[16.426s] -- Up-to-date: /home/jaime/Desktop/f1tenth/sim_ws/install/reactive_follower_pkg/share/reactive_follower_pkg/
[16.426s] -- Up-to-date: /home/jaime/Desktop/f1tenth/sim_ws/install/reactive_follower_pkg/share/reactive_follower_pkg//reactive_follower.yaml
[16.426s] -- Up-to-date: /home/jaime/Desktop/f1tenth/sim_ws/install/reactive_follower_pkg/share/ament_index/resource_index/package_run_dependencies/reactive_follower_pkg
[16.429s] -- Up-to-date: /home/jaime/Desktop/f1tenth/sim_ws/install/reactive_follower_pkg/share/ament_index/resource_index/parent_prefix_path/reactive_follower_pkg
[16.429s] -- Up-to-date: /home/jaime/Desktop/f1tenth/sim_ws/install/reactive_follower_pkg/share/reactive_follower_pkg/environment/ament_prefix_path.sh
[16.429s] -- Up-to-date: /home/jaime/Desktop/f1tenth/sim_ws/install/reactive_follower_pkg/share/reactive_follower_pkg/environment/ament_prefix_path.dsv
[16.429s] -- Up-to-date: /home/jaime/Desktop/f1tenth/sim_ws/install/reactive_follower_pkg/share/reactive_follower_pkg/environment/path.sh
[16.429s] -- Up-to-date: /home/jaime/Desktop/f1tenth/sim_ws/install/reactive_follower_pkg/share/reactive_follower_pkg/environment/path.dsv
[16.429s] -- Up-to-date: /home/jaime/Desktop/f1tenth/sim_ws/install/reactive_follower_pkg/share/reactive_follower_pkg/local_setup.bash
[16.429s] -- Up-to-date: /home/jaime/Desktop/f1tenth/sim_ws/install/reactive_follower_pkg/share/reactive_follower_pkg/local_setup.sh
[16.429s] -- Up-to-date: /home/jaime/Desktop/f1tenth/sim_ws/install/reactive_follower_pkg/share/reactive_follower_pkg/local_setup.zsh
[16.429s] -- Up-to-date: /home/jaime/Desktop/f1tenth/sim_ws/install/reactive_follower_pkg/share/reactive_follower_pkg/local_setup.dsv
[16.429s] -- Installing: /home/jaime/Desktop/f1tenth/sim_ws/install/reactive_follower_pkg/share/reactive_follower_pkg/package.dsv
[16.430s] -- Up-to-date: /home/jaime/Desktop/f1tenth/sim_ws/install/reactive_follower_pkg/share/ament_index/resource_index/packages/reactive_follower_pkg
[16.435s] -- Up-to-date: /home/jaime/Desktop/f1tenth/sim_ws/install/reactive_follower_pkg/share/reactive_follower_pkg/cmake/reactive_follower_pkgConfig.cmake
[16.436s] -- Up-to-date: /home/jaime/Desktop/f1tenth/sim_ws/install/reactive_follower_pkg/share/reactive_follower_pkg/cmake/reactive_follower_pkgConfig-version.cmake
[16.436s] -- Up-to-date: /home/jaime/Desktop/f1tenth/sim_ws/install/reactive_follower_pkg/share/reactive_follower_pkg/package.xml
[16.448s] Invoked command in '/home/jaime/Desktop/f1tenth/sim_ws/build/reactive_follower_pkg' returned '0': CMAKE_PREFIX_PATH=${CMAKE_PREFIX_PATH}:/home/jaime/Desktop/f1tenth/sim_ws/install/f1tenth_gym_ros:/opt/ros/foxy /usr/bin/cmake --install /home/jaime/Desktop/f1tenth/sim_ws/build/reactive_follower_pkg
