[0.898s] Invoking command in '/home/jaime/Desktop/sim_ws/src/f1tenth_gym_ros': PYTHONPATH=/home/jaime/Desktop/sim_ws/build/f1tenth_gym_ros/prefix_override:/usr/lib/python3/dist-packages/colcon_core/task/python/colcon_distutils_commands:/home/jaime/Desktop/sim_ws/install/f1tenth_gym_ros/lib/python3.8/site-packages:${PYTHONPATH} /usr/bin/python3 -W ignore:setup.py install is deprecated -W ignore:easy_install command is deprecated setup.py egg_info --egg-base ../../build/f1tenth_gym_ros build --build-base /home/jaime/Desktop/sim_ws/build/f1tenth_gym_ros/build install --record /home/jaime/Desktop/sim_ws/build/f1tenth_gym_ros/install.log --single-version-externally-managed install_data
[1.158s] running egg_info
[1.160s] writing ../../build/f1tenth_gym_ros/f1tenth_gym_ros.egg-info/PKG-INFO
[1.163s] writing dependency_links to ../../build/f1tenth_gym_ros/f1tenth_gym_ros.egg-info/dependency_links.txt
[1.166s] writing entry points to ../../build/f1tenth_gym_ros/f1tenth_gym_ros.egg-info/entry_points.txt
[1.168s] writing requirements to ../../build/f1tenth_gym_ros/f1tenth_gym_ros.egg-info/requires.txt
[1.170s] writing top-level names to ../../build/f1tenth_gym_ros/f1tenth_gym_ros.egg-info/top_level.txt
[1.208s] reading manifest file '../../build/f1tenth_gym_ros/f1tenth_gym_ros.egg-info/SOURCES.txt'
[1.210s] writing manifest file '../../build/f1tenth_gym_ros/f1tenth_gym_ros.egg-info/SOURCES.txt'
[1.210s] running build
[1.211s] running build_py
[1.211s] running install
[1.212s] running install_lib
[1.213s] running install_data
[1.213s] copying config/sim.yaml -> /home/jaime/Desktop/sim_ws/install/f1tenth_gym_ros/share/f1tenth_gym_ros/config
[1.215s] running install_egg_info
[1.217s] removing '/home/jaime/Desktop/sim_ws/install/f1tenth_gym_ros/lib/python3.8/site-packages/f1tenth_gym_ros-0.0.0-py3.8.egg-info' (and everything under it)
[2.191s] Copying ../../build/f1tenth_gym_ros/f1tenth_gym_ros.egg-info to /home/jaime/Desktop/sim_ws/install/f1tenth_gym_ros/lib/python3.8/site-packages/f1tenth_gym_ros-0.0.0-py3.8.egg-info
[2.214s] running install_scripts
[2.264s] Installing gym_bridge script to /home/jaime/Desktop/sim_ws/install/f1tenth_gym_ros/lib/f1tenth_gym_ros
[2.265s] writing list of installed files to '/home/jaime/Desktop/sim_ws/build/f1tenth_gym_ros/install.log'
[2.299s] Invoked command in '/home/jaime/Desktop/sim_ws/src/f1tenth_gym_ros' returned '0': PYTHONPATH=/home/jaime/Desktop/sim_ws/build/f1tenth_gym_ros/prefix_override:/usr/lib/python3/dist-packages/colcon_core/task/python/colcon_distutils_commands:/home/jaime/Desktop/sim_ws/install/f1tenth_gym_ros/lib/python3.8/site-packages:${PYTHONPATH} /usr/bin/python3 -W ignore:setup.py install is deprecated -W ignore:easy_install command is deprecated setup.py egg_info --egg-base ../../build/f1tenth_gym_ros build --build-base /home/jaime/Desktop/sim_ws/build/f1tenth_gym_ros/build install --record /home/jaime/Desktop/sim_ws/build/f1tenth_gym_ros/install.log --single-version-externally-managed install_data
