[1.659s] Invoking command in '/home/jaime/Desktop/f1tenth/sim_ws/build/reactive_follower_pkg': CMAKE_PREFIX_PATH=${CMAKE_PREFIX_PATH}:/home/jaime/Desktop/f1tenth/sim_ws/install/f1tenth_gym_ros:/opt/ros/foxy /usr/bin/cmake --build /home/jaime/Desktop/f1tenth/sim_ws/build/reactive_follower_pkg -- -j2 -l2
[2.040s] [35m[1mScanning dependencies of target reactive_follower_node[0m
[2.295s] [ 33%] [32mBuilding CXX object CMakeFiles/reactive_follower_node.dir/src/reactive_follower_node.cpp.o[0m
[13.892s] [ 66%] [32m[1mLinking CXX executable reactive_follower_node[0m
[14.831s] [100%] Built target reactive_follower_node
[15.457s] Invoked command in '/home/jaime/Desktop/f1tenth/sim_ws/build/reactive_follower_pkg' returned '0': CMAKE_PREFIX_PATH=${CMAKE_PREFIX_PATH}:/home/jaime/Desktop/f1tenth/sim_ws/install/f1tenth_gym_ros:/opt/ros/foxy /usr/bin/cmake --build /home/jaime/Desktop/f1tenth/sim_ws/build/reactive_follower_pkg -- -j2 -l2
[15.538s] Invoking command in '/home/jaime/Desktop/f1tenth/sim_ws/build/reactive_follower_pkg': CMAKE_PREFIX_PATH=${CMAKE_PREFIX_PATH}:/home/jaime/Desktop/f1tenth/sim_ws/install/f1tenth_gym_ros:/opt/ros/foxy /usr/bin/cmake --install /home/jaime/Desktop/f1tenth/sim_ws/build/reactive_follower_pkg
[15.590s] -- Install configuration: ""
[15.591s] -- Installing: /home/jaime/Desktop/f1tenth/sim_ws/install/reactive_follower_pkg/lib/reactive_follower_pkg/reactive_follower_node
[15.608s] -- Set runtime path of "/home/jaime/Desktop/f1tenth/sim_ws/install/reactive_follower_pkg/lib/reactive_follower_pkg/reactive_follower_node" to ""
[15.623s] -- Up-to-date: /home/jaime/Desktop/f1tenth/sim_ws/install/reactive_follower_pkg/include/reactive_follower_pkg
[15.623s] -- Up-to-date: /home/jaime/Desktop/f1tenth/sim_ws/install/reactive_follower_pkg/include/reactive_follower_pkg/reactive_follower_pkg
[15.624s] -- Up-to-date: /home/jaime/Desktop/f1tenth/sim_ws/install/reactive_follower_pkg/include/reactive_follower_pkg/reactive_follower_pkg/reactive_follower_node.hpp
[15.626s] -- Up-to-date: /home/jaime/Desktop/f1tenth/sim_ws/install/reactive_follower_pkg/share/reactive_follower_pkg/
[15.626s] -- Up-to-date: /home/jaime/Desktop/f1tenth/sim_ws/install/reactive_follower_pkg/share/reactive_follower_pkg//reactive_follower.launch.py
[15.626s] -- Up-to-date: /home/jaime/Desktop/f1tenth/sim_ws/install/reactive_follower_pkg/share/reactive_follower_pkg/
[15.627s] -- Up-to-date: /home/jaime/Desktop/f1tenth/sim_ws/install/reactive_follower_pkg/share/reactive_follower_pkg//reactive_follower.yaml
[15.627s] -- Up-to-date: /home/jaime/Desktop/f1tenth/sim_ws/install/reactive_follower_pkg/share/ament_index/resource_index/package_run_dependencies/reactive_follower_pkg
[15.627s] -- Up-to-date: /home/jaime/Desktop/f1tenth/sim_ws/install/reactive_follower_pkg/share/ament_index/resource_index/parent_prefix_path/reactive_follower_pkg
[15.627s] -- Up-to-date: /home/jaime/Desktop/f1tenth/sim_ws/install/reactive_follower_pkg/share/reactive_follower_pkg/environment/ament_prefix_path.sh
[15.627s] -- Up-to-date: /home/jaime/Desktop/f1tenth/sim_ws/install/reactive_follower_pkg/share/reactive_follower_pkg/environment/ament_prefix_path.dsv
[15.627s] -- Up-to-date: /home/jaime/Desktop/f1tenth/sim_ws/install/reactive_follower_pkg/share/reactive_follower_pkg/environment/path.sh
[15.627s] -- Up-to-date: /home/jaime/Desktop/f1tenth/sim_ws/install/reactive_follower_pkg/share/reactive_follower_pkg/environment/path.dsv
[15.628s] -- Up-to-date: /home/jaime/Desktop/f1tenth/sim_ws/install/reactive_follower_pkg/share/reactive_follower_pkg/local_setup.bash
[15.628s] -- Up-to-date: /home/jaime/Desktop/f1tenth/sim_ws/install/reactive_follower_pkg/share/reactive_follower_pkg/local_setup.sh
[15.628s] -- Up-to-date: /home/jaime/Desktop/f1tenth/sim_ws/install/reactive_follower_pkg/share/reactive_follower_pkg/local_setup.zsh
[15.628s] -- Up-to-date: /home/jaime/Desktop/f1tenth/sim_ws/install/reactive_follower_pkg/share/reactive_follower_pkg/local_setup.dsv
[15.628s] -- Installing: /home/jaime/Desktop/f1tenth/sim_ws/install/reactive_follower_pkg/share/reactive_follower_pkg/package.dsv
[15.628s] -- Up-to-date: /home/jaime/Desktop/f1tenth/sim_ws/install/reactive_follower_pkg/share/ament_index/resource_index/packages/reactive_follower_pkg
[15.628s] -- Up-to-date: /home/jaime/Desktop/f1tenth/sim_ws/install/reactive_follower_pkg/share/reactive_follower_pkg/cmake/reactive_follower_pkgConfig.cmake
[15.628s] -- Up-to-date: /home/jaime/Desktop/f1tenth/sim_ws/install/reactive_follower_pkg/share/reactive_follower_pkg/cmake/reactive_follower_pkgConfig-version.cmake
[15.628s] -- Up-to-date: /home/jaime/Desktop/f1tenth/sim_ws/install/reactive_follower_pkg/share/reactive_follower_pkg/package.xml
[15.649s] Invoked command in '/home/jaime/Desktop/f1tenth/sim_ws/build/reactive_follower_pkg' returned '0': CMAKE_PREFIX_PATH=${CMAKE_PREFIX_PATH}:/home/jaime/Desktop/f1tenth/sim_ws/install/f1tenth_gym_ros:/opt/ros/foxy /usr/bin/cmake --install /home/jaime/Desktop/f1tenth/sim_ws/build/reactive_follower_pkg
